all_sources/corbaSimulator/corba/com/adventnet/simulator/corba/idlhdlr/IDLParser.java:package com.adventnet.simulator.corba.idlhdlr;
all_sources/corbaSimulator/corba/com/adventnet/simulator/corba/idlhdlr/IdlObjectHelper.java:package com.adventnet.simulator.corba.idlhdlr;
all_sources/corbaSimulator/corba/com/adventnet/simulator/corba/idlhdlr/InterfaceData.java:package com.adventnet.simulator.corba.idlhdlr;
all_sources/corbaSimulator/corba/com/adventnet/simulator/corba/idlhdlr/ModuleData.java:package com.adventnet.simulator.corba.idlhdlr;
all_sources/corbaSimulator/corba/com/adventnet/simulator/corba/idlhdlr/OperationData.java:package com.adventnet.simulator.corba.idlhdlr;
all_sources/corbaSimulator/corba/com/adventnet/simulator/corba/operation/CompileFiles.java:package com.adventnet.simulator.corba.operation;
all_sources/corbaSimulator/corba/com/adventnet/simulator/corba/operation/CorbaCompiler.java:package com.adventnet.simulator.corba.operation;
all_sources/corbaSimulator/corba/com/adventnet/simulator/corba/operation/CorbaConfigMaker.java:package com.adventnet.simulator.corba.operation;
all_sources/corbaSimulator/corba/com/adventnet/simulator/corba/operation/CorbaExceptionDetails.java:package com.adventnet.simulator.corba.operation;
all_sources/corbaSimulator/corba/com/adventnet/simulator/corba/operation/CorbaImplCreator.java:package com.adventnet.simulator.corba.operation;
all_sources/corbaSimulator/corba/com/adventnet/simulator/corba/operation/CorbaImplCreator.java:        buff.append("package com.adventnet.simulator.corba.operation;");
all_sources/corbaSimulator/corba/com/adventnet/simulator/corba/operation/CorbaImplHelper.java:package com.adventnet.simulator.corba.operation;
all_sources/corbaSimulator/corba/com/adventnet/simulator/corba/operation/CorbaLoadConfiguration.java:package com.adventnet.simulator.corba.operation;
all_sources/corbaSimulator/corba/com/adventnet/simulator/corba/operation/CorbaObjRequestHandler.java:package com.adventnet.simulator.corba.operation;
all_sources/corbaSimulator/corba/com/adventnet/simulator/corba/operation/CorbaObjectHolder.java:package com.adventnet.simulator.corba.operation;
all_sources/corbaSimulator/corba/com/adventnet/simulator/corba/operation/CorbaParamDetails.java:package com.adventnet.simulator.corba.operation;
all_sources/corbaSimulator/corba/com/adventnet/simulator/corba/operation/CorbaRequestHandler.java:package com.adventnet.simulator.corba.operation;
all_sources/corbaSimulator/corba/com/adventnet/simulator/corba/operation/CorbaRequestListener.java:package com.adventnet.simulator.corba.operation;
all_sources/corbaSimulator/corba/com/adventnet/simulator/corba/operation/CorbaResponseDetails.java:package com.adventnet.simulator.corba.operation;
all_sources/corbaSimulator/corba/com/adventnet/simulator/corba/operation/CorbaSimulator.java:package com.adventnet.simulator.corba.operation;
all_sources/corbaSimulator/corba/com/adventnet/simulator/corba/operation/CorbaSimulator.java:        cmd ="com.adventnet.simulator.corba.operation.CorbaCompiler "+idlFileName+" "+idljavaDir+" "+packageName;
all_sources/corbaSimulator/corba/com/adventnet/simulator/corba/operation/CorbaValueSim.java:package com.adventnet.simulator.corba.operation;
all_sources/corbaSimulator/corba/com/adventnet/simulator/corba/operation/CorbaXMLConfigMaker.java:package com.adventnet.simulator.corba.operation;
all_sources/corbaSimulator/corba/com/adventnet/simulator/corba/operation/CorbaXMLReader.java:package com.adventnet.simulator.corba.operation;
all_sources/corbaSimulator/corba/com/adventnet/simulator/corba/operation/CorbaXMLReqHandler.java:package com.adventnet.simulator.corba.operation;
all_sources/corbaSimulator/corba/com/adventnet/simulator/corba/operation/FileDataHelper.java:package com.adventnet.simulator.corba.operation;
all_sources/corbaSimulator/corba/com/adventnet/simulator/corba/operation/FileDataHolder.java:package com.adventnet.simulator.corba.operation;
all_sources/corbaSimulator/corba/com/adventnet/simulator/corba/operation/FileStatusPoller.java:package com.adventnet.simulator.corba.operation;
all_sources/corbaSimulator/corba/com/adventnet/simulator/corba/operation/SimulTypeInfo.java:package com.adventnet.simulator.corba.operation;
all_sources/corbaSimulator/corba/com/adventnet/simulator/corba/ui/ConfigureTableValues.java:package com.adventnet.simulator.corba.ui;
all_sources/corbaSimulator/corba/com/adventnet/simulator/corba/ui/ConfigureValues.java:package com.adventnet.simulator.corba.ui;
all_sources/corbaSimulator/corba/com/adventnet/simulator/corba/ui/CorbaAgentSettings.java:package com.adventnet.simulator.corba.ui;
all_sources/corbaSimulator/corba/com/adventnet/simulator/corba/ui/CorbaMutableTreeNode.java:package com.adventnet.simulator.corba.ui;
all_sources/corbaSimulator/corba/com/adventnet/simulator/corba/ui/CorbaObjUiHandler.java:package com.adventnet.simulator.corba.ui;
all_sources/corbaSimulator/corba/com/adventnet/simulator/corba/ui/CorbaSimulatorFrame.java:package com.adventnet.simulator.corba.ui;
all_sources/corbaSimulator/corba/com/adventnet/simulator/corba/ui/CorbaTree.java:package com.adventnet.simulator.corba.ui;
all_sources/corbaSimulator/corba/com/adventnet/simulator/corba/ui/CorbaXMLUIHandler.java:package com.adventnet.simulator.corba.ui;
all_sources/corbaSimulator/corba/com/adventnet/simulator/corba/ui/LoadIDLFile.java:package com.adventnet.simulator.corba.ui;
all_sources/corbaSimulator/corba/com/adventnet/simulator/corba/ui/NodeIconRenderer.java:package com.adventnet.simulator.corba.ui;
all_sources/corbaSimulator/corba/com/adventnet/simulator/corba/ui/CorbaXMLUIHandler.java:package com.adventnet.simulator.corba.ui;
all_sources/corbaSimulator/corba/com/adventnet/simulator/corba/ui/UIHandler.java:package com.adventnet.simulator.corba.ui;
