all_sources/tl14sp1/tl1_tools/utils/UIUtility.java:package com.adventnet.tl1.tools.utils;
all_sources/tl14sp1/tl1_tools/tl1_tree/source/TL1MessageTree.java:package com.adventnet.tl1.tools.tree;
all_sources/tl14sp1/tl1_tools/tl1_craft_interface_proj/tl1_craft_interface/Source/CIListModel.java:package com.adventnet.tl1.tools.craftinterface;
all_sources/tl14sp1/tl1_tools/tl1_craft_interface_proj/tl1_craft_interface/Source/CIMainScreen.java:package com.adventnet.tl1.tools.craftinterface;
all_sources/tl14sp1/tl1_tools/tl1_craft_interface_proj/tl1_craft_interface/Source/CraftInterfaceForwarder.java:package com.adventnet.tl1.tools.craftinterface;
all_sources/tl14sp1/tl1_tools/tl1_craft_interface_proj/tl1_craft_interface/Source/CraftInterface.java:package com.adventnet.tl1.tools.craftinterface;
all_sources/tl14sp1/tl1_tools/tl1_craft_interface_proj/tl1_craft_interface/Source/CraftInterfaceRequest.java:package com.adventnet.tl1.tools.craftinterface;
all_sources/tl14sp1/tl1_tools/tl1_craft_interface_proj/tl1_craft_interface/Source/CraftInterfaceResponse.java:package com.adventnet.tl1.tools.craftinterface;
all_sources/tl14sp1/tl1_tools/tl1_craft_interface_proj/tl1_craft_interface/Source/LoadDialog.java:package com.adventnet.tl1.tools.craftinterface;
all_sources/tl14sp1/tl1_tools/tl1_craft_interface_proj/tl1_craft_interface/Source/OpenSessionDialog.java:package com.adventnet.tl1.tools.craftinterface;
all_sources/tl14sp1/tl1_tools/tl1_craft_interface_proj/tl1_craft_interface/Source/SessionLogViewer.java:package com.adventnet.tl1.tools.craftinterface;
all_sources/tl14sp1/tl1_tools/tl1_craft_interface_proj/tl1_craft_interface/Source/SessionManager.java:package com.adventnet.tl1.tools.craftinterface;
all_sources/tl14sp1/tl1_tools/tl1_craft_interface_proj/tl1_craft_interface/Source/TL1AppletClientImpl.java:package com.adventnet.tl1.tools.craftinterface;
all_sources/tl14sp1/tl1_tools/tl1_craft_interface_proj/tl1_craft_interface/Source/TL1AppletClientReceiverImpl.java:package com.adventnet.tl1.tools.craftinterface;
all_sources/tl14sp1/tl1_tools/tl1_craft_interface_proj/tl1_craft_interface/Source/TL1AppletSessionManagerImpl.java:package com.adventnet.tl1.tools.craftinterface;
all_sources/tl14sp1/tl1_tools/tl1_craft_interface_proj/tl1_craft_interface/Source/TL1ClientImpl.java:package com.adventnet.tl1.tools.craftinterface;
all_sources/tl14sp1/tl1_tools/tl1_craft_interface_proj/tl1_craft_interface/Source/AppletCIConnection.java:package com.adventnet.tl1.tools.craftinterface;
all_sources/tl14sp1/tl1_tools/tl1_craft_interface_proj/tl1_craft_interface/Source/ApplicationCIConnection.java:package com.adventnet.tl1.tools.craftinterface;
all_sources/tl14sp1/tl1_tools/tl1_craft_interface_proj/tl1_craft_interface/Source/CIClientImpl.java:package com.adventnet.tl1.tools.craftinterface;
all_sources/tl14sp1/tl1_tools/tl1_craft_interface_proj/tl1_craft_interface/Source/CraftInterfaceClient.java:package com.adventnet.tl1.tools.craftinterface;
all_sources/tl14sp1/tl1_tools/tl1_craft_interface_proj/tl1_craft_interface/Source/CraftInterfaceConnection.java:package com.adventnet.tl1.tools.craftinterface;
