all_sources/sumclient/cats/frameworktools/tools/smartupdatemanager/sum/source/common/SUMAPI.java:package com.adventnet.tools.sum.common.api;
all_sources/sumclient/cats/frameworktools/tools/smartupdatemanager/sum/source/common/SUMAPIManager.java:package com.adventnet.tools.sum.common.api;
all_sources/sumclient/cats/frameworktools/tools/smartupdatemanager/sum/source/common/UpdateManagerAPIImpl.java:package com.adventnet.tools.sum.common.api;
all_sources/sumclient/cats/frameworktools/tools/smartupdatemanager/sum/source/common/SUMConstants.java:package com.adventnet.tools.sum.common.util;
all_sources/sumclient/cats/frameworktools/tools/smartupdatemanager/sum/source/common/SUMParser.java:package com.adventnet.tools.sum.common.util;
all_sources/sumclient/cats/frameworktools/tools/smartupdatemanager/sum/source/common/SUMSessionList.java:package com.adventnet.tools.sum.common.util;
all_sources/sumclient/cats/frameworktools/tools/smartupdatemanager/sum/source/common/SUMUtil.java:package com.adventnet.tools.sum.common.util;
all_sources/sumclient/cats/frameworktools/tools/smartupdatemanager/sum/source/logging/SUMConsoleLogger.java:package com.adventnet.tools.sum.log;
all_sources/sumclient/cats/frameworktools/tools/smartupdatemanager/sum/source/logging/SUMLogImpl.java:package com.adventnet.tools.sum.log;
all_sources/sumclient/cats/frameworktools/tools/smartupdatemanager/sum/source/logging/SUMLogInterface.java:package com.adventnet.tools.sum.log;
all_sources/sumclient/cats/frameworktools/tools/smartupdatemanager/sum/source/logging/SUMLogManager.java:package com.adventnet.tools.sum.log;
all_sources/sumclient/cats/frameworktools/tools/smartupdatemanager/sum/source/protocol/SUMPDU.java:package com.adventnet.tools.sum.protocol;
all_sources/sumclient/cats/frameworktools/tools/smartupdatemanager/sum/source/server/session/SUMHttpRequestHandler.java:package com.adventnet.tools.sum.server.session;
all_sources/sumclient/cats/frameworktools/tools/smartupdatemanager/sum/source/server/session/SUMServerIOAndDataAnalyzer.java:package com.adventnet.tools.sum.server.session;
all_sources/sumclient/cats/frameworktools/tools/smartupdatemanager/sum/source/server/session/SUMTcpRequestHandler.java:package com.adventnet.tools.sum.server.session;
all_sources/sumclient/cats/frameworktools/tools/smartupdatemanager/sum/source/server/SUMCommunicationServer.java:package com.adventnet.tools.sum.server;
all_sources/sumclient/cats/frameworktools/tools/smartupdatemanager/sum/source/server/SUMServer.java:package com.adventnet.tools.sum.server;
all_sources/sumclient/cats/frameworktools/tools/smartupdatemanager/sum/source/transport/session/SUMIOAndDataAnalyzer.java:package com.adventnet.tools.sum.transport.session;
all_sources/sumclient/cats/frameworktools/tools/smartupdatemanager/sum/source/transport/SUMSessionInterface.java:package com.adventnet.tools.sum.transport;
all_sources/sumclient/cats/frameworktools/tools/smartupdatemanager/sum/source/transport/SUMTransportException.java:package com.adventnet.tools.sum.transport;
all_sources/sumclient/cats/frameworktools/tools/smartupdatemanager/sum/source/transport/SUMTransportInterface.java:package com.adventnet.tools.sum.transport;
all_sources/sumclient/cats/frameworktools/tools/smartupdatemanager/sum/source/transport/http/SUM4XTomcatWrapper.java:package com.adventnet.tools.sum.transport;
all_sources/sumclient/cats/frameworktools/tools/smartupdatemanager/sum/source/transport/http/SUMHttpServerImpl.java:package com.adventnet.tools.sum.transport;
all_sources/sumclient/cats/frameworktools/tools/smartupdatemanager/sum/source/transport/http/SUMSSLConnection.java:package com.adventnet.tools.sum.transport;
all_sources/sumclient/cats/frameworktools/tools/smartupdatemanager/sum/source/transport/http/SUMSSLUtil.java:package com.adventnet.tools.sum.transport;
all_sources/sumclient/cats/frameworktools/tools/smartupdatemanager/sum/source/transport/tcp/SUMTcpServerImpl.java:package com.adventnet.tools.sum.transport;
all_sources/sumclient/cats/frameworktools/tools/smartupdatemanager/sum/source/transport/tcp/SUMTcpSessionImpl.java:package com.adventnet.tools.sum.transport;
