all_sources/sumclient/cats/frameworktools/tools/smartupdatemanager/sum/source/client/session/SUMClientIOAndDataAnalyzer.java:package com.adventnet.tools.sum.client.session;
all_sources/sumclient/cats/frameworktools/tools/smartupdatemanager/sum/source/client/session/SUMHttpResponseHandler.java:package com.adventnet.tools.sum.client.session;
all_sources/sumclient/cats/frameworktools/tools/smartupdatemanager/sum/source/client/session/SUMTcpResponseHandler.java:package com.adventnet.tools.sum.client.session;
all_sources/sumclient/cats/frameworktools/tools/smartupdatemanager/sum/source/client/SUMClient.java:package com.adventnet.tools.sum.client;
all_sources/sumclient/cats/frameworktools/tools/smartupdatemanager/sum/source/client/ui/SmartUpdateManager_Proj/SmartUpdateManager/Source/SUMProgressDialog.java:package com.adventnet.tools.sum.client.ui;
all_sources/sumclient/cats/frameworktools/tools/smartupdatemanager/sum/source/client/SUMCommunicationClient.java:package com.adventnet.tools.sum.client;
all_sources/sumclient/cats/frameworktools/tools/smartupdatemanager/sum/source/client/util/SUMClientUtil.java:package com.adventnet.tools.sum.client.util;
all_sources/sumclient/cats/frameworktools/tools/smartupdatemanager/sum/source/transport/session/SUMIOAndDataAnalyzer.java:package com.adventnet.tools.sum.transport.session;
all_sources/sumclient/cats/frameworktools/tools/smartupdatemanager/sum/source/transport/SUMSessionInterface.java:package com.adventnet.tools.sum.transport;
all_sources/sumclient/cats/frameworktools/tools/smartupdatemanager/sum/source/transport/SUMTransportException.java:package com.adventnet.tools.sum.transport;
all_sources/sumclient/cats/frameworktools/tools/smartupdatemanager/sum/source/transport/SUMTransportInterface.java:package com.adventnet.tools.sum.transport;
all_sources/sumclient/cats/frameworktools/tools/smartupdatemanager/sum/source/transport/http/SUMHttpClientImpl.java:package com.adventnet.tools.sum.transport;
all_sources/sumclient/cats/frameworktools/tools/smartupdatemanager/sum/source/transport/http/SUMSSLConnection.java:package com.adventnet.tools.sum.transport;
all_sources/sumclient/cats/frameworktools/tools/smartupdatemanager/sum/source/transport/http/SUMSSLUtil.java:package com.adventnet.tools.sum.transport;
all_sources/sumclient/cats/frameworktools/tools/smartupdatemanager/sum/source/transport/tcp/SUMTcpClientImpl.java:package com.adventnet.tools.sum.transport;
all_sources/sumclient/cats/frameworktools/tools/smartupdatemanager/sum/source/transport/tcp/SUMTcpSessionImpl.java:package com.adventnet.tools.sum.transport;
all_sources/sumclient/cats/frameworktools/tools/smartupdatemanager/sum/source/common/SUMSessionList.java:package com.adventnet.tools.sum.common.util;
all_sources/sumclient/cats/frameworktools/tools/smartupdatemanager/sum/source/common/SUMConstants.java:package com.adventnet.tools.sum.common.util;
all_sources/sumclient/cats/frameworktools/tools/smartupdatemanager/sum/source/common/SUMParser.java:package com.adventnet.tools.sum.common.util;
all_sources/sumclient/cats/frameworktools/tools/smartupdatemanager/sum/source/common/SUMUtil.java:package com.adventnet.tools.sum.common.util;
all_sources/sumclient/cats/frameworktools/tools/smartupdatemanager/sum/source/common/SUMAPI.java:package com.adventnet.tools.sum.common.api;
all_sources/sumclient/cats/frameworktools/tools/smartupdatemanager/sum/source/common/SUMAPIManager.java:package com.adventnet.tools.sum.common.api;
all_sources/sumclient/cats/frameworktools/tools/smartupdatemanager/sum/source/common/UpdateManagerAPIImpl.java:package com.adventnet.tools.sum.common.api;
all_sources/sumclient/cats/frameworktools/tools/smartupdatemanager/sum/source/logging/SUMConsoleLogger.java:package com.adventnet.tools.sum.log;
all_sources/sumclient/cats/frameworktools/tools/smartupdatemanager/sum/source/logging/SUMLogImpl.java:package com.adventnet.tools.sum.log;
all_sources/sumclient/cats/frameworktools/tools/smartupdatemanager/sum/source/logging/SUMLogInterface.java:package com.adventnet.tools.sum.log;
all_sources/sumclient/cats/frameworktools/tools/smartupdatemanager/sum/source/logging/SUMLogManager.java:package com.adventnet.tools.sum.log;
all_sources/sumclient/cats/frameworktools/tools/smartupdatemanager/sum/source/protocol/SUMPDU.java:package com.adventnet.tools.sum.protocol;
