all_sources/updatemangerInstaller/cats/frameworktools/tools/smartupdatemanager/tool/source/CommonUtil.java:package com.adventnet.tools.update;
all_sources/updatemangerInstaller/cats/frameworktools/tools/smartupdatemanager/tool/updatemanager/source/BuilderResourceBundle.java:package com.adventnet.tools.update.installer;
all_sources/updatemangerInstaller/cats/frameworktools/tools/smartupdatemanager/tool/source/DiskSpace.java:package com.adventnet.tools.update.installer;
all_sources/updatemangerInstaller/cats/frameworktools/tools/smartupdatemanager/tool/updatemanager/source/logging/LogFileUtil.java:package com.adventnet.tools.update.installer.log;
all_sources/updatemangerInstaller/cats/frameworktools/tools/smartupdatemanager/tool/updatemanager/source/logging/LogPrintWriter.java:package com.adventnet.tools.update.installer.log;
all_sources/updatemangerInstaller/cats/frameworktools/tools/smartupdatemanager/tool/updatemanager/source/logging/UpdateManagerLogImpl.java:package com.adventnet.tools.update.installer.log;
all_sources/updatemangerInstaller/cats/frameworktools/tools/smartupdatemanager/tool/updatemanager/source/logging/UpdateManagerLogInterface.java:package com.adventnet.tools.update.installer.log;
all_sources/updatemangerInstaller/cats/frameworktools/tools/smartupdatemanager/tool/updatemanager/source/logging/UpdateManagerLogManager.java:package com.adventnet.tools.update.installer.log;
all_sources/updatemangerInstaller/cats/frameworktools/tools/smartupdatemanager/tool/updatemanager/source/ApplyPatch.java:package com.adventnet.tools.update.installer;
all_sources/updatemangerInstaller/cats/frameworktools/tools/smartupdatemanager/tool/updatemanager/source/Common.java:package com.adventnet.tools.update.installer;
all_sources/updatemangerInstaller/cats/frameworktools/tools/smartupdatemanager/tool/updatemanager/source/LoggingUtil.java:package com.adventnet.tools.update.installer;
all_sources/updatemangerInstaller/cats/frameworktools/tools/smartupdatemanager/tool/updatemanager/source/Assorted.java:package com.adventnet.tools.update.installer;
all_sources/updatemangerInstaller/cats/frameworktools/tools/smartupdatemanager/tool/updatemanager/source/Backup.java:package com.adventnet.tools.update.installer;
all_sources/updatemangerInstaller/cats/frameworktools/tools/smartupdatemanager/tool/updatemanager/source/BrowserControl.java:package com.adventnet.tools.update.installer;
all_sources/updatemangerInstaller/cats/frameworktools/tools/smartupdatemanager/tool/updatemanager/source/CardInterface.java:package com.adventnet.tools.update.installer;
all_sources/updatemangerInstaller/cats/frameworktools/tools/smartupdatemanager/tool/updatemanager/source/CardPanel.java:package com.adventnet.tools.update.installer;
all_sources/updatemangerInstaller/cats/frameworktools/tools/smartupdatemanager/tool/updatemanager/source/ContextSensitiveHelpButton.java:package com.adventnet.tools.update.installer;
all_sources/updatemangerInstaller/cats/frameworktools/tools/smartupdatemanager/tool/updatemanager/source/ContextSensitiveHelpWindow.java:package com.adventnet.tools.update.installer;
all_sources/updatemangerInstaller/cats/frameworktools/tools/smartupdatemanager/tool/updatemanager/source/CustomOutputStream.java:package com.adventnet.tools.update.installer;
all_sources/updatemangerInstaller/cats/frameworktools/tools/smartupdatemanager/tool/updatemanager/source/DebugUtil.java:package com.adventnet.tools.update.installer;
all_sources/updatemangerInstaller/cats/frameworktools/tools/smartupdatemanager/tool/updatemanager/source/GeneralUtility.java:package com.adventnet.tools.update.installer;
all_sources/updatemangerInstaller/cats/frameworktools/tools/smartupdatemanager/tool/updatemanager/source/JarAndClassFileLoader.java:package com.adventnet.tools.update.installer;
all_sources/updatemangerInstaller/cats/frameworktools/tools/smartupdatemanager/tool/updatemanager/source/JarChecker.java:package com.adventnet.tools.update.installer;
all_sources/updatemangerInstaller/cats/frameworktools/tools/smartupdatemanager/tool/updatemanager/source/OptionDialog.java:package com.adventnet.tools.update.installer; 
all_sources/updatemangerInstaller/cats/frameworktools/tools/smartupdatemanager/tool/updatemanager/source/OptionDialogConstants.java:package com.adventnet.tools.update.installer; 
all_sources/updatemangerInstaller/cats/frameworktools/tools/smartupdatemanager/tool/updatemanager/source/OptionDialogInformer.java:package com.adventnet.tools.update.installer; 
all_sources/updatemangerInstaller/cats/frameworktools/tools/smartupdatemanager/tool/updatemanager/source/ParameterChangeListener.java:package com.adventnet.tools.update.installer;
all_sources/updatemangerInstaller/cats/frameworktools/tools/smartupdatemanager/tool/updatemanager/source/ParameterObject.java:package com.adventnet.tools.update.installer;
all_sources/updatemangerInstaller/cats/frameworktools/tools/smartupdatemanager/tool/updatemanager/source/ProcessedException.java:package com.adventnet.tools.update.installer;
all_sources/updatemangerInstaller/cats/frameworktools/tools/smartupdatemanager/tool/updatemanager/source/PureUtils.java:package com.adventnet.tools.update.installer;
all_sources/updatemangerInstaller/cats/frameworktools/tools/smartupdatemanager/tool/updatemanager/source/Revert.java:package com.adventnet.tools.update.installer;
all_sources/updatemangerInstaller/cats/frameworktools/tools/smartupdatemanager/tool/updatemanager/source/RevertPatch.java:package com.adventnet.tools.update.installer;
all_sources/updatemangerInstaller/cats/frameworktools/tools/smartupdatemanager/tool/updatemanager/source/Unzipper.java:package com.adventnet.tools.update.installer;
all_sources/updatemangerInstaller/cats/frameworktools/tools/smartupdatemanager/tool/updatemanager/source/UpdateJar.java:package com.adventnet.tools.update.installer;
all_sources/updatemangerInstaller/cats/frameworktools/tools/smartupdatemanager/tool/updatemanager/source/UpdateManager.java:package com.adventnet.tools.update.installer;
all_sources/updatemangerInstaller/cats/frameworktools/tools/smartupdatemanager/tool/updatemanager/source/UpdateManagerInterface.java:package com.adventnet.tools.update.installer;
all_sources/updatemangerInstaller/cats/frameworktools/tools/smartupdatemanager/tool/updatemanager/source/UpdateManagerInstaller_proj/UpdateManagerInstaller/Source/UpdateManagerUI.java:package com.adventnet.tools.update.installer; 
all_sources/updatemangerInstaller/cats/frameworktools/tools/smartupdatemanager/tool/updatemanager/source/VersionProfile.java:package com.adventnet.tools.update.installer;
all_sources/updatemangerInstaller/cats/frameworktools/tools/smartupdatemanager/tool/updatemanager/source/UpdateManagerInstaller_proj/UpdateManagerInstaller/Source/ReadmeUI.java:package com.adventnet.tools.update.installer;
all_sources/updatemangerInstaller/cats/frameworktools/tools/smartupdatemanager/tool/updatemanager/source/UpdateManagerCMD.java:package com.adventnet.tools.update.installer;
all_sources/updatemangerInstaller/cats/frameworktools/tools/smartupdatemanager/tool/updatemanager/source/UpdateManagerParser.java:package com.adventnet.tools.update.installer;
all_sources/updatemangerInstaller/cats/frameworktools/tools/smartupdatemanager/tool/updatemanager/source/GeneralUtility.java:package com.adventnet.tools.update.installer;
all_sources/updatemangerInstaller/cats/frameworktools/tools/smartupdatemanager/tool/updatemanager/source/Utility.java:package com.adventnet.tools.update.installer;
all_sources/updatemangerInstaller/cats/frameworktools/tools/smartupdatemanager/tool/updatemanager/source/VersionChecker.java:package com.adventnet.tools.update.installer;
all_sources/updatemangerInstaller/cats/frameworktools/tools/smartupdatemanager/tool/updatemanager/source/Zipper.java:package com.adventnet.tools.update.installer;
all_sources/updatemangerInstaller/cats/frameworktools/tools/smartupdatemanager/tool/updatemanager/source/UpdateManagerInstaller_proj/UpdateManagerInstaller/Source/ContextReadme.java: package com.adventnet.tools.update.installer ; 
all_sources/updatemangerInstaller/cats/frameworktools/tools/smartupdatemanager/tool/updatemanager/source/UpdateManagerInstaller_proj/UpdateManagerInstaller/Source/ContextScreen.java:package com.adventnet.tools.update.installer;
all_sources/updatemangerInstaller/cats/frameworktools/tools/smartupdatemanager/tool/updatemanager/source/UpdateManagerInstaller_proj/UpdateManagerInstaller/Source/InstallProgress.java:package com.adventnet.tools.update.installer;
all_sources/updatemangerInstaller/cats/frameworktools/tools/smartupdatemanager/tool/updatemanager/source/UpdateManagerInstaller_proj/UpdateManagerInstaller/Source/InstallUI.java:package com.adventnet.tools.update.installer; 
all_sources/updatemangerInstaller/cats/frameworktools/tools/smartupdatemanager/tool/updatemanager/source/UpdateManagerInstaller_proj/UpdateManagerInstaller/Source/LogsUI.java:package com.adventnet.tools.update.installer;
all_sources/updatemangerInstaller/cats/frameworktools/tools/smartupdatemanager/tool/updatemanager/source/UpdateManagerInstaller_proj/UpdateManagerInstaller/Source/NonEditableTableModel.java:package com.adventnet.tools.update.installer;
all_sources/updatemangerInstaller/cats/frameworktools/tools/smartupdatemanager/tool/updatemanager/source/UpdateManagerInstaller_proj/UpdateManagerInstaller/Source/PatchDetails.java:package com.adventnet.tools.update.installer;
all_sources/updatemangerInstaller/cats/frameworktools/tools/smartupdatemanager/tool/updatemanager/source/UpdateManagerInstaller_proj/UpdateManagerInstaller/Source/PatchFilter.java: package com.adventnet.tools.update.installer ; 
all_sources/updatemangerInstaller/cats/frameworktools/tools/smartupdatemanager/tool/updatemanager/source/UpdateManagerInstaller_proj/UpdateManagerInstaller/Source/PatchScreen.java:package com.adventnet.tools.update.installer;
all_sources/updatemangerInstaller/cats/frameworktools/tools/smartupdatemanager/tool/updatemanager/source/UpdateManagerInstaller_proj/UpdateManagerInstaller/Source/ReadMeWrapper.java:package com.adventnet.tools.update.installer;
all_sources/updatemangerInstaller/cats/frameworktools/tools/smartupdatemanager/tool/updatemanager/source/UpdateManagerInstaller_proj/UpdateManagerInstaller/Source/RevertProgress.java:package com.adventnet.tools.update.installer;
all_sources/updatemangerInstaller/cats/frameworktools/tools/smartupdatemanager/tool/updatemanager/source/UpdateManagerInstaller_proj/UpdateManagerInstaller/Source/RevertScreen.java:package com.adventnet.tools.update.installer;
all_sources/updatemangerInstaller/cats/frameworktools/tools/smartupdatemanager/tool/updatemanager/source/UpdateManagerInstaller_proj/UpdateManagerInstaller/Source/UninstallUI.java:package com.adventnet.tools.update.installer;
all_sources/updatemangerInstaller/cats/frameworktools/tools/smartupdatemanager/tool/updatemanager/source/UpdateManagerInstaller_proj/UpdateManagerInstaller/Source/VersionTreeRenderer.java: package com.adventnet.tools.update.installer ; 
all_sources/updatemangerInstaller/cats/frameworktools/tools/smartupdatemanager/tool/source/FeatureCompInfo.java:package com.adventnet.tools.update; 
all_sources/updatemangerInstaller/cats/frameworktools/tools/smartupdatemanager/tool/source/FeaturePrdVersionInfo.java:package com.adventnet.tools.update; 
all_sources/updatemangerInstaller/cats/frameworktools/tools/smartupdatemanager/tool/source/FeatureVersionComp.java:package com.adventnet.tools.update; 
all_sources/updatemanager/cats/frameworktools/tools/update_manager/source/FileGroup.java:package com.adventnet.tools.update;
all_sources/updatemangerInstaller/cats/frameworktools/tools/smartupdatemanager/tool/source/FileGroup.java:package com.adventnet.tools.update; 
all_sources/updatemangerInstaller/cats/frameworktools/tools/smartupdatemanager/tool/source/NewFileGroup.java:package com.adventnet.tools.update; 
all_sources/updatemangerInstaller/cats/frameworktools/tools/smartupdatemanager/tool/source/NewFileGroup.java:package com.adventnet.tools.update; 
all_sources/updatemanager/cats/frameworktools/tools/update_manager/source/PrePostProcessInterface.java:package com.adventnet.tools.update;
all_sources/updatemangerInstaller/cats/frameworktools/tools/smartupdatemanager/tool/source/PrePostProcessInterface.java:package com.adventnet.tools.update; 
all_sources/updatemanager/cats/frameworktools/tools/update_manager/source/UpdateData.java:package com.adventnet.tools.update;
all_sources/updatemangerInstaller/cats/frameworktools/tools/smartupdatemanager/tool/source/UpdateData.java:package com.adventnet.tools.update; 
all_sources/updatemanager/cats/frameworktools/tools/update_manager/source/UpdateManagerConts.java:package com.adventnet.tools.update;
all_sources/updatemangerInstaller/cats/frameworktools/tools/smartupdatemanager/tool/source/UpdateManagerConts.java:package com.adventnet.tools.update;
all_sources/updatemangerInstaller/cats/frameworktools/tools/smartupdatemanager/tool/source/UpdateManagerUtil.java:package com.adventnet.tools.update;
all_sources/updatemanager/cats/frameworktools/tools/update_manager/source/XmlData.java:package com.adventnet.tools.update;
all_sources/updatemangerInstaller/cats/frameworktools/tools/smartupdatemanager/tool/source/XmlData.java:package com.adventnet.tools.update;   
all_sources/updatemanager/cats/frameworktools/tools/update_manager/source/XmlParser.java:package com.adventnet.tools.update;
all_sources/updatemangerInstaller/cats/frameworktools/tools/smartupdatemanager/tool/source/XmlParser.java:package com.adventnet.tools.update; 
