AbstractBundle.java : com.adventnet.tl1.commandset : not matches
AlarmCode.java : com.adventnet.tl1.commandset : not matches
AutoCode.java : com.adventnet.tl1.commandset : not matches
AutonomousMessage.java : com.adventnet.tl1.commandset : not matches
CommandCode.java : com.adventnet.tl1.commandset : not matches
CommandSet.java : com.adventnet.tl1.commandset : matches
CommandSetReader.java : com.adventnet.tl1.commandset : not matches
CommandSetWriter.java : com.adventnet.tl1.commandset : not matches
TcsConverter.java : com.adventnet.tl1.commandset.convertor : matches
TL1CommandSet.java : com.adventnet.tl1.commandset.convertor : matches
TL1TreeNode.java : com.adventnet.tl1.commandset.convertor : matches
TL1XmlParser.java : com.adventnet.tl1.commandset.convertor : matches
Data.java : com.adventnet.tl1.commandset : not matches
DataSet.java : com.adventnet.tl1.commandset : not matches
DataSetReader.java : com.adventnet.tl1.commandset : not matches
DataSetWriter.java : com.adventnet.tl1.commandset : not matches
DataStringizer.java : com.adventnet.tl1.commandset : not matches
DataStringizerImpl.java : com.adventnet.tl1.commandset : not matches
EnumBundle.java : com.adventnet.tl1.commandset : not matches
InputMessage.java : com.adventnet.tl1.commandset : not matches
InputMessageData.java : com.adventnet.tl1.commandset : not matches
Message.java : com.adventnet.tl1.commandset : not matches
MessageCode.java : com.adventnet.tl1.commandset : not matches
Modifier.java : com.adventnet.tl1.commandset : not matches
Module.java : com.adventnet.tl1.commandset : not matches
ModuleData.java : com.adventnet.tl1.commandset : not matches
Parameter.java : com.adventnet.tl1.commandset : not matches
ParameterBlock.java : com.adventnet.tl1.commandset : not matches
ParameterBlockData.java : com.adventnet.tl1.commandset : not matches
ParameterBlockTemplate.java : com.adventnet.tl1.commandset : not matches
ParameterTemplate.java : com.adventnet.tl1.commandset : not matches
Pattern.java : com.adventnet.tl1.commandset : not matches
PatternMatcher.java : com.adventnet.tl1.commandset : not matches
PatternMatcherImpl.java : com.adventnet.tl1.commandset : not matches
PatternSet.java : com.adventnet.tl1.commandset : not matches
RangeBundle.java : com.adventnet.tl1.commandset : not matches
ResponseMessage.java : com.adventnet.tl1.commandset : not matches
TcsAPI.java : com.adventnet.tl1.commandset : not matches
TcsException.java : com.adventnet.tl1.commandset : not matches
TextBlock.java : com.adventnet.tl1.commandset : not matches
WordList.java : com.adventnet.tl1.commandset : not matches
Property.java : com.adventnet.tl1.config : not matches
PropertySet.java : com.adventnet.tl1.config : not matches
PropertySetBundleAPI.java : com.adventnet.tl1.config : not matches
PropertySetHolder.java : com.adventnet.tl1.config : not matches
ConnectionEvent.java : com.adventnet.tl1 : not matches
ConnectionHandler.java : com.adventnet.tl1 : not matches
ConnectionListener.java : com.adventnet.tl1 : not matches
IdleTimeMonitor.java : com.adventnet.tl1 : not matches
FileLogger.java : com.adventnet.tl1.logging : not matches
LogFileHandler.java : com.adventnet.tl1.logging : not matches
Logger.java : com.adventnet.tl1.logging : not matches
LogRecord.java : com.adventnet.tl1.logging : not matches
TL1AccessIdentifier.java : com.adventnet.tl1.message : not matches
TL1AckMessage.java : com.adventnet.tl1.message : not matches
TL1AutoID.java : com.adventnet.tl1.message : not matches
TL1AutonomousMessage.java : com.adventnet.tl1.message : not matches
TL1Date.java : com.adventnet.tl1.message : not matches
TL1GeneralBlock.java : com.adventnet.tl1.message : not matches
TL1Header.java : com.adventnet.tl1.message : not matches
TL1InputMessage.java : com.adventnet.tl1.message : not matches
TL1Line.java : com.adventnet.tl1.message : not matches
TL1Message.java : com.adventnet.tl1.message : not matches
TL1MessagePayloadBlock.java : com.adventnet.tl1.message : not matches
TL1Param.java : com.adventnet.tl1.message : not matches
TL1ParamBlock.java : com.adventnet.tl1.message : not matches
TL1ParamGroup.java : com.adventnet.tl1.message : not matches
TL1ResponseID.java : com.adventnet.tl1.message : not matches
TL1ResponseMessage.java : com.adventnet.tl1.message : not matches
TL1TextBlock.java : com.adventnet.tl1.message : not matches
TL1Time.java : com.adventnet.tl1.message : not matches
MessageFormatter.java : com.adventnet.tl1 : not matches
MessageRationalizer.java : com.adventnet.tl1 : not matches
ParseException.java : com.adventnet.tl1.parser : not matches
SimpleCharStream.java : com.adventnet.tl1.parser : not matches
TL1AckMessageParser.java : com.adventnet.tl1.parser : not matches
TL1AckMessageParserConstants.java : com.adventnet.tl1.parser : not matches
TL1AckMessageParserTokenManager.java : com.adventnet.tl1.parser : not matches
TL1AutonomousMessageParser.java : com.adventnet.tl1.parser : not matches
TL1AutonomousMessageParserConstants.java : com.adventnet.tl1.parser : not matches
TL1AutonomousMessageParserTokenManager.java : com.adventnet.tl1.parser : not matches
TL1InputMessageParser.java : com.adventnet.tl1.parser : not matches
TL1InputMessageParserConstants.java : com.adventnet.tl1.parser : not matches
TL1InputMessageParserTokenManager.java : com.adventnet.tl1.parser : not matches
TL1MessageParser.java : com.adventnet.tl1.parser : not matches
TL1MessageParserConstants.java : com.adventnet.tl1.parser : not matches
TL1MessageParserTokenManager.java : com.adventnet.tl1.parser : not matches
TL1Parser.java : com.adventnet.tl1.parser : not matches
TL1ParserException.java : com.adventnet.tl1.parser : not matches
TL1ResponseMessageParser.java : com.adventnet.tl1.parser : not matches
TL1ResponseMessageParserConstants.java : com.adventnet.tl1.parser : not matches
TL1ResponseMessageParserTokenManager.java : com.adventnet.tl1.parser : not matches
Token.java : com.adventnet.tl1.parser : not matches
TokenMgrError.java : com.adventnet.tl1.parser : not matches
ComplexToken.java : com.adventnet.tl1.regex : not matches
ConditionValidator.java : com.adventnet.tl1.regex : not matches
EnumToken.java : com.adventnet.tl1.regex : not matches
ExpressionAnalyzer.java : com.adventnet.tl1.regex : not matches
PatternCompilationException.java : com.adventnet.tl1.regex : not matches
PatternTokenizer.java : com.adventnet.tl1.regex : not matches
PatternValidator.java : com.adventnet.tl1.regex : not matches
RangeToken.java : com.adventnet.tl1.regex : not matches
RegexException.java : com.adventnet.tl1.regex : not matches
StringToken.java : com.adventnet.tl1.regex : not matches
Token.java : com.adventnet.tl1.regex : not matches
TokenCompilationException.java : com.adventnet.tl1.regex : not matches
TokenManager.java : com.adventnet.tl1.regex : not matches
TokenManagerException.java : com.adventnet.tl1.regex : not matches
UnableToMoveWindow.java : com.adventnet.tl1.regex : not matches
ServerSessionListener.java : com.adventnet.tl1 : not matches
TcsMessageRationalizer.java : com.adventnet.tl1 : not matches
TL1API.java : com.adventnet.tl1 : not matches
TL1Callback_N_Timeout_Task.java : com.adventnet.tl1 : not matches
TL1Callback_Task.java : com.adventnet.tl1 : not matches
TL1Client.java : com.adventnet.tl1 : not matches
TL1Exception.java : com.adventnet.tl1 : not matches
TL1Logger_Task.java : com.adventnet.tl1 : not matches
TL1Monitor_Task.java : com.adventnet.tl1 : not matches
TL1Process_Task.java : com.adventnet.tl1 : not matches
TL1Receive_N_Process_Task.java : com.adventnet.tl1 : not matches
TL1Receive_Task.java : com.adventnet.tl1 : not matches
TL1ServerSession.java : com.adventnet.tl1 : not matches
TL1Session.java : com.adventnet.tl1 : matches
TL1SessionMessage.java : com.adventnet.tl1 : not matches
TL1Timeout_Task.java : com.adventnet.tl1 : not matches
ConnectException.java : com.adventnet.tl1.transport : not matches
ConnectionDownException.java : com.adventnet.tl1.transport : not matches
IOTimeoutException.java : com.adventnet.tl1.transport : not matches
Ping.java : com.adventnet.tl1.transport : not matches
RunCommand.java : com.adventnet.tl1.transport : not matches
SerialTransportImpl.java : com.adventnet.tl1.transport.serial : not matches
TcpServerTransportImpl.java : com.adventnet.tl1.transport.tcp : not matches
TcpSessionTransportImpl.java : com.adventnet.tl1.transport.tcp : not matches
TcpTransportImpl.java : com.adventnet.tl1.transport.tcp : not matches
TelnetTransportImpl.java : com.adventnet.tl1.transport.telnet : not matches
TimeoutException.java : com.adventnet.tl1.transport : not matches
TL1ServerTransportProvider.java : com.adventnet.tl1.transport : not matches
TL1TransportPacket.java : com.adventnet.tl1.transport : not matches
TL1TransportProvider.java : com.adventnet.tl1.transport : not matches
OrderedProperties.java : com.adventnet.tl1.utils : not matches
TL1Wield.java : com.adventnet.tl1.utils : not matches
Utility.java : com.adventnet.tl1.utils : not matches
