Dial.java : com.adventnet.beans : not matches
Led.java : com.adventnet.beans : not matches
LedPanel.java : com.adventnet.beans : not matches
PieChart.java : com.adventnet.beans : not matches
PieDetails.java : com.adventnet.beans : not matches
PieView.java : com.adventnet.beans : not matches
Bar3DValue.java : com.adventnet.beans.graphs : not matches
BarGraph.java : com.adventnet.beans.graphs : not matches
BarGraph3D.java : com.adventnet.beans.graphs : not matches
BarSelectionEvent.java : com.adventnet.beans.graphs : not matches
BarSelectionListener.java : com.adventnet.beans.graphs : not matches
FilledGraph.java : com.adventnet.beans.graphs : not matches
Graph.java : com.adventnet.beans.graphs : not matches
GraphHolder.java : com.adventnet.beans.graphs : not matches
GraphInterface.java : com.adventnet.beans.graphs : not matches
LineDragEvent.java : com.adventnet.beans.graphs : not matches
LineDragListener.java : com.adventnet.beans.graphs : not matches
LineGraph.java : com.adventnet.beans.graphs : not matches
MultiBarGraph.java : com.adventnet.beans.graphs : not matches
MultiLineGraph.java : com.adventnet.beans.graphs : not matches
My3DGraphics.java : com.adventnet.beans.graphs : not matches
SetResultEvent.java : com.adventnet.beans.graphs : not matches
SetResultListener.java : com.adventnet.beans.graphs : not matches
h2.java : com.adventnet.beans.graphs : not matches
h3.java : com.adventnet.beans.graphs : not matches
HCellularGauge.java : com.adventnet.beans.gauges : not matches
VCellularGauge.java : com.adventnet.beans.gauges : not matches
DigDisp.java : com.adventnet.beans.digit : not matches
DigDispChangeListener.java : com.adventnet.beans.digit : not matches
Digit.java : com.adventnet.beans.digit : not matches
DigitChangeListener.java : com.adventnet.beans.digit : not matches
MyDigDisp.java : com.adventnet.beans.digit : not matches
ActiveIcon.java : com.adventnet.beans.images : not matches
ImageButton.java : com.adventnet.beans.images : not matches
ImageComponent.java : com.adventnet.beans.images : not matches
ImageLabel.java : com.adventnet.beans.images : not matches
StatusIcon.java : com.adventnet.beans.images : not matches
