CORBATool.java : com.adventnet.nms.corbatool : not matches
MBeanTree.java : com.adventnet.nms.corbatool : not matches
FileSettingsDialog.java : com.adventnet.nms.corbatool : not matches
CodeGenMonitorDialog.java : com.adventnet.nms.corbatool : not matches
FindDialog.java : com.adventnet.nms.corbatool : not matches
DescGlassPane.java : com.adventnet.nms.corbatool : not matches
MapDetails.java : com.adventnet.nms.corbatool : not matches
InputDialog.java : com.adventnet.nms.corbatool : not matches
MBeanNode.java : com.adventnet.nms.corbatool : not matches
MBeanMethodNode.java : com.adventnet.nms.corbatool : not matches
Header.java : com.adventnet.nms.corbatool : not matches
CodeGenerator.java : com.adventnet.nms.corbatool : not matches
IDLInfo.java : com.adventnet.nms.corbatool : not matches
MethodInfo.java : com.adventnet.nms.corbatool : not matches
CustomFileFilter.java : com.adventnet.nms.corbatool : not matches
Message.java : com.adventnet.nms.corbatool : not matches
GlassPane.java : com.adventnet.nms.corbatool : not matches
ListItemRenderer.java : com.adventnet.nms.corbatool : not matches
Make_idlj.java : com.adventnet.nms.corbatool : not matches
MapCellEditor.java : com.adventnet.nms.corbatool : not matches
MapCellRenderer.java : com.adventnet.nms.corbatool : not matches
MapListItemRenderer.java : com.adventnet.nms.corbatool : not matches
MappingWizard.java : com.adventnet.nms.corbatool : not matches
VarMapPanel.java : com.adventnet.nms.corbatool : not matches
SummaryPanel.java : com.adventnet.nms.corbatool : not matches
NodeIconRenderer.java : com.adventnet.nms.corbatool : not matches
XMLSettingsDialog.java : com.adventnet.nms.corbatool : not matches
