ArchitectureDetails.java : com.adventnet.builder.deployment : not matches
ClassesMaintainer.java : com.adventnet.builder.deployment : not matches
DeployDetails.java : com.adventnet.builder.deployment : not matches
DeploymentInfo.java : com.adventnet.builder.deployment : not matches
DeploymentInterface.java : com.adventnet.builder.deployment : not matches
DeploymentOptions.java : com.adventnet.builder.deployment : not matches
DeploymentPlugin.java : com.adventnet.builder.deployment : not matches
DeploymentWizard.java : com.adventnet.builder.deployment : not matches
DirectoryInfo.java : com.adventnet.builder.deployment : not matches
ExecutableJar.java : com.adventnet.builder.deployment : not matches
ExecutableJarDetail.java : com.adventnet.builder.deployment : not matches
InstallDetails.java : com.adventnet.builder.deployment : not matches
InstallProject.java : com.adventnet.builder.deployment : not matches
InstallationInfo.java : com.adventnet.builder.deployment : not matches
JarDetails.java : com.adventnet.builder.deployment : not matches
MServerInfo.java : com.adventnet.builder.deployment : not matches
MainScreenDetails.java : com.adventnet.builder.deployment : not matches
MultitierOptions.java : com.adventnet.builder.deployment : not matches
PackageMain.java : com.adventnet.builder.deployment : not matches
PackageWizardPlugin.java : com.adventnet.builder.deployment : not matches
ParameterDetails.java : com.adventnet.builder.deployment : not matches
ProgressInfo.java : com.adventnet.builder.deployment : not matches
ProgressInfoListener.java : com.adventnet.builder.deployment : not matches
ProjectFileInfo.java : com.adventnet.builder.deployment : not matches
PropertyTokenizer.java : com.adventnet.builder.deployment : not matches
ResourceDetails.java : com.adventnet.builder.deployment : not matches
SASInfo.java : com.adventnet.builder.deployment : not matches
ScreenDetails.java : com.adventnet.builder.deployment : not matches
ServerDetail.java : com.adventnet.builder.deployment : not matches
ServerJarsInfo.java : com.adventnet.builder.deployment : not matches
ServersInfo.java : com.adventnet.builder.deployment : not matches
ServersList.java : com.adventnet.builder.deployment : not matches
TASInfo.java : com.adventnet.builder.deployment : not matches
WebServerInfo.java : com.adventnet.builder.deployment : not matches
XmlConstruct.java : com.adventnet.builder.deployment : not matches
ZipTool.java : com.adventnet.builder.deployment : not matches
