SUMClientIOAndDataAnalyzer.java : com.adventnet.tools.sum.client.session : matches
SUMHttpResponseHandler.java : com.adventnet.tools.sum.client.session : matches
SUMTcpResponseHandler.java : com.adventnet.tools.sum.client.session : matches
SUMClient.java : com.adventnet.tools.sum.client : matches
SUMProgressDialog.java : com.adventnet.tools.sum.client.ui : matches
SUMCommunicationClient.java : com.adventnet.tools.sum.client : matches
SUMClientUtil.java : com.adventnet.tools.sum.client.util : matches
SUMIOAndDataAnalyzer.java : com.adventnet.tools.sum.transport.session : matches
SUMSessionInterface.java : com.adventnet.tools.sum.transport : matches
SUMTransportException.java : com.adventnet.tools.sum.transport : matches
SUMTransportInterface.java : com.adventnet.tools.sum.transport : matches
SUMHttpClientImpl.java : com.adventnet.tools.sum.transport : matches
SUMSSLConnection.java : com.adventnet.tools.sum.transport : matches
SUMSSLUtil.java : com.adventnet.tools.sum.transport : matches
SUMTcpClientImpl.java : com.adventnet.tools.sum.transport : matches
SUMTcpSessionImpl.java : com.adventnet.tools.sum.transport : matches
SUMSessionList.java : com.adventnet.tools.sum.common.util : matches
SUMConstants.java : com.adventnet.tools.sum.common.util : matches
SUMParser.java : com.adventnet.tools.sum.common.util : matches
SUMUtil.java : com.adventnet.tools.sum.common.util : matches
SUMAPI.java : com.adventnet.tools.sum.common.api : matches
SUMAPIManager.java : com.adventnet.tools.sum.common.api : matches
UpdateManagerAPIImpl.java : com.adventnet.tools.sum.common.api : matches
SUMConsoleLogger.java : com.adventnet.tools.sum.log : matches
SUMLogImpl.java : com.adventnet.tools.sum.log : matches
SUMLogInterface.java : com.adventnet.tools.sum.log : matches
SUMLogManager.java : com.adventnet.tools.sum.log : matches
SUMPDU.java : com.adventnet.tools.sum.protocol : matches
