ASCII_UCodeESC_CharStream.java : com.adventnet.utilities.jmerge.jjtree : not matches
ASTBlock.java : com.adventnet.utilities.jmerge.jjtree : not matches
ASTBlockStatement.java : com.adventnet.utilities.jmerge.jjtree : not matches
ASTClassInfo.java : com.adventnet.utilities.jmerge.jjtree : not matches
ASTCompilationUnit.java : com.adventnet.utilities.jmerge.jjtree : not matches
ASTConstructor.java : com.adventnet.utilities.jmerge.jjtree : not matches
ASTField.java : com.adventnet.utilities.jmerge.jjtree : not matches
ASTFieldDecl.java : com.adventnet.utilities.jmerge.jjtree : not matches
ASTFinalStatement.java : com.adventnet.utilities.jmerge.jjtree : not matches
ASTImplementsInfo.java : com.adventnet.utilities.jmerge.jjtree : not matches
ASTImport.java : com.adventnet.utilities.jmerge.jjtree : not matches
ASTImportDecls.java : com.adventnet.utilities.jmerge.jjtree : not matches
ASTMainClass.java : com.adventnet.utilities.jmerge.jjtree : not matches
ASTMethodDecl.java : com.adventnet.utilities.jmerge.jjtree : not matches
ASTName.java : com.adventnet.utilities.jmerge.jjtree : not matches
ASTNestedDecl.java : com.adventnet.utilities.jmerge.jjtree : not matches
ASTPackage.java : com.adventnet.utilities.jmerge.jjtree : not matches
ASTStatement.java : com.adventnet.utilities.jmerge.jjtree : not matches
JJTJavaParserState.java : com.adventnet.utilities.jmerge.jjtree : not matches
JavaParser.java : com.adventnet.utilities.jmerge.jjtree : not matches
JavaParserConstants.java : com.adventnet.utilities.jmerge.jjtree : not matches
JavaParserTokenManager.java : com.adventnet.utilities.jmerge.jjtree : not matches
JavaParserTreeConstants.java : com.adventnet.utilities.jmerge.jjtree : not matches
JavaParserVisitor.java : com.adventnet.utilities.jmerge.jjtree : not matches
MergeUtil.java : com.adventnet.utilities.jmerge.jjtree : not matches
MergeUtilInterface.java : com.adventnet.utilities.jmerge.jjtree : not matches
Node.java : com.adventnet.utilities.jmerge.jjtree : not matches
ParseException.java : com.adventnet.utilities.jmerge.jjtree : not matches
SimpleNode.java : com.adventnet.utilities.jmerge.jjtree : not matches
Token.java : com.adventnet.utilities.jmerge.jjtree : not matches
TokenMgrError.java : com.adventnet.utilities.jmerge.jjtree : not matches
CodeMergingAPI.java : com.adventnet.utilities.jmerge.merger : not matches
Extractor.java : com.adventnet.utilities.jmerge.merger : not matches
Merger.java : com.adventnet.utilities.jmerge.merger : not matches
MethodMerging.java : com.adventnet.utilities.jmerge.merger : not matches
VisitorAdapter.java : com.adventnet.utilities.jmerge.merger : not matches
VisitorHelper.java : com.adventnet.utilities.jmerge.merger : not matches
CoreUIException.java : com.adventnet.utilities.ui.core : not matches
DialogUtils.java : com.adventnet.utilities.ui.core : not matches
FontUtils.java : com.adventnet.utilities.ui.core : not matches
ImageUtils.java : com.adventnet.utilities.ui.core : not matches
MiscUtils.java : com.adventnet.utilities.ui.core : not matches
UIConstants.java : com.adventnet.utilities.ui.core : not matches
Utils.java : com.adventnet.utilities.ui.core : not matches
BooleanUI.java : com.adventnet.utilities.ui.datarenderer : not matches
TextUI.java : com.adventnet.utilities.ui.datarenderer : not matches
UIRenderer.java : com.adventnet.utilities.ui.datarenderer : not matches
WizardButtonPanel.java : com.adventnet.utilities.ui.wizards : not matches
WizardHeaderPanel.java : com.adventnet.utilities.ui.wizards : not matches
ActionHandlerEvent.java : com.adventnet.utilities.ui.event : not matches
ActionHandlerListener.java : com.adventnet.utilities.ui.event : not matches
DropDownForLinkLabel.java : com.adventnet.utilities.ui.webui : not matches
LinkEvent.java : com.adventnet.utilities.ui.webui : not matches
LinkLabel.java : com.adventnet.utilities.ui.webui : not matches
LinkListener.java : com.adventnet.utilities.ui.webui : not matches
LinkPanel.java : com.adventnet.utilities.ui.webui : not matches
FileExtension.java : com.adventnet.utilities.ui.file : not matches
FileFilterClass.java : com.adventnet.utilities.ui.file : not matches
FileHandlerWindow.java : com.adventnet.utilities.ui.file : not matches
FileHandlerWindowListener.java : com.adventnet.utilities.ui.file : not matches
FilePropertiesDialog.java : com.adventnet.utilities.ui.file : not matches
FileViewClass.java : com.adventnet.utilities.ui.file : not matches
FindFile.java : com.adventnet.utilities.ui.file : not matches
FindThread.java : com.adventnet.utilities.ui.file : not matches
GradientLabelUI.java : com.adventnet.utilities.ui.gradient : not matches
GradientUI.java : com.adventnet.utilities.ui.gradient : not matches
TextAPrintStream.java : com.adventnet.utilities.ui.io : not matches
ErrorDialog.java : com.adventnet.utilities.ui.messages : not matches
InputDialog.java : com.adventnet.utilities.ui.messages : not matches
OptionDialogUI.java : com.adventnet.utilities.ui.messages : not matches
OptionDialogUIInformer.java : com.adventnet.utilities.ui.messages : not matches
TextPrinter.java : com.adventnet.utilities.ui.printutils : not matches
IPAddressJTextField.java : com.adventnet.utilities.ui.textfields : not matches
NumericJTextField.java : com.adventnet.utilities.ui.textfields : not matches
TreeUtils.java : com.adventnet.utilities.ui.tree : not matches
UtilTreeCellRenderer.java : com.adventnet.utilities.ui.tree : not matches
Popup.java : com.adventnet.utilities.ui.popup : not matches
Editor.java : com.adventnet.utilities.ui.editors : not matches
JMacsEditor.java : com.adventnet.utilities.ui.editors : not matches
CSHelpButton.java : com.adventnet.utilities.ui.beans.help : not matches
CSHelpButtonDisplay.java : com.adventnet.utilities.ui.beans.help : not matches
CSHelpDialog.java : com.adventnet.utilities.ui.beans.help : not matches
ColumnInfo.java : com.adventnet.utilities.ui.beans.table : not matches
DataBalanceException.java : com.adventnet.utilities.ui.beans.table : not matches
GeneralTable.java : com.adventnet.utilities.ui.beans.table : not matches
JCheckBoxBean.java : com.adventnet.utilities.ui.beans.table : not matches
TableActionEvent.java : com.adventnet.utilities.ui.beans.table : not matches
TableActionListener.java : com.adventnet.utilities.ui.beans.table : not matches
TableBeanInterface.java : com.adventnet.utilities.ui.beans.table : not matches
TableInterface.java : com.adventnet.utilities.ui.beans.table : not matches
TwoColumnsTableUI.java : com.adventnet.utilities.ui.beans.table : not matches
EditorAdapter.java : com.adventnet.utilities.ui.product : matches
EditorListener.java : com.adventnet.utilities.ui.product : not matches
Registry.java : com.adventnet.utilities.ui.product : not matches
RegistryListener.java : com.adventnet.utilities.ui.product : not matches
BasicJDialog.java : com.adventnet.utilities.ui.containers : not matches
BasicJInternalFrame.java : com.adventnet.utilities.ui.containers : not matches
BasicToolBar.java : com.adventnet.utilities.ui.containers : not matches
HorizontalActionToolBar.java : com.adventnet.utilities.ui.containers : not matches
ToolBar.java : com.adventnet.utilities.ui.containers : not matches
TextWidthListCellRenderer.java : com.adventnet.utilities.ui.listutils : not matches
Browser.java : com.adventnet.utilities.ui.html : not matches
HTMLUtils.java : com.adventnet.utilities.ui.html : not matches
ButtonTextField.java : com.adventnet.utilities.ui.dcomps : not matches
ButtonData.java : com.adventnet.utilities.ui.xmljd.datacontroller : not matches
ButtonHandlers.java : com.adventnet.utilities.ui.xmljd.datacontroller : not matches
DataComponentRendererInfo.java : com.adventnet.utilities.ui.xmljd.datacontroller : not matches
DataInfo.java : com.adventnet.utilities.ui.xmljd.datacontroller : not matches
DialogInfo.java : com.adventnet.utilities.ui.xmljd.datacontroller : not matches
GUIElement.java : com.adventnet.utilities.ui.xmljd.datacontroller : not matches
RendererMapping.java : com.adventnet.utilities.ui.xmljd.datacontroller : not matches
ScreenInfo.java : com.adventnet.utilities.ui.xmljd.datacontroller : not matches
XMLInterpreter.java : com.adventnet.utilities.ui.xmljd.datacontroller : not matches
XMLJDParserException.java : com.adventnet.utilities.ui.xmljd.datacontroller : not matches
BeansUI.java : com.adventnet.utilities.ui.xmljd : not matches
DataComponent.java : com.adventnet.utilities.ui.xmljd : not matches
DialogHandler.java : com.adventnet.utilities.ui.xmljd : not matches
Paging.java : com.adventnet.utilities.ui.xmljd : not matches
PagingException.java : com.adventnet.utilities.ui.xmljd : not matches
ScreenUI.java : com.adventnet.utilities.ui.xmljd : not matches
XMLJDException.java : com.adventnet.utilities.ui.xmljd : not matches
UIHelper.java : com.adventnet.utilities.ui.helper : not matches
DebugInterface.java : com.adventnet.utilities.framework.event : not matches
ErrorEvent.java : com.adventnet.utilities.framework.event : not matches
ErrorListener.java : com.adventnet.utilities.framework.event : not matches
FrameworkUIInterface.java : com.adventnet.utilities.framework.event : not matches
JMacsEditorUIInterface.java : com.adventnet.utilities.framework.event : not matches
ProjectHandle.java : com.adventnet.utilities.framework.event : not matches
PropertyChangedListener.java : com.adventnet.utilities.framework.event : not matches
StatusBarInterface.java : com.adventnet.utilities.framework.event : not matches
StatusBarUIInterface.java : com.adventnet.utilities.framework.event : not matches
SwingEventUtils.java : com.adventnet.utilities.framework.event : not matches
ToolBarListener.java : com.adventnet.utilities.framework.event : not matches
UIProjectHandle.java : com.adventnet.utilities.framework.event : not matches
WorkspaceInterface.java : com.adventnet.utilities.framework.event : not matches
FrameworkEditPreferencesUI.java : com.adventnet.utilities.framework : not matches
BasicToolBar.java : com.adventnet.utilities.framework : not matches
ConfigFileInfo.java : com.adventnet.utilities.framework : not matches
DefaultConfigFileInfo.java : com.adventnet.utilities.framework : not matches
FatalError.java : com.adventnet.utilities.framework : not matches
FileTreeCellRenderer.java : com.adventnet.utilities.framework : not matches
FloatableToolsBar.java : com.adventnet.utilities.framework : not matches
Framework.java : com.adventnet.utilities.framework : not matches
FrameworkAboutUs.java : com.adventnet.utilities.framework : not matches
FrameworkEditPreferences.java : com.adventnet.utilities.framework : not matches
FrameworkFileTree.java : com.adventnet.utilities.framework : not matches
FrameworkProjectProperties.java : com.adventnet.utilities.framework : not matches
FrameworkProjectSettings.java : com.adventnet.utilities.framework : not matches
FrameworkProperties.java : com.adventnet.utilities.framework : not matches
FrameworkSupportFile.java : com.adventnet.utilities.framework : not matches
JIFForJMacs.java : com.adventnet.utilities.framework : not matches
JIFForTree.java : com.adventnet.utilities.framework : not matches
MenuBarCreator.java : com.adventnet.utilities.framework : not matches
MenuCreator.java : com.adventnet.utilities.framework : not matches
OutputDialog.java : com.adventnet.utilities.framework : not matches
ProjectDialog.java : com.adventnet.utilities.framework : not matches
ProjectModel.java : com.adventnet.utilities.framework : not matches
StatusBar.java : com.adventnet.utilities.framework : not matches
TipsXMLData.java : com.adventnet.utilities.framework : not matches
Workspace.java : com.adventnet.utilities.framework : not matches
AboutUs.java : com.adventnet.utilities.ui.accessories : not matches
AdvancedAboutDialog.java : com.adventnet.utilities.ui.accessories : not matches
DateAndTime.java : com.adventnet.utilities.ui.accessories : not matches
FlashScreen.java : com.adventnet.utilities.ui.accessories : not matches
StartupPanel.java : com.adventnet.utilities.ui.accessories : not matches
MultiLineToolTipUI.java : com.adventnet.utilities.ui.accessories : not matches
TipOfTheDayDialog.java : com.adventnet.utilities.ui.accessories : not matches
TipsDataAbs.java : com.adventnet.utilities.ui.accessories : not matches
AttributeDialog.java : com.adventnet.utilities.ui.beans.attributedialog : not matches
AttributeInfo.java : com.adventnet.utilities.ui.beans.attributedialog : not matches
AttributeInterface.java : com.adventnet.utilities.ui.beans.attributedialog : not matches
