MaxMinStatesEditor.java : com.adventnet.beans.threshold : not matches
MaxMinThresholdAlerterBeanInfo.java : com.adventnet.beans.threshold : not matches
ThresholdAlerterBeanInfo.java : com.adventnet.beans.threshold : not matches
ThresholdStatesEditor.java : com.adventnet.beans.threshold : not matches
AdventNetPollerBeanInfo.java : com.adventnet.beans.utilbeans : not matches
AdventNetTimerBeanInfo.java : com.adventnet.beans.utilbeans : not matches
AdventNetTreeBeanInfo.java : com.adventnet.beans.utilbeans : not matches
AdventNetTreeEditorUI.java : com.adventnet.beans.utilbeans : not matches
AdventNetTreePropertyEditor.java : com.adventnet.beans.utilbeans : not matches
CalendarBeanInfo.java : com.adventnet.beans.utilbeans : not matches
DecimalSpinControlBeanInfo.java : com.adventnet.beans.utilbeans : not matches
DialogOptionEditor.java : com.adventnet.beans.utilbeans : not matches
NumericSpinControlBeanInfo.java : com.adventnet.beans.utilbeans : not matches
OptionDialogBeanInfo.java : com.adventnet.beans.utilbeans : not matches
OptionDialogInformerBeanInfo.java : com.adventnet.beans.utilbeans : not matches
OptionDialogInformerTypeEditor.java : com.adventnet.beans.utilbeans : not matches
OptionDialogTypeEditor.java : com.adventnet.beans.utilbeans : not matches
TimeBeanInfo.java : com.adventnet.beans.utilbeans : not matches
DecimalTextFieldBeanInfo.java : com.adventnet.beans.text : not matches
IpAddressFieldBeanInfo.java : com.adventnet.beans.text : not matches
NetAddressFieldBeanInfo.java : com.adventnet.beans.text : not matches
NumericTextFieldBeanInfo.java : com.adventnet.beans.text : not matches
CardPanelBeanInfo.java : com.adventnet.beans.panels : not matches
ExportTableBeanInfo.java : com.adventnet.beans.table : not matches
PrintTableBeanInfo.java : com.adventnet.beans.table : not matches
PropertyTableBeanInfo.java : com.adventnet.beans.table : not matches
SortTableBeanInfo.java : com.adventnet.beans.table : not matches
TableScrollPaneBeanInfo.java : com.adventnet.beans.table : not matches
ExtendedPropertyEditor.java : com.adventnet.beans.utils : not matches
SuperBeanInfo.java : com.adventnet.beans.utils : not matches
PropertyEditorInterface.java : com.adventnet.beans.utils : not matches
CombinerBeanInfo.java : com.adventnet.swing : not matches
JDBCAdapterBeanInfo.java : com.adventnet.swing : not matches
ColorComboBoxBeanInfo.java : com.adventnet.swing : not matches
JComboBoxBeanInfo.java : com.adventnet.swing : not matches
