LogInterface.java : com.adventnet.management.transport : not matches
SessionTransportProvider.java : com.adventnet.management.transport : not matches
TcpClientTransportImpl.java : com.adventnet.management.transport : not matches
TcpServerTransportImpl.java : com.adventnet.management.transport : not matches
TcpSessionTransportImpl.java : com.adventnet.management.transport : not matches
TransportException.java : com.adventnet.management.transport : not matches
TransportProvider.java : com.adventnet.management.transport : not matches
TransportUtil.java : com.adventnet.management.transport : not matches
AsyncV3HandShake.java : com.adventnet.snmp.beans : not matches
ClippedTable.java : com.adventnet.snmp.beans : not matches
CloneOid.java : com.adventnet.snmp.beans : not matches
CustomizerTemplate.java : com.adventnet.snmp.beans : not matches
DataException.java : com.adventnet.snmp.beans : not matches
ErrorMessages.java : com.adventnet.snmp.beans : not matches
MibNamesEditor.java : com.adventnet.snmp.beans : not matches
NotificationAdaptor.java : com.adventnet.snmp.beans : not matches
ObjectIDEditor.java : com.adventnet.snmp.beans : not matches
ObjectIDEditorList.java : com.adventnet.snmp.beans : not matches
ObjectIDHelper.java : com.adventnet.snmp.beans : not matches
ParsedTrapEvent.java : com.adventnet.snmp.beans : not matches
Parsers.java : com.adventnet.snmp.beans : not matches
PropertyCustomizer.java : com.adventnet.snmp.beans : not matches
PropertyCustomPanel.java : com.adventnet.snmp.beans : not matches
RequestEvent.java : com.adventnet.snmp.beans : not matches
RequestListener.java : com.adventnet.snmp.beans : not matches
ResultAdapter.java : com.adventnet.snmp.beans : not matches
ResultEvent.java : com.adventnet.snmp.beans : not matches
ResultListener.java : com.adventnet.snmp.beans : not matches
SnmpAugmentTable.java : com.adventnet.snmp.beans : not matches
SnmpPoller.java : com.adventnet.snmp.beans : not matches
SnmpPropertyChangeEvent.java : com.adventnet.snmp.beans : not matches
SnmpPropertyListener.java : com.adventnet.snmp.beans : not matches
SnmpRequestServer.java : com.adventnet.snmp.beans : not matches
SnmpResultObject.java : com.adventnet.snmp.beans : not matches
SnmpServer.java : com.adventnet.snmp.beans : not matches
SnmpTable.java : com.adventnet.snmp.beans : not matches
SnmpTableEvent.java : com.adventnet.snmp.beans : not matches
SnmpTableListener.java : com.adventnet.snmp.beans : not matches
SnmpTarget.java : com.adventnet.snmp.beans : not matches
SnmpTrapReceiver.java : com.adventnet.snmp.beans : not matches
TrapEvent.java : com.adventnet.snmp.beans : not matches
TrapListener.java : com.adventnet.snmp.beans : not matches
TrapParserListener.java : com.adventnet.snmp.beans : not matches
V3HandShakeResultEvent.java : com.adventnet.snmp.beans : not matches
V3HandShakeResultListener.java : com.adventnet.snmp.beans : not matches
SnmpTarget.java : com.adventnet.snmp.corba : not matches
SnmpTargetImpl.java : com.adventnet.snmp.corba : not matches
ACVariation.java : com.adventnet.snmp.mibs : not matches
AgentCapabilities.java : com.adventnet.snmp.mibs : not matches
AgentCapabilitiesModule.java : com.adventnet.snmp.mibs : not matches
ErrorObject.java : com.adventnet.snmp.mibs : not matches
ImportResolver.java : com.adventnet.snmp.mibs : not matches
JdbcACVariation.java : com.adventnet.snmp.mibs : not matches
JdbcAgentCapabilities.java : com.adventnet.snmp.mibs : not matches
JdbcAgentCapabilitiesModule.java : com.adventnet.snmp.mibs : not matches
JdbcLeafSyntax.java : com.adventnet.snmp.mibs : not matches
JdbcMibModule.java : com.adventnet.snmp.mibs : not matches
JdbcMibModuleCompliance.java : com.adventnet.snmp.mibs : not matches
JdbcMibNode.java : com.adventnet.snmp.mibs : not matches
JdbcMibOperations.java : com.adventnet.snmp.mibs : not matches
JdbcMibTC.java : com.adventnet.snmp.mibs : not matches
JdbcMibTrap.java : com.adventnet.snmp.mibs : not matches
JdbcModuleCompliance.java : com.adventnet.snmp.mibs : not matches
JdbcModuleComplianceModule.java : com.adventnet.snmp.mibs : not matches
JdbcModuleIdentity.java : com.adventnet.snmp.mibs : not matches
JdbcNotificationGroup.java : com.adventnet.snmp.mibs : not matches
JdbcNotificationType.java : com.adventnet.snmp.mibs : not matches
JdbcObjectGroup.java : com.adventnet.snmp.mibs : not matches
LeafSyntax.java : com.adventnet.snmp.mibs : not matches
MCGroup.java : com.adventnet.snmp.mibs : not matches
MCObject.java : com.adventnet.snmp.mibs : not matches
MibErrorMessages.java : com.adventnet.snmp.mibs : not matches
MibException.java : com.adventnet.snmp.mibs : not matches
MibMacro.java : com.adventnet.snmp.mibs : not matches
MibModule.java : com.adventnet.snmp.mibs : not matches
MibModuleCompliance.java : com.adventnet.snmp.mibs : not matches
MibNode.java : com.adventnet.snmp.mibs : not matches
MibOperations.java : com.adventnet.snmp.mibs : not matches
ACModule.java : com.adventnet.snmp.mibs.mibparser : not matches
ACVariation.java : com.adventnet.snmp.mibs.mibparser : not matches
ASCII_UCodeESC_CharStream.java : com.adventnet.snmp.mibs.mibparser : not matches
BaseSyntax.java : com.adventnet.snmp.mibs.mibparser : not matches
CommentClass.java : com.adventnet.snmp.mibs.mibparser : not matches
CreateDataBaseInsert.java : com.adventnet.snmp.mibs.mibparser : not matches
MappingConstants.java : com.adventnet.snmp.mibs.mibparser : not matches
MCModule.java : com.adventnet.snmp.mibs.mibparser : not matches
MIBConstants.java : com.adventnet.snmp.mibs.mibparser : not matches
MIBParser.java : com.adventnet.snmp.mibs.mibparser : not matches
MIBParserConstants.java : com.adventnet.snmp.mibs.mibparser : not matches
MIBParserTokenManager.java : com.adventnet.snmp.mibs.mibparser : not matches
MIBWriter.java : com.adventnet.snmp.mibs.mibparser : not matches
ModuleGroup.java : com.adventnet.snmp.mibs.mibparser : not matches
NameNumber.java : com.adventnet.snmp.mibs.mibparser : not matches
ParseException.java : com.adventnet.snmp.mibs.mibparser : not matches
ParserErrorMessage.java : com.adventnet.snmp.mibs.mibparser : not matches
RangeList.java : com.adventnet.snmp.mibs.mibparser : not matches
SyntaxAgentCapabilities.java : com.adventnet.snmp.mibs.mibparser : not matches
SyntaxModuleCompliance.java : com.adventnet.snmp.mibs.mibparser : not matches
SyntaxModuleIdentity.java : com.adventnet.snmp.mibs.mibparser : not matches
SyntaxNotification.java : com.adventnet.snmp.mibs.mibparser : not matches
SyntaxNotificationGroup.java : com.adventnet.snmp.mibs.mibparser : not matches
SyntaxNumber.java : com.adventnet.snmp.mibs.mibparser : not matches
SyntaxObjectGroup.java : com.adventnet.snmp.mibs.mibparser : not matches
SyntaxObjectIdentity.java : com.adventnet.snmp.mibs.mibparser : not matches
SyntaxObjectType.java : com.adventnet.snmp.mibs.mibparser : not matches
SyntaxOID.java : com.adventnet.snmp.mibs.mibparser : not matches
SyntaxSequence.java : com.adventnet.snmp.mibs.mibparser : not matches
SyntaxString.java : com.adventnet.snmp.mibs.mibparser : not matches
SyntaxTextualConvention.java : com.adventnet.snmp.mibs.mibparser : not matches
SyntaxTrapType.java : com.adventnet.snmp.mibs.mibparser : not matches
Token.java : com.adventnet.snmp.mibs.mibparser : not matches
TokenMgrError.java : com.adventnet.snmp.mibs.mibparser : not matches
MibParserConstants.java : com.adventnet.snmp.mibs : not matches
MibTC.java : com.adventnet.snmp.mibs : not matches
MibTrap.java : com.adventnet.snmp.mibs : not matches
ModuleCompliance.java : com.adventnet.snmp.mibs : not matches
ModuleComplianceModule.java : com.adventnet.snmp.mibs : not matches
ModuleIdentity.java : com.adventnet.snmp.mibs : not matches
NotificationGroup.java : com.adventnet.snmp.mibs : not matches
NotificationType.java : com.adventnet.snmp.mibs : not matches
ObjectGroup.java : com.adventnet.snmp.mibs : not matches
RangeList.java : com.adventnet.snmp.mibs : not matches
Sequence.java : com.adventnet.snmp.mibs : not matches
SnmpDateAndTime.java : com.adventnet.snmp.mibs : not matches
ErrorMapping.java : com.adventnet.snmp.proxy : not matches
ProxyForwarder.java : com.adventnet.snmp.proxy : not matches
TrapTranslation.java : com.adventnet.snmp.proxy : not matches
ACMProvider.java : com.adventnet.snmp.snmp2 : not matches
Address.java : com.adventnet.snmp.snmp2 : not matches
ASN1Parser.java : com.adventnet.snmp.snmp2 : not matches
ASNTypes.java : com.adventnet.snmp.snmp2 : not matches
CallbackArgs.java : com.adventnet.snmp.snmp2 : not matches
ConnectionListener.java : com.adventnet.snmp.snmp2 : not matches
DatabaseOperationsImpl.java : com.adventnet.snmp.snmp2 : not matches
ExponentialTimeoutPolicy.java : com.adventnet.snmp.snmp2 : not matches
HttpCommunication.java : com.adventnet.snmp.snmp2 : not matches
HttpListener.java : com.adventnet.snmp.snmp2 : not matches
HttpListenerImpl.java : com.adventnet.snmp.snmp2 : not matches
HttpPacket.java : com.adventnet.snmp.snmp2 : not matches
MigrateProperties.java : com.adventnet.snmp.snmp2 : not matches
PacketArgs.java : com.adventnet.snmp.snmp2 : not matches
PacketSender.java : com.adventnet.snmp.snmp2 : not matches
ProtocolOptions.java : com.adventnet.snmp.snmp2 : not matches
ReflectClass.java : com.adventnet.snmp.snmp2 : not matches
ResultSetAdapter.java : com.adventnet.snmp.snmp2 : not matches
ResultSetImpl.java : com.adventnet.snmp.snmp2 : not matches
SASAppletStub.java : com.adventnet.snmp.snmp2 : not matches
SASClient.java : com.adventnet.snmp.snmp2 : not matches
SASProtocolOptions.java : com.adventnet.snmp.snmp2 : not matches
SASResponseMsg.java : com.adventnet.snmp.snmp2 : not matches
SASTransportImpl.java : com.adventnet.snmp.snmp2 : not matches
SnmpCommunityEntry.java : com.adventnet.snmp.snmp2.security.community : not matches
SnmpCommunityTable.java : com.adventnet.snmp.snmp2.security.community : not matches
SecurityModelEntry.java : com.adventnet.snmp.snmp2 : not matches
SecurityModelTable.java : com.adventnet.snmp.snmp2 : not matches
SecurityProvider.java : com.adventnet.snmp.snmp2 : not matches
RequestHandler.java : com.adventnet.snmp.snmp2.server : not matches
SyncClient.java : com.adventnet.snmp.snmp2.server : not matches
ServletCommunication.java : com.adventnet.snmp.snmp2 : not matches
SimplePDU.java : com.adventnet.snmp.snmp2 : not matches
Snmp3Message.java : com.adventnet.snmp.snmp2 : not matches
SnmpACM.java : com.adventnet.snmp.snmp2 : not matches
SnmpAPI.java : com.adventnet.snmp.snmp2 : not matches
SnmpBits.java : com.adventnet.snmp.snmp2 : not matches
SnmpBitstring.java : com.adventnet.snmp.snmp2 : not matches
SnmpCallback.java : com.adventnet.snmp.snmp2 : not matches
SnmpClient.java : com.adventnet.snmp.snmp2 : not matches
SnmpCounter.java : com.adventnet.snmp.snmp2 : not matches
SnmpCounter64.java : com.adventnet.snmp.snmp2 : not matches
SnmpEngineEntry.java : com.adventnet.snmp.snmp2 : not matches
SnmpEngineTable.java : com.adventnet.snmp.snmp2 : not matches
SnmpException.java : com.adventnet.snmp.snmp2 : not matches
SnmpGauge.java : com.adventnet.snmp.snmp2 : not matches
SnmpGroup.java : com.adventnet.snmp.snmp2 : not matches
SnmpInt.java : com.adventnet.snmp.snmp2 : not matches
SnmpIpAddress.java : com.adventnet.snmp.snmp2 : not matches
SnmpIpv4Address.java : com.adventnet.snmp.snmp2 : not matches
SnmpIpv6Address.java : com.adventnet.snmp.snmp2 : not matches
SnmpMessage.java : com.adventnet.snmp.snmp2 : not matches
SnmpNetworkAddress.java : com.adventnet.snmp.snmp2 : not matches
SnmpNotifyEntry.java : com.adventnet.snmp.snmp2 : not matches
SnmpNotifyFilterEntry.java : com.adventnet.snmp.snmp2 : not matches
SnmpNotifyFilterProfileEntry.java : com.adventnet.snmp.snmp2 : not matches
SnmpNotifyFilterProfileTable.java : com.adventnet.snmp.snmp2 : not matches
SnmpNotifyFilterTable.java : com.adventnet.snmp.snmp2 : not matches
SnmpNotifyModule.java : com.adventnet.snmp.snmp2 : not matches
SnmpNotifyTable.java : com.adventnet.snmp.snmp2 : not matches
SnmpNsap.java : com.adventnet.snmp.snmp2 : not matches
SnmpNull.java : com.adventnet.snmp.snmp2 : not matches
SnmpOID.java : com.adventnet.snmp.snmp2 : not matches
SnmpOpaque.java : com.adventnet.snmp.snmp2 : not matches
SnmpPDU.java : com.adventnet.snmp.snmp2 : not matches
SnmpProperties.java : com.adventnet.snmp.snmp2 : not matches
SnmpProxyEntry.java : com.adventnet.snmp.snmp2 : not matches
SnmpProxyModule.java : com.adventnet.snmp.snmp2 : not matches
SnmpProxyTable.java : com.adventnet.snmp.snmp2 : not matches
SnmpSession.java : com.adventnet.snmp.snmp2 : not matches
SnmpString.java : com.adventnet.snmp.snmp2 : not matches
SnmpTargetAddrEntry.java : com.adventnet.snmp.snmp2 : not matches
SnmpTargetAddrExtEntry.java : com.adventnet.snmp.snmp2 : not matches
SnmpTargetAddrExtTable.java : com.adventnet.snmp.snmp2 : not matches
SnmpTargetAddrTable.java : com.adventnet.snmp.snmp2 : not matches
SnmpTargetParamsEntry.java : com.adventnet.snmp.snmp2 : not matches
SnmpTargetParamsTable.java : com.adventnet.snmp.snmp2 : not matches
SnmpTimeticks.java : com.adventnet.snmp.snmp2 : not matches
SnmpTransportPacket.java : com.adventnet.snmp.snmp2 : not matches
SnmpTransportProvider.java : com.adventnet.snmp.snmp2 : not matches
SnmpUnsignedInt.java : com.adventnet.snmp.snmp2 : not matches
SnmpVar.java : com.adventnet.snmp.snmp2 : not matches
SnmpVarBind.java : com.adventnet.snmp.snmp2 : not matches
TcpProperty.java : com.adventnet.snmp.snmp2 : not matches
TcpProtocolOptionsImpl.java : com.adventnet.snmp.snmp2 : not matches
TcpReceiver.java : com.adventnet.snmp.snmp2 : not matches
TcpTransportImpl.java : com.adventnet.snmp.snmp2 : not matches
TimeoutPolicy.java : com.adventnet.snmp.snmp2 : not matches
UDPCommunication.java : com.adventnet.snmp.snmp2 : not matches
UDPProtocolOptions.java : com.adventnet.snmp.snmp2 : not matches
UDPTransportImpl.java : com.adventnet.snmp.snmp2 : not matches
StringEncrypter.java : com.adventnet.snmp.snmp2.usm : not matches
USMSecurity.java : com.adventnet.snmp.snmp2.usm : not matches
USMSecurityCryptix31.java : com.adventnet.snmp.snmp2.usm : not matches
USMSecurityCryptix32.java : com.adventnet.snmp.snmp2.usm : not matches
USMSecurityJCE.java : com.adventnet.snmp.snmp2.usm : not matches
USMStats.java : com.adventnet.snmp.snmp2.usm : not matches
USMUserEntry.java : com.adventnet.snmp.snmp2.usm : not matches
USMUserTable.java : com.adventnet.snmp.snmp2.usm : not matches
USMUtils.java : com.adventnet.snmp.snmp2.usm : not matches
SnmpVacm.java : com.adventnet.snmp.snmp2.vacm : not matches
VacmAccessEntry.java : com.adventnet.snmp.snmp2.vacm : not matches
VacmContextEntry.java : com.adventnet.snmp.snmp2.vacm : not matches
VacmContextTable.java : com.adventnet.snmp.snmp2.vacm : not matches
VacmFamilyEntry.java : com.adventnet.snmp.snmp2.vacm : not matches
VacmGroupAccessEntry.java : com.adventnet.snmp.snmp2.vacm : not matches
VacmGroupAccessTable.java : com.adventnet.snmp.snmp2.vacm : not matches
VacmGroupEntry.java : com.adventnet.snmp.snmp2.vacm : not matches
VacmGroupTable.java : com.adventnet.snmp.snmp2.vacm : not matches
VacmViewTreeEntry.java : com.adventnet.snmp.snmp2.vacm : not matches
VacmViewTreeTable.java : com.adventnet.snmp.snmp2.vacm : not matches
AutoScrollTextArea.java : com.adventnet.snmp.ui : not matches
BarDialog.java : com.adventnet.snmp.ui : not matches
BarGraphBean.java : com.adventnet.snmp.ui : not matches
BaseColumnClass.java : com.adventnet.snmp.ui : not matches
BroadCastPanel.java : com.adventnet.snmp.ui : not matches
BrowserAction.java : com.adventnet.snmp.ui : not matches
BrowserControl.java : com.adventnet.snmp.ui : not matches
BrowserDataModel.java : com.adventnet.snmp.ui : not matches
BrowserProperty.java : com.adventnet.snmp.ui : not matches
CompTitledBorder.java : com.adventnet.snmp.ui : not matches
CompTitledPane.java : com.adventnet.snmp.ui : not matches
CriticalSettings.java : com.adventnet.snmp.ui : not matches
CustomizeLevel.java : com.adventnet.snmp.ui : not matches
CustomTrapEditor.java : com.adventnet.snmp.ui : not matches
DebugInterface.java : com.adventnet.snmp.ui : not matches
DefaultMibBrowserModel.java : com.adventnet.snmp.ui : not matches
DefaultSnmpTablePanelModel.java : com.adventnet.snmp.ui : not matches
DieInterface.java : com.adventnet.snmp.ui : not matches
ErrorDetails.java : com.adventnet.snmp.ui : not matches
ErrorDialog.java : com.adventnet.snmp.ui : not matches
FindDialog.java : com.adventnet.snmp.ui : not matches
GeneralSettingsPanel.java : com.adventnet.snmp.ui : not matches
Graph.java : com.adventnet.snmp.ui : not matches
GraphDialog.java : com.adventnet.snmp.ui : not matches
GraphWrapper.java : com.adventnet.snmp.ui : not matches
HeaderEditor.java : com.adventnet.snmp.ui : not matches
IndexEditor.java : com.adventnet.snmp.ui : not matches
JDBCParams.java : com.adventnet.snmp.ui : not matches
LineGraphBean.java : com.adventnet.snmp.ui : not matches
LineGraphBeanWrapper.java : com.adventnet.snmp.ui : not matches
LoadDialog.java : com.adventnet.snmp.ui : not matches
MbDisplayPanel.java : com.adventnet.snmp.ui : not matches
MbSettingsFrame.java : com.adventnet.snmp.ui : not matches
MessageWindow.java : com.adventnet.snmp.ui : not matches
MibBrowser.java : com.adventnet.snmp.ui : not matches
MibBrowserModel.java : com.adventnet.snmp.ui : not matches
MibBrowserUI.java : com.adventnet.snmp.ui : not matches
MibDescription.java : com.adventnet.snmp.ui : not matches
MibDescriptionUI.java : com.adventnet.snmp.ui : not matches
MibListDialog.java : com.adventnet.snmp.ui : not matches
MibSettingsModel.java : com.adventnet.snmp.ui : not matches
MibSettingsPanel.java : com.adventnet.snmp.ui : not matches
MibsJDBCDialog.java : com.adventnet.snmp.ui : not matches
MibTree.java : com.adventnet.snmp.ui : not matches
MibTreeComponent.java : com.adventnet.snmp.ui : not matches
MouseMotionTable.java : com.adventnet.snmp.ui : not matches
MouseTable.java : com.adventnet.snmp.ui : not matches
NodeData.java : com.adventnet.snmp.ui : not matches
NodeIconRenderer.java : com.adventnet.snmp.ui : not matches
NodeSystemTreeModel.java : com.adventnet.snmp.ui : not matches
NormalSettings.java : com.adventnet.snmp.ui : not matches
PropertyCombiner.java : com.adventnet.snmp.ui : not matches
PropertyCombinerEvent.java : com.adventnet.snmp.ui : not matches
PropertyCombinerListener.java : com.adventnet.snmp.ui : not matches
PropertySettings.java : com.adventnet.snmp.ui : not matches
RowAddEditor.java : com.adventnet.snmp.ui : not matches
SasClientFunction.java : com.adventnet.snmp.ui : not matches
SasFileDialog.java : com.adventnet.snmp.ui : not matches
SasFileDialogBeanInfo.java : com.adventnet.snmp.ui : not matches
SaveDialog.java : com.adventnet.snmp.ui : not matches
SearchListener.java : com.adventnet.snmp.ui : not matches
SeriousSettings.java : com.adventnet.snmp.ui : not matches
SettingsDialog.java : com.adventnet.snmp.ui : not matches
ShadesGrid.java : com.adventnet.snmp.ui : not matches
SnmpParameterPanel.java : com.adventnet.snmp.ui : not matches
SnmpTableModel.java : com.adventnet.snmp.ui : not matches
SnmpTablePanel.java : com.adventnet.snmp.ui : not matches
SnmpTablePanelModel.java : com.adventnet.snmp.ui : not matches
SnmpTablePanelUI.java : com.adventnet.snmp.ui : not matches
SnmpTasks.java : com.adventnet.snmp.ui : not matches
StateTransmitter.java : com.adventnet.snmp.ui : not matches
TableBarGraph.java : com.adventnet.snmp.ui : not matches
TableBean.java : com.adventnet.snmp.ui : not matches
TableGraph.java : com.adventnet.snmp.ui : not matches
TableMap.java : com.adventnet.snmp.ui : not matches
TableSorter.java : com.adventnet.snmp.ui : not matches
TextPrinter.java : com.adventnet.snmp.ui : not matches
TextWriter.java : com.adventnet.snmp.ui : not matches
ToolBar.java : com.adventnet.snmp.ui : not matches
TrapBrowser.java : com.adventnet.snmp.ui : not matches
TrapLogging.java : com.adventnet.snmp.ui : not matches
TrapNotificationsUtil.java : com.adventnet.snmp.ui : not matches
TrapParser.java : com.adventnet.snmp.ui : not matches
TrapParserBean.java : com.adventnet.snmp.ui : not matches
TrapParserCustomizer.java : com.adventnet.snmp.ui : not matches
TrapParserEditor.java : com.adventnet.snmp.ui : not matches
TrapTasks.java : com.adventnet.snmp.ui : not matches
TrapViewer.java : com.adventnet.snmp.ui : not matches
Utility.java : com.adventnet.snmp.ui : not matches
Utils.java : com.adventnet.snmp.ui : not matches
ListFilesFromAppletDir.java : com.adventnet.snmp.utils : not matches
MibToCMI.java : com.adventnet.snmp.utils : not matches
SnmpDecoder.java : com.adventnet.snmp.utils : not matches
ButtonPanel.java : com.adventnet.utils : not matches
ConfigXml.java : com.adventnet.utils : not matches
CustomFileFilter.java : com.adventnet.utils : not matches
DatabaseOperations.java : com.adventnet.utils : not matches
DatabaseTableParams.java : com.adventnet.utils : not matches
DumpConfig.java : com.adventnet.utils : not matches
FileUtils.java : com.adventnet.utils : not matches
LedPanel.java : com.adventnet.utils : not matches
Log.java : com.adventnet.utils : not matches
LogInterface.java : com.adventnet.utils : not matches
LogManager.java : com.adventnet.utils : not matches
LogMessage.java : com.adventnet.utils : not matches
MyPrintStream.java : com.adventnet.utils : not matches
NumericTextField.java : com.adventnet.utils : not matches
OidTextField.java : com.adventnet.utils : not matches
Output.java : com.adventnet.utils : not matches
ParseConfig.java : com.adventnet.utils : not matches
ParseHolder.java : com.adventnet.utils : not matches
RadioGroupPanel.java : com.adventnet.utils : not matches
Scheduler.java : com.adventnet.utils : matches
SendMail.java : com.adventnet.utils : not matches
SnmpLoggerImpl.java : com.adventnet.utils : not matches
SnmpResourceBundle.java : com.adventnet.utils : not matches
SnmpUIUtils.java : com.adventnet.utils : not matches
SnmpUtils.java : com.adventnet.utils : not matches
StatusPanel.java : com.adventnet.utils : not matches
StringEncrypter.java : com.adventnet.utils : not matches
TrapLogger.java : com.adventnet.utils : not matches
WorkerThread.java : com.adventnet.utils : not matches
