LogInterface.java : com.adventnet.snmp.rmi : not matches
LogManager.java : com.adventnet.snmp.rmi : not matches
LogManagerImpl.java : com.adventnet.snmp.rmi : not matches
MibOperations.java : com.adventnet.snmp.rmi : not matches
MibOperationsImpl.java : com.adventnet.snmp.rmi : not matches
MibOperationsImpl_Skel.java : com.adventnet.snmp.rmi : not matches
MibOperationsImpl_Stub.java : com.adventnet.snmp.rmi : not matches
ResultListener.java : com.adventnet.snmp.rmi : not matches
SnmpEJBServer.java : com.adventnet.snmp.rmi : not matches
SnmpEJBServerImpl.java : com.adventnet.snmp.rmi : not matches
SnmpEJBServerImpl_Skel.java : com.adventnet.snmp.rmi : not matches
SnmpEJBServerImpl_Stub.java : com.adventnet.snmp.rmi : not matches
SnmpFactory.java : com.adventnet.snmp.rmi : not matches
SnmpFactoryImpl.java : com.adventnet.snmp.rmi : not matches
SnmpFactoryImpl_Skel.java : com.adventnet.snmp.rmi : not matches
SnmpFactoryImpl_Stub.java : com.adventnet.snmp.rmi : not matches
SnmpPoller.java : com.adventnet.snmp.rmi : not matches
SnmpPollerImpl.java : com.adventnet.snmp.rmi : not matches
SnmpPollerImpl_Skel.java : com.adventnet.snmp.rmi : not matches
SnmpPollerImpl_Stub.java : com.adventnet.snmp.rmi : not matches
SnmpRequestServer.java : com.adventnet.snmp.rmi : not matches
SnmpRequestServerImpl.java : com.adventnet.snmp.rmi : not matches
SnmpRequestServerImpl_Skel.java : com.adventnet.snmp.rmi : not matches
SnmpRequestServerImpl_Stub.java : com.adventnet.snmp.rmi : not matches
SnmpTable.java : com.adventnet.snmp.rmi : not matches
SnmpTableImpl.java : com.adventnet.snmp.rmi : not matches
SnmpTableImpl_Skel.java : com.adventnet.snmp.rmi : not matches
SnmpTableImpl_Stub.java : com.adventnet.snmp.rmi : not matches
SnmpTableListener.java : com.adventnet.snmp.rmi : not matches
SnmpTarget.java : com.adventnet.snmp.rmi : not matches
SnmpTargetImpl.java : com.adventnet.snmp.rmi : not matches
SnmpTargetImpl_Skel.java : com.adventnet.snmp.rmi : not matches
SnmpTargetImpl_Stub.java : com.adventnet.snmp.rmi : not matches
SnmpTrapReceiver.java : com.adventnet.snmp.rmi : not matches
SnmpTrapReceiverImpl.java : com.adventnet.snmp.rmi : not matches
SnmpTrapReceiverImpl_Skel.java : com.adventnet.snmp.rmi : not matches
SnmpTrapReceiverImpl_Stub.java : com.adventnet.snmp.rmi : not matches
TrapListener.java : com.adventnet.snmp.rmi : not matches
MibOperations.java : com.adventnet.snmp.ejb : not matches
MibOperationsHome.java : com.adventnet.snmp.ejb : not matches
SnmpTable.java : com.adventnet.snmp.ejb : not matches
SnmpTableHome.java : com.adventnet.snmp.ejb : not matches
SnmpTarget.java : com.adventnet.snmp.ejb : not matches
SnmpTargetHome.java : com.adventnet.snmp.ejb : not matches
RequestEvent.java : com.adventnet.snmp.corba : not matches
RequestEventHelper.java : com.adventnet.snmp.corba : not matches
RequestEventHolder.java : com.adventnet.snmp.corba : not matches
ResultEvent.java : com.adventnet.snmp.corba : not matches
ResultEventHelper.java : com.adventnet.snmp.corba : not matches
ResultEventHolder.java : com.adventnet.snmp.corba : not matches
ResultListener.java : com.adventnet.snmp.corba : not matches
ResultListenerHelper.java : com.adventnet.snmp.corba : not matches
ResultListenerHolder.java : com.adventnet.snmp.corba : not matches
SnmpException.java : com.adventnet.snmp.corba : not matches
SnmpExceptionHelper.java : com.adventnet.snmp.corba : not matches
SnmpExceptionHolder.java : com.adventnet.snmp.corba : not matches
SnmpFactory.java : com.adventnet.snmp.corba : not matches
SnmpFactoryHelper.java : com.adventnet.snmp.corba : not matches
SnmpFactoryHolder.java : com.adventnet.snmp.corba : not matches
SnmpFactoryImpl.java : com.adventnet.snmp.corba : not matches
SnmpPoller.java : com.adventnet.snmp.corba : not matches
SnmpPollerHelper.java : com.adventnet.snmp.corba : not matches
SnmpPollerHolder.java : com.adventnet.snmp.corba : not matches
SnmpPollerImpl.java : com.adventnet.snmp.corba : not matches
SnmpRequestServer.java : com.adventnet.snmp.corba : not matches
SnmpRequestServerHelper.java : com.adventnet.snmp.corba : not matches
SnmpRequestServerHolder.java : com.adventnet.snmp.corba : not matches
SnmpRequestServerImpl.java : com.adventnet.snmp.corba : not matches
SnmpTable.java : com.adventnet.snmp.corba : not matches
SnmpTableEvent.java : com.adventnet.snmp.corba : not matches
SnmpTableEventHelper.java : com.adventnet.snmp.corba : not matches
SnmpTableEventHolder.java : com.adventnet.snmp.corba : not matches
SnmpTableEventImpl.java : com.adventnet.snmp.corba : not matches
SnmpTableHelper.java : com.adventnet.snmp.corba : not matches
SnmpTableHolder.java : com.adventnet.snmp.corba : not matches
SnmpTableImpl.java : com.adventnet.snmp.corba : not matches
SnmpTableListener.java : com.adventnet.snmp.corba : not matches
SnmpTableListenerHelper.java : com.adventnet.snmp.corba : not matches
SnmpTableListenerHolder.java : com.adventnet.snmp.corba : not matches
SnmpTarget.java : com.adventnet.snmp.corba : not matches
SnmpTargetHelper.java : com.adventnet.snmp.corba : not matches
SnmpTargetHolder.java : com.adventnet.snmp.corba : not matches
SnmpTargetImpl.java : com.adventnet.snmp.corba : not matches
SnmpTrapReceiver.java : com.adventnet.snmp.corba : not matches
SnmpTrapReceiverHelper.java : com.adventnet.snmp.corba : not matches
SnmpTrapReceiverHolder.java : com.adventnet.snmp.corba : not matches
SnmpTrapReceiverImpl.java : com.adventnet.snmp.corba : not matches
TableEvent.java : com.adventnet.snmp.corba : not matches
TableEventHelper.java : com.adventnet.snmp.corba : not matches
TableEventHolder.java : com.adventnet.snmp.corba : not matches
TrapEvent.java : com.adventnet.snmp.corba : not matches
TrapEventHelper.java : com.adventnet.snmp.corba : not matches
TrapEventHolder.java : com.adventnet.snmp.corba : not matches
TrapListener.java : com.adventnet.snmp.corba : not matches
TrapListenerHelper.java : com.adventnet.snmp.corba : not matches
TrapListenerHolder.java : com.adventnet.snmp.corba : not matches
_ResultListenerImplBase.java : com.adventnet.snmp.corba : not matches
_ResultListenerStub.java : com.adventnet.snmp.corba : not matches
_SnmpFactoryImplBase.java : com.adventnet.snmp.corba : not matches
_SnmpFactoryStub.java : com.adventnet.snmp.corba : not matches
_SnmpPollerImplBase.java : com.adventnet.snmp.corba : not matches
_SnmpPollerStub.java : com.adventnet.snmp.corba : not matches
_SnmpRequestServerImplBase.java : com.adventnet.snmp.corba : not matches
_SnmpRequestServerStub.java : com.adventnet.snmp.corba : not matches
_SnmpTableEventImplBase.java : com.adventnet.snmp.corba : not matches
_SnmpTableEventStub.java : com.adventnet.snmp.corba : not matches
_SnmpTableImplBase.java : com.adventnet.snmp.corba : not matches
_SnmpTableListenerImplBase.java : com.adventnet.snmp.corba : not matches
_SnmpTableListenerStub.java : com.adventnet.snmp.corba : not matches
_SnmpTableStub.java : com.adventnet.snmp.corba : not matches
_SnmpTargetImplBase.java : com.adventnet.snmp.corba : not matches
_SnmpTargetStub.java : com.adventnet.snmp.corba : not matches
_SnmpTrapReceiverImplBase.java : com.adventnet.snmp.corba : not matches
_SnmpTrapReceiverStub.java : com.adventnet.snmp.corba : not matches
_TrapListenerImplBase.java : com.adventnet.snmp.corba : not matches
_TrapListenerStub.java : com.adventnet.snmp.corba : not matches
octetSeqHelper.java : com.adventnet.snmp.corba : not matches
octetSeqHolder.java : com.adventnet.snmp.corba : not matches
server.java : com.adventnet.snmp.corba : not matches
stringMatrixHelper.java : com.adventnet.snmp.corba : not matches
stringMatrixHolder.java : com.adventnet.snmp.corba : not matches
stringSeqHelper.java : com.adventnet.snmp.corba : not matches
stringSeqHolder.java : com.adventnet.snmp.corba : not matches
