CustomizerTemplate.java : com.adventnet.snmp.beans : not matches
MibNamesEditor.java : com.adventnet.snmp.beans : not matches
ObjectIDEditor.java : com.adventnet.snmp.beans : not matches
PropertyCustomizer.java : com.adventnet.snmp.beans : not matches
PropertyCustomPanel.java : com.adventnet.snmp.beans : not matches
ObjectIDHelper.java : com.adventnet.snmp.beans : not matches
NotificationAdaptorBeanInfo.java : com.adventnet.snmp.beans : not matches
SnmpPollerBeanInfo.java : com.adventnet.snmp.beans : not matches
SnmpRequestServerBeanInfo.java : com.adventnet.snmp.beans : not matches
SnmpTableBeanInfo.java : com.adventnet.snmp.beans : not matches
SnmpTargetBeanInfo.java : com.adventnet.snmp.beans : not matches
SnmpTrapReceiverBeanInfo.java : com.adventnet.snmp.beans : not matches
AsyncV3HandShake.java : com.adventnet.snmp.beans : not matches
ClippedTable.java : com.adventnet.snmp.beans : not matches
CloneOid.java : com.adventnet.snmp.beans : not matches
ErrorMessages.java : com.adventnet.snmp.beans : not matches
ParsedTrapEvent.java : com.adventnet.snmp.beans : not matches
Parsers.java : com.adventnet.snmp.beans : not matches
SnmpAugmentTable.java : com.adventnet.snmp.beans : not matches
SnmpPoller.java : com.adventnet.snmp.beans : not matches
SnmpPropertyChangeEvent.java : com.adventnet.snmp.beans : not matches
SnmpRequestServer.java : com.adventnet.snmp.beans : not matches
SnmpServer.java : com.adventnet.snmp.beans : not matches
SnmpTable.java : com.adventnet.snmp.beans : not matches
SnmpTarget.java : com.adventnet.snmp.beans : not matches
SnmpTrapReceiver.java : com.adventnet.snmp.beans : not matches
BrowserDataModel.java : com.adventnet.snmp.ui : not matches
CustomTrapEditor.java : com.adventnet.snmp.ui : not matches
TrapParserCustomizer.java : com.adventnet.snmp.ui : not matches
TrapParserEditor.java : com.adventnet.snmp.ui : not matches
LineGraphBeanBeanInfo.java : com.adventnet.snmp.ui : not matches
MibBrowserBeanInfo.java : com.adventnet.snmp.ui : not matches
MibTreeBeanInfo.java : com.adventnet.snmp.ui : not matches
PropertyCombinerBeanInfo.java : com.adventnet.snmp.ui : not matches
PropertySettingsBeanInfo.java : com.adventnet.snmp.ui : not matches
SnmpTablePanelBeanInfo.java : com.adventnet.snmp.ui : not matches
TableBeanBeanInfo.java : com.adventnet.snmp.ui : not matches
TrapBrowserBeanInfo.java : com.adventnet.snmp.ui : not matches
TrapParserBeanBeanInfo.java : com.adventnet.snmp.ui : not matches
TrapViewerBeanInfo.java : com.adventnet.snmp.ui : not matches
SnmpTableModelBeanInfo.java : com.adventnet.snmp.ui : not matches
BarDialog.java : com.adventnet.snmp.ui : not matches
DefaultMibBrowserModel.java : com.adventnet.snmp.ui : not matches
GeneralSettingsPanel.java : com.adventnet.snmp.ui : not matches
GraphDialog.java : com.adventnet.snmp.ui : not matches
JDBCParams.java : com.adventnet.snmp.ui : not matches
LineGraphBeanWrapper.java : com.adventnet.snmp.ui : not matches
LoadDialog.java : com.adventnet.snmp.ui : not matches
MbDisplayPanel.java : com.adventnet.snmp.ui : not matches
MbSettingsFrame.java : com.adventnet.snmp.ui : not matches
MibBrowser.java : com.adventnet.snmp.ui : not matches
MibBrowserModel.java : com.adventnet.snmp.ui : not matches
MibBrowserUI.java : com.adventnet.snmp.ui : not matches
MibDescription.java : com.adventnet.snmp.ui : not matches
MibDescriptionUI.java : com.adventnet.snmp.ui : not matches
MibSettingsModel.java : com.adventnet.snmp.ui : not matches
MibSettingsPanel.java : com.adventnet.snmp.ui : not matches
MibsJDBCDialog.java : com.adventnet.snmp.ui : not matches
MibTree.java : com.adventnet.snmp.ui : not matches
MouseMotionTable.java : com.adventnet.snmp.ui : not matches
MouseTable.java : com.adventnet.snmp.ui : not matches
NodeSystemTreeModel.java : com.adventnet.snmp.ui : not matches
RowAddEditor.java : com.adventnet.snmp.ui : not matches
SasFileDialog.java : com.adventnet.snmp.ui : not matches
SnmpParameterPanel.java : com.adventnet.snmp.ui : not matches
SnmpTablePanel.java : com.adventnet.snmp.ui : not matches
SnmpTablePanelModel.java : com.adventnet.snmp.ui : not matches
SnmpTablePanelUI.java : com.adventnet.snmp.ui : not matches
SnmpTasks.java : com.adventnet.snmp.ui : not matches
TableBarGraph.java : com.adventnet.snmp.ui : not matches
TableGraph.java : com.adventnet.snmp.ui : not matches
TextPrinter.java : com.adventnet.snmp.ui : not matches
TextWriter.java : com.adventnet.snmp.ui : not matches
TrapBrowser.java : com.adventnet.snmp.ui : not matches
TrapLogging.java : com.adventnet.snmp.ui : not matches
TrapParserBean.java : com.adventnet.snmp.ui : not matches
TrapParser.java : com.adventnet.snmp.ui : not matches
TrapViewer.java : com.adventnet.snmp.ui : not matches
