MaxMinThresholdAlerter.java : com.adventnet.beans.threshold : not matches
ThresholdAlerter.java : com.adventnet.beans.threshold : not matches
ThresholdEvent.java : com.adventnet.beans.threshold : not matches
ThresholdListener.java : com.adventnet.beans.threshold : not matches
ConfigurableList.java : com.adventnet.beans.guilogic : not matches
AdventNetPoller.java : com.adventnet.beans.utilbeans : not matches
AdventNetTimer.java : com.adventnet.beans.utilbeans : not matches
AdventNetTree.java : com.adventnet.beans.utilbeans : not matches
AdventNetTreeCellRenderer.java : com.adventnet.beans.utilbeans : not matches
AdventNetTreeNode.java : com.adventnet.beans.utilbeans : not matches
BasicSpinnerUI.java : com.adventnet.beans.utilbeans : not matches
Calendar.java : com.adventnet.beans.utilbeans : not matches
ClickButtons.java : com.adventnet.beans.utilbeans : not matches
DecimalSpinControl.java : com.adventnet.beans.utilbeans : not matches
MyBasicButton.java : com.adventnet.beans.utilbeans : not matches
NumericSpinControl.java : com.adventnet.beans.utilbeans : not matches
OptionDialog.java : com.adventnet.beans.utilbeans : not matches
OptionDialogConstants.java : com.adventnet.beans.utilbeans : not matches
OptionDialogInformer.java : com.adventnet.beans.utilbeans : not matches
PrintPreview.java : com.adventnet.beans.utilbeans : not matches
PrintTitlePageNum.java : com.adventnet.beans.utilbeans : not matches
ResourceUtility.java : com.adventnet.beans.utilbeans : not matches
Sort.java : com.adventnet.beans.utilbeans : not matches
SortInterface.java : com.adventnet.beans.utilbeans : not matches
Spinner.java : com.adventnet.beans.utilbeans : not matches
SpinnerUI.java : com.adventnet.beans.utilbeans : not matches
StringSpinner.java : com.adventnet.beans.utilbeans : not matches
Time.java : com.adventnet.beans.utilbeans : not matches
WholeNumberField.java : com.adventnet.beans.utilbeans : not matches
BrowserControl.java : com.adventnet.beans.utilbeans.help : not matches
ContextSensitiveHelpButton.java : com.adventnet.beans.utilbeans.help : not matches
ContextSensitiveHelpWindow.java : com.adventnet.beans.utilbeans.help : not matches
DecimalTextField.java : com.adventnet.beans.text : not matches
IpAddressField.java : com.adventnet.beans.text : not matches
NetAddressField.java : com.adventnet.beans.text : not matches
NumericTextField.java : com.adventnet.beans.text : not matches
CardInterface.java : com.adventnet.beans.panels : not matches
CardPanel.java : com.adventnet.beans.panels : not matches
CardPanelTester.java : com.adventnet.beans.panels : not matches
BaseTable.java : com.adventnet.beans.table : not matches
ColumnRendererToViewAttributes.java : com.adventnet.beans.table : not matches
ExportTable.java : com.adventnet.beans.table : not matches
PrintTable.java : com.adventnet.beans.table : not matches
PropertyTable.java : com.adventnet.beans.table : not matches
SimpleTableSelectionRenderer.java : com.adventnet.beans.table : not matches
SortHeaderListener.java : com.adventnet.beans.table : not matches
SortTable.java : com.adventnet.beans.table : not matches
SortTableHeader.java : com.adventnet.beans.table : not matches
SortTableModel.java : com.adventnet.beans.table : not matches
TableScrollPane.java : com.adventnet.beans.table : not matches
ViewFullAttribs.java : com.adventnet.beans.table : not matches
Combiner.java : com.adventnet.swing : not matches
CombinerEvent.java : com.adventnet.swing : not matches
CombinerListener.java : com.adventnet.swing : not matches
JDBCAdapter.java : com.adventnet.swing : not matches
ColorComboBox.java : com.adventnet.swing : not matches
JComboBox.java : com.adventnet.swing : not matches
DieInterface.java : com.adventnet.swing : not matches
