AutoUIAbstract.java : com.adventnet.components.autoui : not matches
AutoUIErrorInterface.java : com.adventnet.components.autoui : not matches
AutoUIEvent.java : com.adventnet.components.autoui : not matches
AutoUIEventListener.java : com.adventnet.components.autoui : not matches
AutoUIFrameworkException.java : com.adventnet.components.autoui : not matches
AutoUIInvoker.java : com.adventnet.components.autoui : not matches
AutoUIPluginInterface.java : com.adventnet.components.autoui : not matches
BasePluginInterface.java : com.adventnet.components.autoui : not matches
JavaCreator.java : com.adventnet.components.autoui : not matches
PanelTemplate.java : com.adventnet.components.autoui : not matches
ParseAndDump.java : com.adventnet.components.autoui : not matches
ParseXML.java : com.adventnet.components.autoui : not matches
TemplateLabel.java : com.adventnet.components.autoui : not matches
TitlePanel.java : com.adventnet.components.autoui : not matches
WizardAPI.java : com.adventnet.components.autoui : not matches
WizardParserException.java : com.adventnet.components.autoui : not matches
WizardScreen.java : com.adventnet.components.autoui : not matches
XMLToUI.java : com.adventnet.components.autoui : not matches
DumpWizardConfig.java : com.adventnet.components.autoui : not matches
NonUIPluginInterface.java : com.adventnet.components.nonui : not matches
ToolBarItem.java : com.adventnet.components.toolbarframework : not matches
DefaultToolBarParser.java : com.adventnet.components.toolbarframework : not matches
ExtendedJToolBar.java : com.adventnet.components.toolbarframework : not matches
ExtendedProToolBar.java : com.adventnet.components.toolbarframework : not matches
IntermediateParser.java : com.adventnet.components.toolbarframework : not matches
ToolBarAction.java : com.adventnet.components.toolbarframework : not matches
ToolBarEvent.java : com.adventnet.components.toolbarframework : not matches
ToolBarException.java : com.adventnet.components.toolbarframework : not matches
ToolBarFramework.java : com.adventnet.components.toolbarframework : not matches
ToolBarFrameworkUtils.java : com.adventnet.components.toolbarframework : not matches
ToolBarItemCache.java : com.adventnet.components.toolbarframework : not matches
ToolBarItemImpl.java : com.adventnet.components.toolbarframework : not matches
ToolBarParserInterface.java : com.adventnet.components.toolbarframework : not matches
XMLToolBar.java : com.adventnet.components.toolbarframework : not matches
ActionHolder.java : com.adventnet.components.menuframework : not matches
CheckBoxMenuItem.java : com.adventnet.components.menuframework : not matches
CloneableMenu.java : com.adventnet.components.menuframework : not matches
DefaultMenuParser.java : com.adventnet.components.menuframework : not matches
MenuElementNotFoundException.java : com.adventnet.components.menuframework : not matches
MenuEvent.java : com.adventnet.components.menuframework : not matches
MenuException.java : com.adventnet.components.menuframework : not matches
MenuFramework.java : com.adventnet.components.menuframework : not matches
MenuFrameworkUnintializedException.java : com.adventnet.components.menuframework : not matches
MenuFrameworkUtils.java : com.adventnet.components.menuframework : not matches
MenuItem.java : com.adventnet.components.menuframework : not matches
MenuItemInterface.java : com.adventnet.components.menuframework : not matches
MenuParserInterface.java : com.adventnet.components.menuframework : not matches
PopupMenuFramework.java : com.adventnet.components.menuframework : not matches
DummyPopupMenuListener.java : com.adventnet.components.menuframework : not matches
RadioButtonMenuItem.java : com.adventnet.components.menuframework : not matches
ToggleButtonMenuItem.java : com.adventnet.components.menuframework : not matches
XMLMenu.java : com.adventnet.components.menuframework : not matches
XMLMenuItem.java : com.adventnet.components.menuframework : not matches
ActionHandlerInterface.java : com.adventnet.components.projectworkspace : not matches
DefaultActionHandler.java : com.adventnet.components.projectworkspace : not matches
DefaultFileReader.java : com.adventnet.components.projectworkspace : not matches
FileReaderInterface.java : com.adventnet.components.projectworkspace : not matches
FrameworkEvent.java : com.adventnet.components.projectworkspace : not matches
FrameworkException.java : com.adventnet.components.projectworkspace : not matches
FrameworkUtils.java : com.adventnet.components.projectworkspace : not matches
XMLUtils.java : com.adventnet.components.projectworkspace : not matches
DefaultErrorHandler.java : com.adventnet.components.projectworkspace : not matches
ParserException.java : com.adventnet.components.projectworkspace : not matches
BrowserControl.java : com.adventnet.components.util : not matches
ExcludedPathWrapper.java : com.adventnet.builder.runtimejar : not matches
InfoPanel.java : com.adventnet.builder.runtimejar : not matches
RuntimeClassesExtractor.java : com.adventnet.builder.runtimejar : not matches
RuntimeJarOptions.java : com.adventnet.builder.runtimejar : not matches
RuntimeJarWizard.java : com.adventnet.builder.runtimejar : not matches
UsedListScreen.java : com.adventnet.builder.runtimejar : not matches
BuilderParserInterface.java : com.adventnet.builder.builderparser.visitor : not matches
DefaultParserInterfaceImpl.java : com.adventnet.builder.builderparser.visitor : not matches
Extractor.java : com.adventnet.builder.builderparser.visitor : not matches
MergeEngine.java : com.adventnet.builder.builderparser.visitor : not matches
Merger.java : com.adventnet.builder.builderparser.visitor : not matches
SourceProcessor.java : com.adventnet.builder.builderparser.visitor : not matches
Transformer.java : com.adventnet.builder.builderparser.visitor : not matches
VisitorAdapter.java : com.adventnet.builder.builderparser.visitor : not matches
VisitorHelper.java : com.adventnet.builder.builderparser.visitor : not matches
ASCII_UCodeESC_CharStream.java : com.adventnet.builder.builderparser : not matches
ASTBuilderCode.java : com.adventnet.builder.builderparser : not matches
ASTClassInfo.java : com.adventnet.builder.builderparser : not matches
ASTCompilationUnit.java : com.adventnet.builder.builderparser : not matches
ASTConstructor.java : com.adventnet.builder.builderparser : not matches
ASTField.java : com.adventnet.builder.builderparser : not matches
ASTImplementsInfo.java : com.adventnet.builder.builderparser : not matches
ASTImport.java : com.adventnet.builder.builderparser : not matches
ASTImportDecls.java : com.adventnet.builder.builderparser : not matches
ASTMainClass.java : com.adventnet.builder.builderparser : not matches
ASTMethod.java : com.adventnet.builder.builderparser : not matches
ASTMethodBlock.java : com.adventnet.builder.builderparser : not matches
ASTName.java : com.adventnet.builder.builderparser : not matches
ASTNestedDecl.java : com.adventnet.builder.builderparser : not matches
ASTPackage.java : com.adventnet.builder.builderparser : not matches
ASTTokenListNode.java : com.adventnet.builder.builderparser : not matches
ASTVersion.java : com.adventnet.builder.builderparser : not matches
CharStream.java : com.adventnet.builder.builderparser : not matches
JJTJavaParserState.java : com.adventnet.builder.builderparser : not matches
JavaParser.java : com.adventnet.builder.builderparser : not matches
JavaParserConstants.java : com.adventnet.builder.builderparser : not matches
JavaParserTokenManager.java : com.adventnet.builder.builderparser : not matches
JavaParserTreeConstants.java : com.adventnet.builder.builderparser : not matches
JavaParserVisitor.java : com.adventnet.builder.builderparser : not matches
LineParser.java : com.adventnet.builder.builderparser : not matches
LineParserConstants.java : com.adventnet.builder.builderparser : not matches
LineParserTokenManager.java : com.adventnet.builder.builderparser : not matches
LocalizedCharStream.java : com.adventnet.builder.builderparser : not matches
Node.java : com.adventnet.builder.builderparser : not matches
ParseException.java : com.adventnet.builder.builderparser : not matches
SimpleNode.java : com.adventnet.builder.builderparser : not matches
SpecialNode.java : com.adventnet.builder.builderparser : not matches
Token.java : com.adventnet.builder.builderparser : not matches
TokenMgrError.java : com.adventnet.builder.builderparser : not matches
LFStandardsSetter.java : com.adventnet.builder.framework.utils.general : not matches
InteractionEditorHelper.java : com.adventnet.builder.framework.utils.general : not matches
AppletParameterDialog.java : com.adventnet.builder.framework.utils.dialog : not matches
FontDlgPanel.java : com.adventnet.builder.framework.utils.dialog : not matches
StatusAndErrorClass.java : com.adventnet.builder.framework.utils.errorhandling : not matches
StatusAndErrorInterface.java : com.adventnet.builder.framework.utils.errorhandling : not matches
SourceGenerationConstants.java : com.adventnet.builder.framework.utils.constants : not matches
SourceGenerationUtils.java : com.adventnet.builder.framework.utils.source : not matches
MsgTxtArea.java : com.adventnet.builder.framework.utils.statusanderror : not matches
Reposition.java : com.adventnet.builder.framework.utils.statusanderror : not matches
ControlButtonsPanel.java : com.adventnet.builder.framework.utils.utilcomponent : not matches
ControlButtonsPanelListener.java : com.adventnet.builder.framework.utils.utilcomponent : not matches
AgentFileFilter.java : com.adventnet.builder.utils.file : not matches
BuilderFileChooser.java : com.adventnet.builder.utils.file : not matches
BuilderFileFilter.java : com.adventnet.builder.utils.file : not matches
FileExtension.java : com.adventnet.builder.utils.file : not matches
FilePreviewer.java : com.adventnet.builder.utils.file : not matches
MibFileFilter.java : com.adventnet.builder.utils.file : not matches
ColorDialog.java : com.adventnet.builder.utils : not matches
ContextSensitiveHelpWindow.java : com.adventnet.builder.utils : not matches
CustomFileFilter.java : com.adventnet.builder.utils : not matches
CustomizerClassLoader.java : com.adventnet.builder.utils : not matches
HTMLView.java : com.adventnet.builder.utils : not matches
ImageResource.java : com.adventnet.builder.utils : not matches
ImageUtil.java : com.adventnet.builder.utils : not matches
ScreenNameTextField.java : com.adventnet.builder.utils : not matches
HelpButton.java : com.adventnet.builder.utils.beans : not matches
OidTextField.java : com.adventnet.builder.utils.beans : not matches
PackageNameField.java : com.adventnet.builder.utils.beans : not matches
BrowserAction.java : com.adventnet.builder.utils.browser : not matches
BrowserControl.java : com.adventnet.builder.utils.browser : not matches
HtmlView.java : com.adventnet.builder.utils.browser : not matches
PngIcon.java : com.adventnet.builder.utils.browser : not matches
SearchPopup.java : com.adventnet.builder.utils.components : not matches
TreeNodeStringImpl.java : com.adventnet.builder.utils.components : not matches
TreeNodeStringInterface.java : com.adventnet.builder.utils.components : not matches
TreeSearch.java : com.adventnet.builder.utils.components : not matches
InternalBuilderError.java : com.adventnet.builder.utils.errorhandling : not matches
ProcessedException.java : com.adventnet.builder.utils.errorhandling : not matches
Assert.java : com.adventnet.builder.utils.general : not matches
Assertable.java : com.adventnet.builder.utils.general : not matches
Assorted.java : com.adventnet.builder.utils.general : not matches
GeneralUtility.java : com.adventnet.builder.utils.general : not matches
GenericOutputStream.java : com.adventnet.builder.utils.general : not matches
IntVector.java : com.adventnet.builder.utils.general : not matches
MessageListener.java : com.adventnet.builder.utils.general : not matches
OSAndJVMUtils.java : com.adventnet.builder.utils.general : not matches
PureUtils.java : com.adventnet.builder.utils.general : not matches
AbstractOptionSelector.java : com.adventnet.builder.utils.guilogic : not matches
Browse.java : com.adventnet.builder.utils.guilogic : not matches
ItemList.java : com.adventnet.builder.utils.guilogic : not matches
ListHelper.java : com.adventnet.builder.utils.guilogic : not matches
ListOptionSelector.java : com.adventnet.builder.utils.guilogic : not matches
MainSubList.java : com.adventnet.builder.utils.guilogic : not matches
TreeListSelectorLogic.java : com.adventnet.builder.utils.guilogic : not matches
AbstractMenuItemInterface.java : com.adventnet.builder.utils.menu : not matches
CustomMenu.java : com.adventnet.builder.utils.menu : not matches
CustomOutputStream.java : com.adventnet.builder.utils.menu : not matches
CustomPopupMenu.java : com.adventnet.builder.utils.menu : not matches
EditPopupMenu.java : com.adventnet.builder.utils.menu : not matches
MenuItems.java : com.adventnet.builder.utils.menu : not matches
ProcessErrOut.java : com.adventnet.builder.utils.processhandling : not matches
ProcessListener.java : com.adventnet.builder.utils.processhandling : not matches
ProgressDisplay.java : com.adventnet.builder.utils.processhandling : not matches
ProgressInfoPanel.java : com.adventnet.builder.utils.processhandling : not matches
StringReplacer.java : com.adventnet.builder.utils.string : not matches
TagExtractor.java : com.adventnet.builder.utils.string : not matches
UniqueString.java : com.adventnet.builder.utils.string : not matches
UserCodeObject.java : com.adventnet.builder.utils.string : not matches
UserCodeObjectUtils.java : com.adventnet.builder.utils.string : not matches
AboutDialog.java : com.adventnet.builder.utils.window : not matches
CustomDialog.java : com.adventnet.builder.utils.window : not matches
CustomFrame.java : com.adventnet.builder.utils.window : not matches
MessageDialog.java : com.adventnet.builder.utils.window : not matches
MessageWindow.java : com.adventnet.builder.utils.window : not matches
TransverseListener.java : com.adventnet.builder.utils.wizard : not matches
TransversePanel.java : com.adventnet.builder.utils.wizard : not matches
WizardController.java : com.adventnet.builder.utils.wizard : not matches
WizardControllerListener.java : com.adventnet.builder.utils.wizard : not matches
XmlUtils.java : com.adventnet.builder.utils.xml : not matches
BaseClassLoader.java : com.adventnet.builder.loader : not matches
BeanAction.java : com.adventnet.builder.loader : not matches
BeanWrapper.java : com.adventnet.builder.loader : not matches
BuilderLoader.java : com.adventnet.builder.loader : not matches
ClassFileAnalizer.java : com.adventnet.builder.loader : not matches
ClassFileLoader.java : com.adventnet.builder.loader : not matches
ClassInfo.java : com.adventnet.builder.loader : not matches
ConnectionLoader.java : com.adventnet.builder.loader : not matches
Handler.java : com.adventnet.builder.loader : not matches
InputStreamProducer.java : com.adventnet.builder.loader : not matches
JarAccess.java : com.adventnet.builder.loader : not matches
JarAndClassFileLoader.java : com.adventnet.builder.loader : not matches
JarEntrySource.java : com.adventnet.builder.loader : not matches
JarFileLoader.java : com.adventnet.builder.loader : not matches
JarInfo.java : com.adventnet.builder.loader : not matches
JarReader.java : com.adventnet.builder.loader : not matches
ListReader.java : com.adventnet.builder.loader : not matches
Manifest.java : com.adventnet.builder.loader : not matches
MessageHeader.java : com.adventnet.builder.loader : not matches
MultiJarLoader.java : com.adventnet.builder.loader : not matches
ObjectInputStreamLoader.java : com.adventnet.builder.loader : not matches
ObjectInputStreamWithLoader.java : com.adventnet.builder.loader : not matches
ProjectLoader.java : com.adventnet.builder.loader : not matches
ProxyLoader.java : com.adventnet.builder.loader : not matches
SimpleClassLoader.java : com.adventnet.builder.loader : not matches
SimpleResourceConnection.java : com.adventnet.builder.loader : not matches
SingleJarLoader.java : com.adventnet.builder.loader : not matches
XmlReader.java : com.adventnet.builder.loader : not matches
DumpConfig.java : com.adventnet.builder.xmlparser : not matches
ParseConfig.java : com.adventnet.builder.xmlparser : not matches
ParseHolder.java : com.adventnet.builder.xmlparser : not matches
TestConverter.java : com.adventnet.builder.xmlparser : not matches
XmlDumpConfig.java : com.adventnet.builder.xmlparser : not matches
XmlParseConfig.java : com.adventnet.builder.xmlparser : not matches
XmlParseDumpConstants.java : com.adventnet.builder.xmlparser : not matches
AbstractSourceGeneratorPlugin.java : com.adventnet.builder.source.sourceengine : not matches
InnerJavaSourceWrapper.java : com.adventnet.builder.source.sourceengine : not matches
JavaSourceWrapper.java : com.adventnet.builder.source.sourceengine : not matches
LocaleGenerator.java : com.adventnet.builder.source.sourceengine : not matches
MethodWrapper.java : com.adventnet.builder.source.sourceengine : not matches
SourceGenerationInfoInterface.java : com.adventnet.builder.source.sourceengine : not matches
SourceGeneratorPluginInterface.java : com.adventnet.builder.source.sourceengine : not matches
XMLToSourceGenerator.java : com.adventnet.builder.source.sourceengine : not matches
ParseAndDumpServers.java : com.adventnet.builder.server : not matches
ServerClient.java : com.adventnet.builder.server : not matches
ServerClientImpl.java : com.adventnet.builder.server : not matches
ServerInfo.java : com.adventnet.builder.server : not matches
ServerMaintainer.java : com.adventnet.builder.server : not matches
ServerMaintainerImpl.java : com.adventnet.builder.server : not matches
ServersUI.java : com.adventnet.builder.server : not matches
ServerMaintainerImpl_Stub.java : com.adventnet.builder.server : not matches
ServerMaintainerImpl_Skel.java : com.adventnet.builder.server : not matches
ServerClientImpl_Stub.java : com.adventnet.builder.server : not matches
ServerClientImpl_Skel.java : com.adventnet.builder.server : not matches
DefaultBorder.java : com.adventnet.builder.gui.draw : not matches
GlassIconPanel.java : com.adventnet.builder.gui.draw : not matches
HalfSelectionBorder.java : com.adventnet.builder.gui.draw : not matches
SelectionBorder.java : com.adventnet.builder.gui.draw : not matches
BasePanel.java : com.adventnet.builder.gui : not matches
BeanHandler.java : com.adventnet.builder.gui : not matches
BeanHandlerConstants.java : com.adventnet.builder.gui : not matches
BeanHandlerUserObject.java : com.adventnet.builder.gui : not matches
BeanHandlerVisitor.java : com.adventnet.builder.gui : not matches
BeanHolderPanel.java : com.adventnet.builder.gui : not matches
CommonUIInterface.java : com.adventnet.builder.gui : not matches
CommonUIInterfaceImpl.java : com.adventnet.builder.gui : not matches
CommonUtility.java : com.adventnet.builder.gui : not matches
CompleteMouseListener.java : com.adventnet.builder.gui : not matches
DefaultUserObject.java : com.adventnet.builder.gui : not matches
DrawAreaPopup.java : com.adventnet.builder.gui : not matches
GSE.java : com.adventnet.builder.gui : not matches
GuiChangeListener.java : com.adventnet.builder.gui : not matches
GuiInfo.java : com.adventnet.builder.gui : not matches
GuiInfoInterface.java : com.adventnet.builder.gui : not matches
GuiObserver.java : com.adventnet.builder.gui : not matches
GuiStatusAndErrorListener.java : com.adventnet.builder.gui : not matches
GuiTester.java : com.adventnet.builder.gui : not matches
GuiUtils.java : com.adventnet.builder.gui : not matches
GuiVariables.java : com.adventnet.builder.gui : not matches
ScreenHandler.java : com.adventnet.builder.gui : not matches
ScreenModel.java : com.adventnet.builder.gui : not matches
DefaultState.java : com.adventnet.builder.gui.guistate : not matches
EmptyState.java : com.adventnet.builder.gui.guistate : not matches
GuiState.java : com.adventnet.builder.gui.guistate : not matches
GuiStateAdapter.java : com.adventnet.builder.gui.guistate : not matches
MoveState.java : com.adventnet.builder.gui.guistate : not matches
MoveStateHelper.java : com.adventnet.builder.gui.guistate : not matches
MultipleState.java : com.adventnet.builder.gui.guistate : not matches
PopUp.java : com.adventnet.builder.gui.guistate : not matches
PopupListener.java : com.adventnet.builder.gui.guistate : not matches
BorderLayoutPanel.java : com.adventnet.builder.gui.layoutcontrollers.customize : not matches
CardLayoutPanel.java : com.adventnet.builder.gui.layoutcontrollers.customize : not matches
ConstraintPanel.java : com.adventnet.builder.gui.layoutcontrollers.customize : not matches
CustomizeWindow.java : com.adventnet.builder.gui.layoutcontrollers.customize : not matches
FlowLayoutPanel.java : com.adventnet.builder.gui.layoutcontrollers.customize : not matches
GridLayoutPanel.java : com.adventnet.builder.gui.layoutcontrollers.customize : not matches
LayoutDialog.java : com.adventnet.builder.gui.layoutcontrollers.customize : not matches
LayoutPanel.java : com.adventnet.builder.gui.layoutcontrollers.customize : not matches
TabLayoutDialog.java : com.adventnet.builder.gui.layoutcontrollers.customize : not matches
TabLayoutPanel.java : com.adventnet.builder.gui.layoutcontrollers.customize : not matches
WorkAreaPanel.java : com.adventnet.builder.gui.layoutcontrollers.customize : not matches
WorkPanel.java : com.adventnet.builder.gui.layoutcontrollers.customize : not matches
BorderLayoutController.java : com.adventnet.builder.gui.layoutcontrollers : not matches
CardLayoutController.java : com.adventnet.builder.gui.layoutcontrollers : not matches
FlowLayoutController.java : com.adventnet.builder.gui.layoutcontrollers : not matches
GridBagLayoutController.java : com.adventnet.builder.gui.layoutcontrollers : not matches
GridLayoutController.java : com.adventnet.builder.gui.layoutcontrollers : not matches
LayoutController.java : com.adventnet.builder.gui.layoutcontrollers : not matches
LayoutPopup.java : com.adventnet.builder.gui.layoutcontrollers : not matches
NullLayoutController.java : com.adventnet.builder.gui.layoutcontrollers : not matches
ScreenLayoutController.java : com.adventnet.builder.gui.layoutcontrollers : not matches
SplitLayoutController.java : com.adventnet.builder.gui.layoutcontrollers : not matches
TabLayoutController.java : com.adventnet.builder.gui.layoutcontrollers : not matches
ViewportLayoutController.java : com.adventnet.builder.gui.layoutcontrollers : not matches
DeleteEdit.java : com.adventnet.builder.gui.undo : not matches
MoveEdit.java : com.adventnet.builder.gui.undo : not matches
MultipleDeleteEdit.java : com.adventnet.builder.gui.undo : not matches
MultipleMoveEdit.java : com.adventnet.builder.gui.undo : not matches
MultipleResizeEdit.java : com.adventnet.builder.gui.undo : not matches
ResizeEdit.java : com.adventnet.builder.gui.undo : not matches
GuiFrameImpl.java : com.adventnet.builder.persistentgui : not matches
PersistentBeanHandler.java : com.adventnet.builder.persistentgui : not matches
PersistentGUI.java : com.adventnet.builder.persistentgui : not matches
PersistentScreenHandler.java : com.adventnet.builder.persistentgui : not matches
PersistentScreenModel.java : com.adventnet.builder.persistentgui : not matches
PersistentToolBar.java : com.adventnet.builder.persistentgui : not matches
ScreenPreview.java : com.adventnet.builder.runtimegui : not matches
MethodPanel.java : com.adventnet.editor.components : not matches
BlockInterface.java : com.adventnet.editor : not matches
HistQueue.java : com.adventnet.editor : not matches
HistMenuItem.java : com.adventnet.editor : not matches
JMEditor.java : com.adventnet.editor : not matches
JMTextPane.java : com.adventnet.editor : not matches
JMacs.java : com.adventnet.editor : not matches
JMActionAdapter.java : com.adventnet.editor : not matches
JMacsEditMenuListener.java : com.adventnet.editor : not matches
JMacsEditor.java : com.adventnet.editor : not matches
Log.java : com.adventnet.editor : not matches
OOBrowser.java : com.adventnet.editor : not matches
ActionChangedListener.java : com.adventnet.editor.event : not matches
EditListener.java : com.adventnet.editor.event : not matches
JMCaretEvent.java : com.adventnet.editor.event : not matches
JMCaretListener.java : com.adventnet.editor.event : not matches
JMHelpEvent.java : com.adventnet.editor.event : not matches
JMHelpListener.java : com.adventnet.editor.event : not matches
JMacsEvent.java : com.adventnet.editor.event : not matches
JMacsListener.java : com.adventnet.editor.event : not matches
JMColors.java : com.adventnet.editor.global : not matches
JMFonts.java : com.adventnet.editor.global : not matches
JMPref.java : com.adventnet.editor.global : not matches
Defaults.java : com.adventnet.editor.global : not matches
OOBrowserOptions.java : com.adventnet.editor.global : not matches
SearchNReplaceInfo.java : com.adventnet.editor.global : not matches
Trace.java : com.adventnet.editor.global : not matches
AboutJMacs.java : com.adventnet.editor.gui : not matches
BigPopupMenu.java : com.adventnet.editor.gui : not matches
ClassEditorDialog.java : com.adventnet.editor.gui : not matches
DeclarationDialog.java : com.adventnet.editor.gui : not matches
DependenciesDialog.java : com.adventnet.editor.gui : not matches
FileInfoBar.java : com.adventnet.editor.gui : not matches
GotoLinePanel.java : com.adventnet.editor.gui : not matches
JMCellRenderer.java : com.adventnet.editor.gui : not matches
JMDialog.java : com.adventnet.editor.gui : not matches
JMPreferencesDialog.java : com.adventnet.editor.gui : not matches
JMPromptDialog.java : com.adventnet.editor.gui : not matches
JMTree.java : com.adventnet.editor.gui : not matches
NewFileDialog.java : com.adventnet.editor.gui : not matches
ParsingErrorDialog.java : com.adventnet.editor.gui : not matches
SearchNReplaceDialog.java : com.adventnet.editor.gui : not matches
SearchNReplacePanel.java : com.adventnet.editor.gui : not matches
Status.java : com.adventnet.editor.gui : not matches
WarningDialog.java : com.adventnet.editor.gui : not matches
WindowPopupMenu.java : com.adventnet.editor.gui : not matches
ClassInformation.java : com.adventnet.editor.help : not matches
CompletionHelp.java : com.adventnet.editor.help : not matches
ContextHelp.java : com.adventnet.editor.help : not matches
HelpPopupMenu.java : com.adventnet.editor.help : not matches
JavaHelp.java : com.adventnet.editor.help : not matches
DefParser.java : com.adventnet.editor.jmdoc : not matches
JMDoc.java : com.adventnet.editor.jmdoc : not matches
Mapper.java : com.adventnet.editor.mapper : not matches
KeymapDialog.java : com.adventnet.editor.mapper : not matches
KeymapTable.java : com.adventnet.editor.mapper : not matches
KeymapTableModel.java : com.adventnet.editor.mapper : not matches
KeymapPreferences.java : com.adventnet.editor.mapper : not matches
BrowserControl.java : com.adventnet.editor.misc : not matches
Context.java : com.adventnet.editor.misc : not matches
HistQueue.java : com.adventnet.editor.misc : not matches
HistMenuItem.java : com.adventnet.editor.misc : not matches
Definition.java : com.adventnet.editor.readers : not matches
DefinitionParser.java : com.adventnet.editor.readers : not matches
JMClassReader.java : com.adventnet.editor.readers : not matches
JMClassReader2.java : com.adventnet.editor.readers : not matches
JMReader3.java : com.adventnet.editor.readers : not matches
Range.java : com.adventnet.editor.readers : not matches
JMStringOps.java : com.adventnet.editor.readers : not matches
ParsingUtils.java : com.adventnet.editor.readers : not matches
ColorPoint.java : com.adventnet.editor.text : not matches
JMDocument.java : com.adventnet.editor.text : not matches
JMTokens.java : com.adventnet.editor.text : not matches
JavaEditorKit.java : com.adventnet.editor.text : not matches
JMViewFactory.java : com.adventnet.editor.text : not matches
JMView.java : com.adventnet.editor.text : not matches
JavaTextPane.java : com.adventnet.editor.text : not matches
KeymapPreferences.java : com.adventnet.editor.text : not matches
UIManager.java : com.adventnet.editor.text : not matches
JMacsUtilities.java : com.adventnet.editor.utils : not matches
CustomClassInterface.java : com.adventnet.nms.util : not matches
Add.java : com.adventnet.tools.versioning.cvs : not matches
ArgumentBuilder.java : com.adventnet.tools.versioning.cvs : not matches
CheckOut.java : com.adventnet.tools.versioning.cvs : not matches
Checkin.java : com.adventnet.tools.versioning.cvs : not matches
Diff.java : com.adventnet.tools.versioning.cvs : not matches
Editor.java : com.adventnet.tools.versioning.cvs : not matches
Execute.java : com.adventnet.tools.versioning.cvs : not matches
HTMLConvertor.java : com.adventnet.tools.versioning.cvs : not matches
Import.java : com.adventnet.tools.versioning.cvs : not matches
IndExecute.java : com.adventnet.tools.versioning.cvs : not matches
InformDialog.java : com.adventnet.tools.versioning.cvs : not matches
Log.java : com.adventnet.tools.versioning.cvs : not matches
Monitor.java : com.adventnet.tools.versioning.cvs : not matches
Status.java : com.adventnet.tools.versioning.cvs : not matches
Update.java : com.adventnet.tools.versioning.cvs : not matches
CVSProperties.java : com.adventnet.tools.versioning.cvs : not matches
CVSWrapper.java : com.adventnet.tools.versioning.cvs : not matches
Encryptor.java : com.adventnet.tools.versioning.cvs : not matches
XmlProfile.java : com.adventnet.tools.versioning.cvs : not matches
KeyDocument.java : com.adventnet.tools.versioning.cvs : not matches
Login.java : com.adventnet.tools.versioning.cvs : not matches
ServerUI.java : com.adventnet.tools.versioning.cvs : not matches
ExtendedCVSProject.java : com.adventnet.tools.versioning.cvs : not matches
CVSBuilderPlugin.java : com.adventnet.tools.versioning.common : not matches
VersioningFrameWorkInterface.java : com.adventnet.tools.versioning.common : not matches
VersioningInfoInterface.java : com.adventnet.tools.versioning.common : not matches
VersioningInterface.java : com.adventnet.tools.versioning.common : not matches
VersioningParamInterface.java : com.adventnet.tools.versioning.common : not matches
CVSUtil.java : com.adventnet.tools.versioning.common : not matches
