SUMAPI.java : com.adventnet.tools.sum.common.api : matches
SUMAPIManager.java : com.adventnet.tools.sum.common.api : matches
UpdateManagerAPIImpl.java : com.adventnet.tools.sum.common.api : matches
SUMConstants.java : com.adventnet.tools.sum.common.util : matches
SUMParser.java : com.adventnet.tools.sum.common.util : matches
SUMSessionList.java : com.adventnet.tools.sum.common.util : matches
SUMUtil.java : com.adventnet.tools.sum.common.util : matches
SUMConsoleLogger.java : com.adventnet.tools.sum.log : matches
SUMLogImpl.java : com.adventnet.tools.sum.log : matches
SUMLogInterface.java : com.adventnet.tools.sum.log : matches
SUMLogManager.java : com.adventnet.tools.sum.log : matches
SUMPDU.java : com.adventnet.tools.sum.protocol : matches
SUMHttpRequestHandler.java : com.adventnet.tools.sum.server.session : matches
SUMServerIOAndDataAnalyzer.java : com.adventnet.tools.sum.server.session : matches
SUMTcpRequestHandler.java : com.adventnet.tools.sum.server.session : matches
SUMCommunicationServer.java : com.adventnet.tools.sum.server : matches
SUMServer.java : com.adventnet.tools.sum.server : matches
SUMIOAndDataAnalyzer.java : com.adventnet.tools.sum.transport.session : matches
SUMSessionInterface.java : com.adventnet.tools.sum.transport : matches
SUMTransportException.java : com.adventnet.tools.sum.transport : matches
SUMTransportInterface.java : com.adventnet.tools.sum.transport : matches
SUM4XTomcatWrapper.java : com.adventnet.tools.sum.transport : matches
SUMHttpServerImpl.java : com.adventnet.tools.sum.transport : matches
SUMSSLConnection.java : com.adventnet.tools.sum.transport : matches
SUMSSLUtil.java : com.adventnet.tools.sum.transport : matches
SUMTcpServerImpl.java : com.adventnet.tools.sum.transport : matches
SUMTcpSessionImpl.java : com.adventnet.tools.sum.transport : matches
