DesignTimeScreenUI.java : com.adventnet.builder.menu : not matches
ActionCodePanel.java : com.adventnet.builder.menu : not matches
ToolBarDialog.java : com.adventnet.builder.menu : not matches
MenuItemModal.java : com.adventnet.builder.menu : not matches
MenuMaintainerInfoInterface.java : com.adventnet.builder.menu : not matches
ToolItem.java : com.adventnet.builder.menu : not matches
MenuModal.java : com.adventnet.builder.menu : not matches
OtherMenuItems.java : com.adventnet.builder.menu : not matches
MenuDumper.java : com.adventnet.builder.menu : not matches
MenuMaintainer.java : com.adventnet.builder.menu : not matches
RadioButtonMenuItems.java : com.adventnet.builder.menu : not matches
OtherMenuItemsModal.java : com.adventnet.builder.menu : not matches
MenuItemDialog.java : com.adventnet.builder.menu : not matches
MenuDetails.java : com.adventnet.builder.menu : not matches
CheckBoxMenuItems.java : com.adventnet.builder.menu : not matches
MenuParser.java : com.adventnet.builder.menu : not matches
ToolBarPanel.java : com.adventnet.builder.menu : not matches
ScreenMenuConfigurationUI.java : com.adventnet.builder.menu : not matches
ScreenMenuConfiguration.java : com.adventnet.builder.menu : not matches
MenuItems.java : com.adventnet.builder.menu : not matches
AbstractMenuItem.java : com.adventnet.builder.menu : not matches
ToolItemModal.java : com.adventnet.builder.menu : not matches
ALFStandardsWriter.java : com.adventnet.builder.alf : not matches
ALFUtilities.java : com.adventnet.builder.alf : not matches
ALFPropertiesMaintainer.java : com.adventnet.builder.alf : not matches
TemplateEditor.java : com.adventnet.builder.autoui : not matches
TestApplet.java : com.adventnet.builder.run : not matches
TestOptions.java : com.adventnet.builder.run : not matches
RunOptions.java : com.adventnet.builder.run : not matches
TestApplication.java : com.adventnet.builder.run : not matches
WindowAdapter.java : com.adventnet.builder.buildtypes : not matches
BuildTypeMenu.java : com.adventnet.builder.buildtypes : not matches
JComponentAdapter.java : com.adventnet.builder.buildtypes : not matches
ConsoleApplicationAdapter.java : com.adventnet.builder.buildtypes : not matches
BuildTypeInterface.java : com.adventnet.builder.buildtypes : not matches
BuildTypeAdapter.java : com.adventnet.builder.buildtypes : not matches
BaseType.java : com.adventnet.builder.buildtypes : not matches
BuilderParserInterfaceImpl.java : com.adventnet.builder.buildtypes : not matches
BuildTypeConstants.java : com.adventnet.builder.buildtypes : not matches
ComponentAdapter.java : com.adventnet.builder.buildtypes : not matches
JFrameType.java : com.adventnet.builder.buildtypes : not matches
FileChooserDialog.java : com.adventnet.builder.versioncontroller : not matches
FileVersionController.java : com.adventnet.builder.versioncontroller : not matches
ConnectorSrc.java : com.adventnet.builder.connection : not matches
ConnectionInterface.java : com.adventnet.builder.connection : not matches
TargetWrapperDetails.java : com.adventnet.builder.connection : not matches
AbstractConnectionsHandler.java : com.adventnet.builder.connection : not matches
ConnectorBase.java : com.adventnet.builder.connection : not matches
EditorControlPanel.java : com.adventnet.builder.connection.wizard : not matches
InteractionWizardPlugin.java : com.adventnet.builder.connection.wizard : not matches
InteractionWizard.java : com.adventnet.builder.connection.wizard : not matches
TargetListDetails.java : com.adventnet.builder.connection.wizard : not matches
FirstScreen.java : com.adventnet.builder.connection.wizard : not matches
ConnectionFileDetails.java : com.adventnet.builder.connection.wizard : not matches
InteractionEditor.java : com.adventnet.builder.connection.wizard : not matches
BeanDetails.java : com.adventnet.builder.connection.wizard : not matches
InteractionSource.java : com.adventnet.builder.connection.wizard : not matches
DefaultInteractionWizardPlugin.java : com.adventnet.builder.connection.wizard : not matches
ConnectionConstants.java : com.adventnet.builder.connection : not matches
Connector.java : com.adventnet.builder.connection : not matches
ConnectionMaintainer.java : com.adventnet.builder.connection : not matches
HookupManager.java : com.adventnet.builder.connection : not matches
ConnectionView.java : com.adventnet.builder.connection : not matches
BeansPanelHandler.java : com.adventnet.builder.beanbuilder : not matches
DialogImageAndPreview.java : com.adventnet.builder.beanbuilder.autoui : not matches
ImagePreviewPanel.java : com.adventnet.builder.beanbuilder.autoui : not matches
SplitPaneImpl.java : com.adventnet.builder.beanbuilder.autoui : not matches
LogUIImpl.java : com.adventnet.builder.beanbuilder.autoui : not matches
ParameterDialogImpl.java : com.adventnet.builder.beanbuilder.autoui : not matches
AutoUIFoundation.java : com.adventnet.builder.beanbuilder.autoui : not matches
WizardImpl.java : com.adventnet.builder.beanbuilder.autoui : not matches
AutoUIParamsInterface.java : com.adventnet.builder.beanbuilder.autoui : not matches
ScreenParameterPanel.java : com.adventnet.builder.beanbuilder.autoui : not matches
AboutDialogImpl.java : com.adventnet.builder.beanbuilder.autoui : not matches
BBAutoUIErrorUtil.java : com.adventnet.builder.beanbuilder.autoui : not matches
MenuToolBarStatus.java : com.adventnet.builder.beanbuilder.autoui : not matches
ScreenParametersImpl.java : com.adventnet.builder.beanbuilder.autoui : not matches
DialogParametersPanel.java : com.adventnet.builder.beanbuilder.autoui : not matches
MenuToolBar.java : com.adventnet.builder.beanbuilder.autoui : not matches
AutoUIPanelInterface.java : com.adventnet.builder.beanbuilder.autoui : not matches
ScreenConnectionMaintainer.java : com.adventnet.builder.beanbuilder : not matches
BuildAndTestOptions.java : com.adventnet.builder.beanbuilder.run : not matches
ConfigToXml.java : com.adventnet.builder.beanbuilder.utils : not matches
TreeUtils.java : com.adventnet.builder.beanbuilder.utils : not matches
GuiScreenImpl.java : com.adventnet.builder.beanbuilder : not matches
MainScreenDialog.java : com.adventnet.builder.beanbuilder.dialog : not matches
OpenFileDialog.java : com.adventnet.builder.beanbuilder.dialog : not matches
SaveDlg.java : com.adventnet.builder.beanbuilder.dialog : not matches
OpenProjectDialog.java : com.adventnet.builder.beanbuilder.dialog : not matches
BBAboutDialog.java : com.adventnet.builder.beanbuilder.dialog : not matches
NewProjectDetailsDialog.java : com.adventnet.builder.beanbuilder.dialog : not matches
ToolsOption.java : com.adventnet.builder.beanbuilder.toolsmenu : not matches
ToolsMenu.java : com.adventnet.builder.beanbuilder.toolsmenu : not matches
BuilderWrapper.java : com.adventnet.builder.beanbuilder.tool : not matches
MainTabPaneListener.java : com.adventnet.builder.beanbuilder.tool : not matches
BeanBuilderFrame.java : com.adventnet.builder.beanbuilder.tool : not matches
ProjectTreeTabListener.java : com.adventnet.builder.beanbuilder.tool : not matches
ScreenTreeImpl.java : com.adventnet.builder.beanbuilder : not matches
ScreenCompileRunTester.java : com.adventnet.builder.beanbuilder.testcases : not matches
ProjectTester.java : com.adventnet.builder.beanbuilder.testcases : not matches
BeansFixes.java : com.adventnet.builder.beanbuilder : not matches
OptionMenu.java : com.adventnet.builder.beanbuilder.frame : not matches
OptionMenuInterface.java : com.adventnet.builder.beanbuilder.frame : not matches
JFCUTILS.java : com.adventnet.builder.beanbuilder.frame : not matches
FrameworkEventListeners.java : com.adventnet.builder.beanbuilder.frame : not matches
ToolBarUtils.java : com.adventnet.builder.beanbuilder.frame : not matches
CommonFrameInterface.java : com.adventnet.builder.beanbuilder.frame : not matches
FrameUtility.java : com.adventnet.builder.beanbuilder.frame : not matches
PrintMenuItem.java : com.adventnet.builder.beanbuilder.frame : not matches
Editor.java : com.adventnet.builder.beanbuilder.frame : not matches
BlockingInterfaceImpl.java : com.adventnet.builder.beanbuilder.frame : not matches
BuilderInterfaceImpl.java : com.adventnet.builder.beanbuilder.frame : not matches
EditorPanel.java : com.adventnet.builder.beanbuilder.frame : not matches
MainUtility.java : com.adventnet.builder.beanbuilder.frame : not matches
TextPrinter.java : com.adventnet.builder.beanbuilder.frame : not matches
NToolBar.java : com.adventnet.builder.beanbuilder.frame : not matches
ToolBarPanel.java : com.adventnet.builder.beanbuilder.frame : not matches
NTreeAction.java : com.adventnet.builder.beanbuilder.frame : not matches
NTreeModel.java : com.adventnet.builder.beanbuilder.projecttree : not matches
ProjectNodeWrapper.java : com.adventnet.builder.beanbuilder.projecttree : not matches
BuilderProjectInfo.java : com.adventnet.builder.beanbuilder.projecttree : not matches
NTreeCellEditor.java : com.adventnet.builder.beanbuilder.projecttree : not matches
NPanelSource.java : com.adventnet.builder.beanbuilder.projecttree : not matches
NTree.java : com.adventnet.builder.beanbuilder.projecttree : not matches
TypeListener.java : com.adventnet.builder.beanbuilder.projecttree : not matches
ProjectTreePanel.java : com.adventnet.builder.beanbuilder.projecttree : not matches
FrameWorkObjectFactory.java : com.adventnet.builder.beanbuilder.projecttree : not matches
ExtendedNodeWrapper.java : com.adventnet.builder.beanbuilder.projecttree : not matches
BuilderProjectInfoInterface.java : com.adventnet.builder.beanbuilder.projecttree : not matches
NTreeCellRenderer.java : com.adventnet.builder.beanbuilder.projecttree : not matches
ModuleNodeWrapper.java : com.adventnet.builder.beanbuilder.projecttree : not matches
NPanelNodeWrapper.java : com.adventnet.builder.beanbuilder.projecttree : not matches
ProjectTreeSelectionListener.java : com.adventnet.builder.beanbuilder.projecttree : not matches
NodeWrapper.java : com.adventnet.builder.beanbuilder.projecttree : not matches
NodeFactory.java : com.adventnet.builder.beanbuilder.projecttree : not matches
ProjectTreeSelectionEvent.java : com.adventnet.builder.beanbuilder.projecttree : not matches
FileNodeWrapper.java : com.adventnet.builder.beanbuilder.projecttree : not matches
CorbaClientGenerator.java : com.adventnet.builder.beangenerators : not matches
BeanInfoGenerator.java : com.adventnet.builder.beangenerators : not matches
CorbaClientWizard.java : com.adventnet.builder.beangenerators : not matches
ASCII_CharStream.java : com.adventnet.builder.beangenerators.corbaparser : not matches
Token.java : com.adventnet.builder.beangenerators.corbaparser : not matches
IDLParserConstants.java : com.adventnet.builder.beangenerators.corbaparser : not matches
ParseException.java : com.adventnet.builder.beangenerators.corbaparser : not matches
IDLParserTokenManager.java : com.adventnet.builder.beangenerators.corbaparser : not matches
IDLParser.java : com.adventnet.builder.beangenerators.corbaparser : not matches
TokenMgrError.java : com.adventnet.builder.beangenerators.corbaparser : not matches
MapCanvas.java : com.adventnet.builder.map : not matches
MapObjectInterface.java : com.adventnet.builder.map : not matches
MapView.java : com.adventnet.builder.map : not matches
MapObject.java : com.adventnet.builder.map : not matches
MapLink.java : com.adventnet.builder.map : not matches
TestCaseController.java : com.adventnet.builder.testcases : not matches
Test.java : com.adventnet.builder.testcases : not matches
SubJTextField.java : com.adventnet.builder.testcases : not matches
CommandExecuter.java : com.adventnet.builder.testcases : not matches
CommandExecuterImpl.java : com.adventnet.builder.testcases : not matches
TestCaseConstants.java : com.adventnet.builder.testcases : not matches
TestCaseControllerImpl.java : com.adventnet.builder.testcases : not matches
TestCaseCommand.java : com.adventnet.builder.testcases : not matches
TestCaseParser.java : com.adventnet.builder.testcases : not matches
MethodInvoker.java : com.adventnet.builder.testcases.testers : not matches
TestCaseWriter.java : com.adventnet.builder.testcases.testers : not matches
ComponentInvoker.java : com.adventnet.builder.testcases.testers : not matches
FileCommandExecuter.java : com.adventnet.builder.testcases.testers : not matches
MouseTester.java : com.adventnet.builder.testcases.testers : not matches
KeysCommandExecuter.java : com.adventnet.builder.testcases.testers : not matches
ControlCommandExecuter.java : com.adventnet.builder.testcases.testers : not matches
ComponentTester.java : com.adventnet.builder.testcases.testers : not matches
LoopCommandExecuter.java : com.adventnet.builder.testcases.testers : not matches
LogicalCommandExecuter.java : com.adventnet.builder.testcases.testers : not matches
MenuTester.java : com.adventnet.builder.testcases.testers : not matches
TestCaseFrame.java : com.adventnet.builder.testcases : not matches
TestCaseTester.java : com.adventnet.builder.testcases : not matches
DummyTestCaseTester.java : com.adventnet.builder.testcases : not matches
TestCaseException.java : com.adventnet.builder.testcases : not matches
TestCaseAdapter.java : com.adventnet.builder.testcases : not matches
TestCasePlugin.java : com.adventnet.builder.testcases : not matches
I18NVector.java : com.adventnet.builder.projecthandling : not matches
RuntimeClassesMaintainer.java : com.adventnet.builder.projecthandling : not matches
ProjectConstants.java : com.adventnet.builder.projecthandling : not matches
Compiler.java : com.adventnet.builder.projecthandling : not matches
CommonProjectInfo.java : com.adventnet.builder.projecthandling : not matches
ProjectInfoInterface.java : com.adventnet.builder.projecthandling : not matches
AbstractScreenConnectionMaintainer.java : com.adventnet.builder.buildergui : not matches
BuilderGui.java : com.adventnet.builder.buildergui : not matches
BuilderUndoManager.java : com.adventnet.builder.buildergui : not matches
BuilderScreenModel.java : com.adventnet.builder.buildergui : not matches
ScreenEditAction.java : com.adventnet.builder.buildergui : not matches
BeanUserObject.java : com.adventnet.builder.buildergui : not matches
ScreenPopupMenu.java : com.adventnet.builder.buildergui : not matches
InstanceNameInterface.java : com.adventnet.builder.buildergui : not matches
BuilderGuiTester.java : com.adventnet.builder.buildergui : not matches
GuiTester.java : com.adventnet.builder.buildergui : not matches
ConnectionsHandler.java : com.adventnet.builder.buildergui : not matches
BeanPopupMenu.java : com.adventnet.builder.buildergui : not matches
BeanPluginInterface.java : com.adventnet.builder.buildergui : not matches
NodeUserObject.java : com.adventnet.builder.buildergui : not matches
ReplaceBeansDialog.java : com.adventnet.builder.buildergui : not matches
GuiScreenInterface.java : com.adventnet.builder.buildergui : not matches
InteractionState.java : com.adventnet.builder.buildergui : not matches
TypeObject.java : com.adventnet.builder.buildergui : not matches
ScreenPluginInterface.java : com.adventnet.builder.buildergui : not matches
BuilderGuiStatusAndErrorAdapter.java : com.adventnet.builder.buildergui : not matches
GuiInfoImpl.java : com.adventnet.builder.buildergui : not matches
Clipboard.java : com.adventnet.builder.buildergui : not matches
ScreenUserObject.java : com.adventnet.builder.buildergui : not matches
BeanPropertyMaintainer.java : com.adventnet.builder.property : not matches
PropertyViewsHolder.java : com.adventnet.builder.property : not matches
PropertyConvertor.java : com.adventnet.builder.property : not matches
ImageIconDlg.java : com.adventnet.builder.property : not matches
PropertiesCusEditor.java : com.adventnet.builder.property : not matches
ColorDlgPanel.java : com.adventnet.builder.property : not matches
FontDlg.java : com.adventnet.builder.property : not matches
ValueOnBeanCache.java : com.adventnet.builder.property : not matches
AdvancedPropertyEditor.java : com.adventnet.builder.property : not matches
ColorDlg.java : com.adventnet.builder.property : not matches
VcText.java : com.adventnet.builder.property : not matches
UserDefPropValue.java : com.adventnet.builder.property : not matches
BorderParser.java : com.adventnet.builder.property.editor : not matches
EnumEditor.java : com.adventnet.builder.property.editor : not matches
TitledBorder.java : com.adventnet.builder.property.editor.border : not matches
CompoundBorder.java : com.adventnet.builder.property.editor.border : not matches
LineBorder.java : com.adventnet.builder.property.editor.border : not matches
BevelBorder.java : com.adventnet.builder.property.editor.border : not matches
EtchedBorder.java : com.adventnet.builder.property.editor.border : not matches
MatteBorder.java : com.adventnet.builder.property.editor.border : not matches
EmptyBorder.java : com.adventnet.builder.property.editor.border : not matches
SoftBevelBorder.java : com.adventnet.builder.property.editor.border : not matches
BorderSelectionPanel.java : com.adventnet.builder.property.editor : not matches
BorderColorChooser.java : com.adventnet.builder.property.editor : not matches
EtchedBorderPanel.java : com.adventnet.builder.property.editor : not matches
BorderDlg.java : com.adventnet.builder.property.editor : not matches
BevelBorderPanel.java : com.adventnet.builder.property.editor : not matches
OkCancelPanel.java : com.adventnet.builder.property.editor : not matches
BorderSourceGenerator.java : com.adventnet.builder.property.editor : not matches
MatteBorderPanel.java : com.adventnet.builder.property.editor : not matches
SoftBevelBorderPanel.java : com.adventnet.builder.property.editor : not matches
TitledBorderPanel.java : com.adventnet.builder.property.editor : not matches
ApplyPanel.java : com.adventnet.builder.property.editor : not matches
BorderFont.java : com.adventnet.builder.property.editor : not matches
LineBorderPanel.java : com.adventnet.builder.property.editor : not matches
EmptyBorderPanel.java : com.adventnet.builder.property.editor : not matches
BorderTemplate.java : com.adventnet.builder.property.editor : not matches
BorderDumper.java : com.adventnet.builder.property.editor : not matches
PropertyMaintainer.java : com.adventnet.builder.property : not matches
FontEditor.java : com.adventnet.builder.property : not matches
VcCanvas.java : com.adventnet.builder.property : not matches
VcIndexed.java : com.adventnet.builder.property : not matches
PropertyDialog.java : com.adventnet.builder.property : not matches
ColorEditor.java : com.adventnet.builder.property : not matches
PropertyTabSheet.java : com.adventnet.builder.property : not matches
VcCanvasHelper.java : com.adventnet.builder.property : not matches
PropertiesEditor.java : com.adventnet.builder.property : not matches
DimensionDlg.java : com.adventnet.builder.property : not matches
AdvancedCusEditor.java : com.adventnet.builder.property : not matches
BorderEditor.java : com.adventnet.builder.property : not matches
VcCustomizer.java : com.adventnet.builder.property : not matches
ObjectEditor.java : com.adventnet.builder.property : not matches
EditorIntrospector.java : com.adventnet.builder.property : not matches
DimensionEditor.java : com.adventnet.builder.property : not matches
CharEditor.java : com.adventnet.builder.property : not matches
BuilderPropertySourceGenerator.java : com.adventnet.builder.property : not matches
BasePropertyView.java : com.adventnet.builder.property : not matches
ArrayEditor.java : com.adventnet.builder.property : not matches
IndexedCusEditor.java : com.adventnet.builder.property : not matches
IndexedInterface.java : com.adventnet.builder.property : not matches
VcSelector.java : com.adventnet.builder.property : not matches
VcObject.java : com.adventnet.builder.property : not matches
WrapperInterface.java : com.adventnet.builder.property : not matches
IndexedPropertyBttn.java : com.adventnet.builder.property : not matches
AdvPropToVcInterface.java : com.adventnet.builder.property : not matches
ModifiedPropertiesList.java : com.adventnet.builder.property : not matches
ImageIconEditor.java : com.adventnet.builder.property : not matches
BuilderIntrospector.java : com.adventnet.builder.property : not matches
ViewController.java : com.adventnet.builder.property : not matches
VcExtraStringProperty.java : com.adventnet.builder.property : not matches
AdvancedCusInterface.java : com.adventnet.builder.property : not matches
PropDialog.java : com.adventnet.builder.property : not matches
MiniWrapper.java : com.adventnet.builder.property : not matches
ViewTextField.java : com.adventnet.builder.property.propertyutils : not matches
PropBorder.java : com.adventnet.builder.property.propertyutils : not matches
ViewComboBoxListener.java : com.adventnet.builder.property.propertyutils : not matches
ViewComboBox.java : com.adventnet.builder.property.propertyutils : not matches
ViewLabel.java : com.adventnet.builder.property.propertyutils : not matches
ViewsContainer.java : com.adventnet.builder.property.propertyutils : not matches
ViewTextFieldListener.java : com.adventnet.builder.property.propertyutils : not matches
Utils.java : com.adventnet.builder.property.propertyutils : not matches
ViewButtonListener.java : com.adventnet.builder.property.propertyutils : not matches
ViewButton.java : com.adventnet.builder.property.propertyutils : not matches
ViewMoreButton.java : com.adventnet.builder.property.propertyutils : not matches
VcReadOnly.java : com.adventnet.builder.property : not matches
IndexedPropertyEditor.java : com.adventnet.builder.property : not matches
RegenerateAndCompileEvent.java : com.adventnet.builder.framework.utils.listeners : not matches
RegenerateAndCompileListener.java : com.adventnet.builder.framework.utils.listeners : not matches
StatusWindow.java : com.adventnet.builder.framework.utils.statusanderror : not matches
ProcessTxtArea.java : com.adventnet.builder.framework.utils.statusanderror : not matches
ToolBar.java : com.adventnet.builder.framework.utils : not matches
StartupPanel.java : com.adventnet.builder.framework.utils.startup : not matches
StartupWin.java : com.adventnet.builder.framework.utils.startup : not matches
ParameterDialog.java : com.adventnet.builder.framework.utils.dialog : not matches
ClassPathListPanel.java : com.adventnet.builder.framework.utils : not matches
PlugInInterface.java : com.adventnet.builder.framework.utils.plugin : not matches
BuilderInterface.java : com.adventnet.builder.framework.utils.plugin : not matches
MethodListFilter.java : com.adventnet.builder.framework.utils.general : not matches
NetworkIntelligence.java : com.adventnet.builder.framework.utils.general : not matches
ListenerMethodClass.java : com.adventnet.builder.framework.utils.general : not matches
BuilderUtils.java : com.adventnet.builder.framework.utils.general : not matches
MethodList.java : com.adventnet.builder.framework.utils.general : not matches
ConvertorUtils.java : com.adventnet.builder.framework.utils.general : not matches
AccessableObject.java : com.adventnet.builder.framework.utils.general : not matches
ClassDetails.java : com.adventnet.builder.framework.utils.general : not matches
AbstractBuildTypeConstants.java : com.adventnet.builder.framework.utils.constants : not matches
BuilderTabConstants.java : com.adventnet.builder.framework.utils.constants : not matches
NTreeCellConstants.java : com.adventnet.builder.framework.utils.constants : not matches
LookAndFeelConstants.java : com.adventnet.builder.framework.utils.constants : not matches
BuilderConstants.java : com.adventnet.builder.framework.utils.constants : not matches
BuilderVariables.java : com.adventnet.builder.framework.utils.constants : not matches
ERR.java : com.adventnet.builder.framework.utils.errorhandling : not matches
AwtUtil.java : com.adventnet.builder.framework.utils : not matches
MenuTreeNode.java : com.adventnet.builder.framework.utils.tree : not matches
ExtendedMutableTreeNode.java : com.adventnet.builder.framework.utils.tree : not matches
SimpleTree.java : com.adventnet.builder.framework.utils.tree : not matches
ExtendedTreeNodeAdapter.java : com.adventnet.builder.framework.utils.tree : not matches
SimpleTreeListener.java : com.adventnet.builder.framework.utils.tree : not matches
ProjectTreeCellEditor.java : com.adventnet.builder.framework.utils.tree : not matches
ExtendedTreeCellEditor.java : com.adventnet.builder.framework.utils.tree : not matches
RendererLabel.java : com.adventnet.builder.framework.utils.tree : not matches
TreeIconRenderer.java : com.adventnet.builder.framework.utils.tree : not matches
ExtendedTreeCellRenderer.java : com.adventnet.builder.framework.utils.tree : not matches
NMDefaultTreeNode.java : com.adventnet.builder.framework.utils.tree : not matches
SelectNode.java : com.adventnet.builder.framework.utils.tree : not matches
ExtendedMutableTreeNodeInterface.java : com.adventnet.builder.framework.utils.tree : not matches
ProjectConvertor4_2F.java : com.adventnet.builder.versionconvertors : not matches
ProjectConvertorInf.java : com.adventnet.builder.versionconvertors : not matches
VersionConvertor.java : com.adventnet.builder.versionconvertors : not matches
Version4_1_1.java : com.adventnet.builder.versionconvertors : not matches
VersionConvertorInf.java : com.adventnet.builder.versionconvertors : not matches
BeanBuilder2_0.java : com.adventnet.builder.versionconvertors : not matches
BBVersionValidator.java : com.adventnet.builder.versionconvertors : not matches
LoadJarsDialog.java : com.adventnet.builder.beanspalette : not matches
BeanGroup.java : com.adventnet.builder.beanspalette : not matches
SimpleJarTester.java : com.adventnet.builder.beanspalette : not matches
BeanInfoGenerator.java : com.adventnet.builder.beanspalette : not matches
ComponentLibrary.java : com.adventnet.builder.beanspalette : not matches
JarsLoadHandler.java : com.adventnet.builder.beanspalette : not matches
LibraryTreeDialog.java : com.adventnet.builder.beanspalette : not matches
JarTesterListener.java : com.adventnet.builder.beanspalette : not matches
LoadClassGroup.java : com.adventnet.builder.beanspalette : not matches
BeansToolBarPanel.java : com.adventnet.builder.beanspalette : not matches
SimpleBeanInfoTester.java : com.adventnet.builder.beanspalette : not matches
UnLoadJarsDialog.java : com.adventnet.builder.beanspalette : not matches
ToolBarPanel.java : com.adventnet.builder.beanspalette : not matches
BeansToolBar.java : com.adventnet.builder.beanspalette : not matches
JarTester.java : com.adventnet.builder.beanspalette : not matches
ContainingJarsDialog.java : com.adventnet.builder.propertyform : not matches
InterfaceDialog.java : com.adventnet.builder.propertyform : not matches
ClassPathAdderDialog.java : com.adventnet.builder.propertyform : not matches
LocaleDialog.java : com.adventnet.builder.propertyform : not matches
BuilderProperty.java : com.adventnet.builder.propertyform : not matches
ScreenPropertyForm.java : com.adventnet.builder.propertyform : not matches
ProjectPropertyForm.java : com.adventnet.builder.propertyform : not matches
VariablesDialog.java : com.adventnet.builder.propertyform : not matches
Description.java : com.adventnet.builder.propertyform : not matches
Describer.java : com.adventnet.builder.propertyform : not matches
ScreenPropertyInterface.java : com.adventnet.builder.propertyform : not matches
JavaParamDialog.java : com.adventnet.builder.propertyform : not matches
ApacheServerInfo.java : com.adventnet.builder.server : not matches
TomcatServerInfo.java : com.adventnet.builder.server : not matches
TomcatWebServer.java : com.adventnet.builder.server : not matches
BeanGeneratorPlugin.java : com.adventnet.builder.source.plugin : not matches
ConnectionSourceGeneratorPlugin.java : com.adventnet.builder.source.plugin : not matches
ScreenSourceGeneratorPlugin.java : com.adventnet.builder.source.plugin : not matches
MenuSourceGeneratorPlugin.java : com.adventnet.builder.source.plugin : not matches
ParameterChangeSourceGenPlugin.java : com.adventnet.builder.source.plugin : not matches
BeanSourceGeneratorPlugin.java : com.adventnet.builder.source.plugin : not matches
GUISourceGeneratorPlugin.java : com.adventnet.builder.source.plugin : not matches
ALFSourceGeneratorPlugin.java : com.adventnet.builder.source.plugin : not matches
UtilsForSourceGeneration.java : com.adventnet.builder.source.plugin : not matches
MenuSourceGenerator.java : com.adventnet.builder.source.plugin : not matches
MethodEditor.java : com.adventnet.builder.source : not matches
MethodEditorInterface.java : com.adventnet.builder.source : not matches
ToolsSourceGenerator.java : com.adventnet.builder.source.sourcegenerator : not matches
ScreenTreeModel.java : com.adventnet.builder.tree.screentree : not matches
ScreenTreePanel.java : com.adventnet.builder.tree.screentree : not matches
ScreenTreeListener.java : com.adventnet.builder.tree.screentree : not matches
ScreenTreeUserObject.java : com.adventnet.builder.tree.screentree : not matches
DefaultScreenUserObject.java : com.adventnet.builder.tree.screentree : not matches
ConnectionNodeWrapper.java : com.adventnet.builder.tree.screentree : not matches
