AdventNetTreeEditorUI.java : com.adventnet.beans.probeans : not matches
AdventNetTreePropertyEditor.java : com.adventnet.beans.probeans : not matches
BubbleShapeEditor.java : com.adventnet.beans.probeans : not matches
ButtonCountEditor.java : com.adventnet.beans.probeans : not matches
ButtonPositionEditor.java : com.adventnet.beans.probeans : not matches
DateFormatEditor.java : com.adventnet.beans.probeans : not matches
ProAdventNetTreeBeanInfo.java : com.adventnet.beans.probeans : not matches
ProDateTimeComponentBeanInfo.java : com.adventnet.beans.probeans : not matches
ProIntegerTextFieldBeanInfo.java : com.adventnet.beans.probeans : not matches
ProIpAddressComponentBeanInfo.java : com.adventnet.beans.probeans : not matches
ProListViewBeanInfo.java : com.adventnet.beans.probeans : not matches
ProProgressBarBeanInfo.java : com.adventnet.beans.probeans : not matches
ProSearchComponentBeanInfo.java : com.adventnet.beans.probeans : not matches
ProStatusBarBeanInfo.java : com.adventnet.beans.probeans : not matches
ProTableBeanInfo.java : com.adventnet.beans.probeans : not matches
ProTreeComboBeanInfo.java : com.adventnet.beans.probeans : not matches
TextFieldTypeEditor.java : com.adventnet.beans.probeans : not matches
TimeFormatEditor.java : com.adventnet.beans.probeans : not matches
ProListViewDefaultTableModelBeanInfo.java : com.adventnet.beans.probeans : not matches
ExtendedPropertyEditor.java : com.adventnet.beans.utils : not matches
SuperBeanInfo.java : com.adventnet.beans.utils : not matches
PropertyEditorInterface.java : com.adventnet.beans.utils : not matches
ProListViewDefaultSort.java : com.adventnet.beans.probeans : not matches
ProListViewDefaultTableModel.java : com.adventnet.beans.probeans : not matches
ProListViewModelProps.java : com.adventnet.beans.probeans : not matches
ProListViewSort.java : com.adventnet.beans.probeans : not matches
ProListViewSortHeaderListener.java : com.adventnet.beans.probeans : not matches
