Spinner.java : com.adventnet.beans.utilbeans : not matches
BasicSpinnerUI.java : com.adventnet.beans.utilbeans : not matches
SpinnerUI.java : com.adventnet.beans.utilbeans : not matches
MyBasicButton.java : com.adventnet.beans.utilbeans : not matches
StringSpinner.java : com.adventnet.beans.utilbeans : not matches
WholeNumberField.java : com.adventnet.beans.utilbeans : not matches
ProToolBar.java : com.adventnet.beans.probeans : not matches
ProProgressBar.java : com.adventnet.beans.probeans : not matches
SearchInterface.java : com.adventnet.beans.probeans : not matches
ProListView.java : com.adventnet.beans.probeans : not matches
ProTable.java : com.adventnet.beans.probeans : not matches
ProRangeComponent.java : com.adventnet.beans.probeans : not matches
ToolBarFloater.java : com.adventnet.beans.probeans : not matches
ProListViewDefaultTableModel.java : com.adventnet.beans.probeans : not matches
ProToolBarButton.java : com.adventnet.beans.probeans : not matches
ListEntry.java : com.adventnet.beans.probeans : not matches
ProListViewDefaultSort.java : com.adventnet.beans.probeans : not matches
ProTreeCombo.java : com.adventnet.beans.probeans : not matches
ConvertTreeNodeToTransferable.java : com.adventnet.beans.probeans : not matches
TableMap.java : com.adventnet.beans.probeans : not matches
ToolBarElement.java : com.adventnet.beans.probeans : not matches
ProListViewModelProps.java : com.adventnet.beans.probeans : not matches
AdventNetTreeDropSource.java : com.adventnet.beans.probeans : not matches
DateTimeChangeListener.java : com.adventnet.beans.probeans : not matches
DateTimeChangeAdapter.java : com.adventnet.beans.probeans : not matches
AdventNetTreeCellEditor.java : com.adventnet.beans.probeans.editor : not matches
ProToolBarItem.java : com.adventnet.beans.probeans : not matches
SortModel.java : com.adventnet.beans.probeans : not matches
ProTotalComponent.java : com.adventnet.beans.probeans : not matches
Utility.java : com.adventnet.beans.probeans : not matches
CutListener.java : com.adventnet.beans.probeans : not matches
ProIpAddressComponent.java : com.adventnet.beans.probeans : not matches
ProListViewSortHeaderListener.java : com.adventnet.beans.probeans : not matches
MoreFewerComponentInterface.java : com.adventnet.beans.probeans : not matches
AdventNetTreeNode.java : com.adventnet.beans.probeans : not matches
AdventNetTreeDragSource.java : com.adventnet.beans.probeans : not matches
MoreFewerEventListener.java : com.adventnet.beans.probeans : not matches
ProListViewConstants.java : com.adventnet.beans.probeans : not matches
MoreFewerEventObject.java : com.adventnet.beans.probeans : not matches
CriteriaObject.java : com.adventnet.beans.probeans : not matches
ProSearchComponent.java : com.adventnet.beans.probeans : not matches
ProListViewDataModelEvent.java : com.adventnet.beans.probeans : not matches
ProPageLengthComponent.java : com.adventnet.beans.probeans : not matches
ProAdventNetTree.java : com.adventnet.beans.probeans : not matches
ProToolBarSeparator.java : com.adventnet.beans.probeans : not matches
ProListViewSort.java : com.adventnet.beans.probeans : not matches
CriteriaComponentInterface.java : com.adventnet.beans.probeans : not matches
ProAdjuster.java : com.adventnet.beans.probeans : not matches
ProListViewController.java : com.adventnet.beans.probeans : not matches
MoreFewerEventAdapter.java : com.adventnet.beans.probeans : not matches
ProDateTimeComponent.java : com.adventnet.beans.probeans : not matches
DateTimeChangeEvent.java : com.adventnet.beans.probeans : not matches
TreeToListModel.java : com.adventnet.beans.probeans : not matches
ProMoreFewerComponent.java : com.adventnet.beans.probeans : not matches
CopyListener.java : com.adventnet.beans.probeans : not matches
PopupObject.java : com.adventnet.beans.probeans : not matches
ConvertTreePathToTransferable.java : com.adventnet.beans.probeans : not matches
CriteriaPanel.java : com.adventnet.beans.probeans : not matches
ProStatusBar.java : com.adventnet.beans.probeans : not matches
ProIntegerTextField.java : com.adventnet.beans.probeans : not matches
TableSorter.java : com.adventnet.beans.probeans : not matches
ProButtonGroup.java : com.adventnet.beans.probeans : not matches
TableSortInterface.java : com.adventnet.beans.probeans : not matches
PasteListener.java : com.adventnet.beans.probeans : not matches
ProListViewTableHeaderRenderer.java : com.adventnet.beans.probeans.renderer : not matches
ProListViewTableRenderer.java : com.adventnet.beans.probeans.renderer : not matches
AdventNetTreeCellRenderer.java : com.adventnet.beans.probeans.renderer : not matches
SeverityRenderer.java : com.adventnet.beans.probeans.renderer : not matches
ColorObject.java : com.adventnet.beans.probeans.renderer : not matches
ListEntryRenderer.java : com.adventnet.beans.probeans.renderer : not matches
TreeUserObject.java : com.adventnet.beans.probeans : not matches
ProListViewTableModel.java : com.adventnet.beans.probeans : not matches
ProgressBarDisplay.java : com.adventnet.beans.probeans : not matches
Utility.java : com.adventnet.apiutils : not matches
