DialBeanInfo.java : com.adventnet.beans : not matches
LedBeanInfo.java : com.adventnet.beans : not matches
LedPanelBeanInfo.java : com.adventnet.beans : not matches
PieChartBeanInfo.java : com.adventnet.beans : not matches
PieDetailsBeanInfo.java : com.adventnet.beans : not matches
PieViewBeanInfo.java : com.adventnet.beans : not matches
BarColorEditor.java : com.adventnet.beans.graphs : not matches
BarGraph3DBeanInfo.java : com.adventnet.beans.graphs : not matches
BarGraphBeanInfo.java : com.adventnet.beans.graphs : not matches
ColorDlg.java : com.adventnet.beans.graphs : not matches
ColorEditorDialog.java : com.adventnet.beans.graphs : not matches
ColorsCusEditor.java : com.adventnet.beans.graphs : not matches
ColorsEditor.java : com.adventnet.beans.graphs : not matches
DateDisplayFormatEditor.java : com.adventnet.beans.graphs : not matches
DateFormatEditor.java : com.adventnet.beans.graphs : not matches
FilledGraphBeanInfo.java : com.adventnet.beans.graphs : not matches
HistoGroup.java : com.adventnet.beans.graphs : not matches
HistoLookEditor.java : com.adventnet.beans.graphs : not matches
LineGraphBeanInfo.java : com.adventnet.beans.graphs : not matches
MultiBarGraphBeanInfo.java : com.adventnet.beans.graphs : not matches
MultiLineGraphBeanInfo.java : com.adventnet.beans.graphs : not matches
PaintCanvas.java : com.adventnet.beans.graphs : not matches
YAxisBehaviorEditor.java : com.adventnet.beans.graphs : not matches
hed.java : com.adventnet.beans.graphs : not matches
HCellularGaugeBeanInfo.java : com.adventnet.beans.gauges : not matches
VCellularGaugeBeanInfo.java : com.adventnet.beans.gauges : not matches
DigDispBeanInfo.java : com.adventnet.beans.digit : not matches
DigitBeanInfo.java : com.adventnet.beans.digit : not matches
ActiveIconBeanInfo.java : com.adventnet.beans.images : not matches
ActiveIconCustomizer.java : com.adventnet.beans.images : not matches
ChoiceEditor.java : com.adventnet.beans.images : not matches
ColorCellRenderer.java : com.adventnet.beans.images : not matches
ComboEditor.java : com.adventnet.beans.images : not matches
ComboRenderer.java : com.adventnet.beans.images : not matches
CustomFileFilter.java : com.adventnet.beans.images : not matches
DirectoryCusEditor.java : com.adventnet.beans.images : not matches
DirectoryEditor.java : com.adventnet.beans.images : not matches
FilePreviewer.java : com.adventnet.beans.images : not matches
FileUtil.java : com.adventnet.beans.images : not matches
ImageBrowseEditor.java : com.adventnet.beans.images : not matches
ImageButtonBeanInfo.java : com.adventnet.beans.images : not matches
ImageCusEditor.java : com.adventnet.beans.images : not matches
ImageLabelBeanInfo.java : com.adventnet.beans.images : not matches
ImageSelector.java : com.adventnet.beans.images : not matches
StatusIconBeanInfo.java : com.adventnet.beans.images : not matches
StatusIconCustomizer.java : com.adventnet.beans.images : not matches
ExtendedPropertyEditor.java : com.adventnet.beans.utils : not matches
SuperBeanInfo.java : com.adventnet.beans.utils : not matches
PropertyEditorInterface.java : com.adventnet.beans.utils : not matches
DialTypeEditor.java : com.adventnet.beans : not matches
TitleTextEditor.java : com.adventnet.beans : not matches
