IDLParser.java : com.adventnet.simulator.corba.idlhdlr : matches
IdlObjectHelper.java : com.adventnet.simulator.corba.idlhdlr : matches
InterfaceData.java : com.adventnet.simulator.corba.idlhdlr : matches
ModuleData.java : com.adventnet.simulator.corba.idlhdlr : matches
OperationData.java : com.adventnet.simulator.corba.idlhdlr : matches
CompileFiles.java : com.adventnet.simulator.corba.operation : matches
CorbaCompiler.java : com.adventnet.simulator.corba.operation : matches
CorbaConfigMaker.java : com.adventnet.simulator.corba.operation : matches
CorbaEventHandler.java : com.adventnet.simulator.corba.operation : not matches
CorbaExceptionDetails.java : com.adventnet.simulator.corba.operation : matches
CorbaImplCreator.java : com.adventnet.simulator.corba.operation : matches
CorbaImplHelper.java : com.adventnet.simulator.corba.operation : matches
CorbaLoadConfiguration.java : com.adventnet.simulator.corba.operation : matches
CorbaObjRequestHandler.java : com.adventnet.simulator.corba.operation : matches
CorbaObjectCreator.java : com.adventnet.simulator.corba.operation : not matches
CorbaObjectHolder.java : com.adventnet.simulator.corba.operation : matches
CorbaParamDetails.java : com.adventnet.simulator.corba.operation : matches
CorbaRequestHandler.java : com.adventnet.simulator.corba.operation : matches
CorbaRequestListener.java : com.adventnet.simulator.corba.operation : matches
CorbaResponseDetails.java : com.adventnet.simulator.corba.operation : matches
CorbaSimulator.java : com.adventnet.simulator.corba.operation : matches
CorbaValueSim.java : com.adventnet.simulator.corba.operation : matches
CorbaXMLConfigMaker.java : com.adventnet.simulator.corba.operation : matches
CorbaXMLReader.java : com.adventnet.simulator.corba.operation : matches
CorbaXMLReqHandler.java : com.adventnet.simulator.corba.operation : matches
EventDataHolder.java : com.adventnet.simulator.corba.operation : not matches
EventInvoker.java : com.adventnet.simulator.corba.operation : not matches
FileDataHelper.java : com.adventnet.simulator.corba.operation : matches
FileDataHolder.java : com.adventnet.simulator.corba.operation : matches
FileStatusPoller.java : com.adventnet.simulator.corba.operation : matches
MultipleAgent.java : com.adventnet.simulator.corba.operation : not matches
MultipleCorbaAgent.java : com.adventnet.simulator.corba.operation : not matches
SimulTypeInfo.java : com.adventnet.simulator.corba.operation : matches
SwingInterface.java : com.adventnet.simulator.corba.operation : not matches
FileClassLoader.java : com.adventnet.agent.utilities.javaloader : not matches
MultiClassLoader.java : com.adventnet.agent.utilities.javaloader : not matches
ConfigureTableValues.java : com.adventnet.simulator.corba.ui : matches
ConfigureValues.java : com.adventnet.simulator.corba.ui : matches
CorbaAgentSettings.java : com.adventnet.simulator.corba.ui : matches
CorbaEventConfig.java : com.adventnet.simulator.corba.ui : not matches
CorbaEventObjectUpdater.java : com.adventnet.simulator.corba.ui : not matches
CorbaMutableTreeNode.java : com.adventnet.simulator.corba.ui : matches
CorbaObjUiHandler.java : com.adventnet.simulator.corba.ui : matches
CorbaSimulatorFrame.java : com.adventnet.simulator.corba.ui : matches
CorbaTree.java : com.adventnet.simulator.corba.ui : matches
CorbaXMLUIHandler.java : com.adventnet.simulator.corba.ui : matches
EventUIHandler.java : com.adventnet.simulator.corba.ui : not matches
LoadIDLFile.java : com.adventnet.simulator.corba.ui : matches
NodeIconRenderer.java : com.adventnet.simulator.corba.ui : matches
UIHandler.java : com.adventnet.simulator.corba.ui : matches
