MBeanInitializer.java : com.adventnet.agent.configuration : matches
MBeanProperties.java : com.adventnet.agent.configuration : matches
MBeansConfiguration.java : com.adventnet.agent.configuration : matches
ActionHandlerEvent.java : com.adventnet.agent.utilities.event : not matches
ActionHandlerListener.java : com.adventnet.agent.utilities.event : not matches
SetValues.java : com.adventnet.agent.utilities.misc : not matches
JavaFileGenUtils.java : com.adventnet.agent.utilities.srcgen : matches
SwingInterface.java : com.adventnet.agent.utilities.srcgen : matches
AcsString.java : com.adventnet.snmp.mibs : not matches
AgentClauseCommandUtil.java : com.adventnet.snmp.mibs : not matches
AgentClauseUtil.java : com.adventnet.snmp.mibs : not matches
AgentMibModuleCompliance.java : com.adventnet.snmp.mibs : not matches
AgentMibNode.java : com.adventnet.snmp.mibs : not matches
AgentMibOperations.java : com.adventnet.snmp.mibs : not matches
AgentMibTrap.java : com.adventnet.snmp.mibs : not matches
BasicAgentMibNode.java : com.adventnet.snmp.mibs : not matches
BasicAgentMibOperations.java : com.adventnet.snmp.mibs : not matches
ClassCommandUtil.java : com.adventnet.snmp.mibs : not matches
DatabaseCommandUtil.java : com.adventnet.snmp.mibs : not matches
FileCommandUtil.java : com.adventnet.snmp.mibs : not matches
InstanceType.java : com.adventnet.snmp.mibs : not matches
ProxyCommandUtil.java : com.adventnet.snmp.mibs : not matches
ReadWriteCommandUtil.java : com.adventnet.snmp.mibs : not matches
SetAgentCapabilities.java : com.adventnet.snmp.mibs : not matches
SimulateCommandUtil.java : com.adventnet.snmp.mibs : not matches
FileClassLoader.java : com.adventnet.utilities.javaloader : not matches
MultiClassLoader.java : com.adventnet.utilities.javaloader : not matches
AgentException.java : com.adventnet.utilities.common : not matches
CommonUtils.java : com.adventnet.utilities.common : not matches
Encrypter.java : com.adventnet.utilities.common : not matches
ExecCommand.java : com.adventnet.utilities.common : not matches
ParseOptions.java : com.adventnet.utilities.common : not matches
UpdateListener.java : com.adventnet.utilities.common : not matches
JDBCHandler.java : com.adventnet.utilities.db : not matches
MD5Encryption.java : com.adventnet.utilities.encryption : not matches
FileUtils.java : com.adventnet.utilities.file : not matches
StreamListener.java : com.adventnet.utilities.io : not matches
StreamReader.java : com.adventnet.utilities.io : not matches
ASCII_UCodeESC_CharStream.java : com.adventnet.utilities.jmerge.jjtree : not matches
ASTBlock.java : com.adventnet.utilities.jmerge.jjtree : not matches
ASTBlockStatement.java : com.adventnet.utilities.jmerge.jjtree : not matches
ASTClassInfo.java : com.adventnet.utilities.jmerge.jjtree : not matches
ASTCompilationUnit.java : com.adventnet.utilities.jmerge.jjtree : not matches
ASTConstructor.java : com.adventnet.utilities.jmerge.jjtree : not matches
ASTField.java : com.adventnet.utilities.jmerge.jjtree : not matches
ASTFieldDecl.java : com.adventnet.utilities.jmerge.jjtree : not matches
ASTFinalStatement.java : com.adventnet.utilities.jmerge.jjtree : not matches
ASTImplementsInfo.java : com.adventnet.utilities.jmerge.jjtree : not matches
ASTImport.java : com.adventnet.utilities.jmerge.jjtree : not matches
ASTImportDecls.java : com.adventnet.utilities.jmerge.jjtree : not matches
ASTMainClass.java : com.adventnet.utilities.jmerge.jjtree : not matches
ASTMethodDecl.java : com.adventnet.utilities.jmerge.jjtree : not matches
ASTName.java : com.adventnet.utilities.jmerge.jjtree : not matches
ASTNestedDecl.java : com.adventnet.utilities.jmerge.jjtree : not matches
ASTPackage.java : com.adventnet.utilities.jmerge.jjtree : not matches
ASTStatement.java : com.adventnet.utilities.jmerge.jjtree : not matches
JJTJavaParserState.java : com.adventnet.utilities.jmerge.jjtree : not matches
JavaParser.java : com.adventnet.utilities.jmerge.jjtree : not matches
JavaParserConstants.java : com.adventnet.utilities.jmerge.jjtree : not matches
JavaParserTokenManager.java : com.adventnet.utilities.jmerge.jjtree : not matches
JavaParserTreeConstants.java : com.adventnet.utilities.jmerge.jjtree : not matches
JavaParserVisitor.java : com.adventnet.utilities.jmerge.jjtree : not matches
MergeUtil.java : com.adventnet.utilities.jmerge.jjtree : not matches
MergeUtilInterface.java : com.adventnet.utilities.jmerge.jjtree : not matches
Node.java : com.adventnet.utilities.jmerge.jjtree : not matches
ParseException.java : com.adventnet.utilities.jmerge.jjtree : not matches
SimpleNode.java : com.adventnet.utilities.jmerge.jjtree : not matches
Token.java : com.adventnet.utilities.jmerge.jjtree : not matches
TokenMgrError.java : com.adventnet.utilities.jmerge.jjtree : not matches
CodeMergingAPI.java : com.adventnet.utilities.jmerge.merger : not matches
Extractor.java : com.adventnet.utilities.jmerge.merger : not matches
Merger.java : com.adventnet.utilities.jmerge.merger : not matches
MethodMerging.java : com.adventnet.utilities.jmerge.merger : not matches
VisitorAdapter.java : com.adventnet.utilities.jmerge.merger : not matches
VisitorHelper.java : com.adventnet.utilities.jmerge.merger : not matches
Level.java : com.adventnet.utilities.logging : not matches
Log.java : com.adventnet.utilities.logging : not matches
LogFactory.java : com.adventnet.utilities.logging : not matches
OSDescriptor.java : com.adventnet.utilities.os : not matches
RunCmd.java : com.adventnet.utilities.os : not matches
SystemUtils.java : com.adventnet.utilities.os : not matches
Scheduler.java : com.adventnet.utilities.scheduler : not matches
WorkerThread.java : com.adventnet.utilities.scheduler : not matches
Sorter.java : com.adventnet.utilities.sort : not matches
StrUtil.java : com.adventnet.utilities.stringutils : not matches
ActionHandlerEvent.java : com.adventnet.utilities.ui.event : not matches
ActionHandlerListener.java : com.adventnet.utilities.ui.event : not matches
Browser.java : com.adventnet.utilities.ui.html : not matches
HTMLUtils.java : com.adventnet.utilities.ui.html : not matches
JaxpUtils.java : com.adventnet.utilities.xml.dom : not matches
XMLDataReader.java : com.adventnet.utilities.xml.dom : not matches
XMLDataWriter.java : com.adventnet.utilities.xml.dom : not matches
XMLEscapeInserter.java : com.adventnet.utilities.xml.dom : not matches
XMLNode.java : com.adventnet.utilities.xml.dom : not matches
XMLReader.java : com.adventnet.utilities.xml.dom : not matches
XMLUtils.java : com.adventnet.utilities.xml.dom : not matches
XMLWriter.java : com.adventnet.utilities.xml.dom : not matches
XMLIndenter.java : com.adventnet.utilities.xml.indenter : not matches
CaseInsensitiveHashtable.java : com.adventnet.utilities.xml.sax : not matches
EXMLAttributes.java : com.adventnet.utilities.xml.sax : not matches
EXMLDefaultHandler.java : com.adventnet.utilities.xml.sax : not matches
EXMLException.java : com.adventnet.utilities.xml.sax : not matches
EXMLParser.java : com.adventnet.utilities.xml.sax : not matches
EXMLPropertyNotFoundException.java : com.adventnet.utilities.xml.sax : not matches
EXMLWriter.java : com.adventnet.utilities.xml.sax : not matches
ErrorHandlerImpl.java : com.adventnet.utilities.xml.sax : not matches
TagsInterface.java : com.adventnet.utilities.xml.sax : not matches
ValueObject.java : com.adventnet.utilities.xml.sax : not matches
