BuilderResourceBundle.java : com.adventnet.tools.prevalent : not matches
CardInterface.java : com.adventnet.tools.prevalent : not matches
CardPanel.java : com.adventnet.tools.prevalent : not matches
IDDialog.java : com.adventnet.tools.prevalent : not matches
ImageComponent.java : com.adventnet.tools.prevalent : not matches
ImageLabel.java : com.adventnet.tools.prevalent : not matches
LUIAgreement.java : com.adventnet.tools.prevalent : not matches
LUIFileScreen.java : com.adventnet.tools.prevalent : not matches
LUIFirstScreen.java : com.adventnet.tools.prevalent : not matches
LUIGeneral.java : com.adventnet.tools.prevalent : not matches
Validation.java : com.adventnet.tools.prevalent : not matches
Product.java : com.adventnet.tools.prevalent : not matches
Component.java : com.adventnet.tools.prevalent : not matches
Group.java : com.adventnet.tools.prevalent : not matches
SubGroup.java : com.adventnet.tools.prevalent : not matches
LUIOptionScreen.java : com.adventnet.tools.prevalent : not matches
LUIRegisterDetails.java : com.adventnet.tools.prevalent : not matches
OptionDialog.java : com.adventnet.tools.prevalent : not matches
OptionDialogConstants.java : com.adventnet.tools.prevalent : not matches
OptionDialogInformer.java : com.adventnet.tools.prevalent : not matches
PatchFilter.java : com.adventnet.tools.prevalent : not matches
Utility.java : com.adventnet.tools.prevalent : not matches
AString.java : com.adventnet.tools.prevalent : not matches
AddOn.java : com.adventnet.tools.prevalent : not matches
BObject.java : com.adventnet.tools.prevalent : not matches
BString.java : com.adventnet.tools.prevalent : not matches
CMDClass.java : com.adventnet.tools.prevalent : not matches
ChordsConts.java : com.adventnet.tools.prevalent : not matches
Clientele.java : com.adventnet.tools.prevalent : not matches
CompatibilityParser.java : com.adventnet.tools.prevalent : not matches
Version.java : com.adventnet.tools.prevalent : not matches
ConsoleOut.java : com.adventnet.tools.prevalent : not matches
DString.java : com.adventnet.tools.prevalent : not matches
DataClass.java : com.adventnet.tools.prevalent : not matches
User.java : com.adventnet.tools.prevalent : not matches
Details.java : com.adventnet.tools.prevalent : not matches
NSComponent.java : com.adventnet.tools.prevalent : not matches
EString.java : com.adventnet.tools.prevalent : not matches
Encode.java : com.adventnet.tools.prevalent : not matches
Formalize.java : com.adventnet.tools.prevalent : not matches
Heraldry.java : com.adventnet.tools.prevalent : not matches
Indication.java : com.adventnet.tools.prevalent : not matches
InputFileParser.java : com.adventnet.tools.prevalent : not matches
Intonation.java : com.adventnet.tools.prevalent : not matches
LConstants.java : com.adventnet.tools.prevalent : not matches
LUtil.java : com.adventnet.tools.prevalent : not matches
Laterality.java : com.adventnet.tools.prevalent : not matches
MacComp.java : com.adventnet.tools.prevalent : not matches
Modulation.java : com.adventnet.tools.prevalent : not matches
NRearward.java : com.adventnet.tools.prevalent : not matches
NThreadBare.java : com.adventnet.tools.prevalent : not matches
NVariegation.java : com.adventnet.tools.prevalent : not matches
OIndication.java : com.adventnet.tools.prevalent : not matches
ProcessGet.java : com.adventnet.tools.prevalent : not matches
ROperation.java : com.adventnet.tools.prevalent : not matches
RTObject.java : com.adventnet.tools.prevalent : not matches
ThreadWorn.java : com.adventnet.tools.prevalent : not matches
ToolsResourceBundle.java : com.adventnet.tools.prevalent : not matches
ToolsUtils.java : com.adventnet.tools.prevalent : not matches
Validity.java : com.adventnet.tools.prevalent : not matches
Vendee.java : com.adventnet.tools.prevalent : not matches
WebGet.java : com.adventnet.tools.prevalent : not matches
WebLicenseUpgrade.java : com.adventnet.tools.prevalent : not matches
Wield.java : com.adventnet.tools.prevalent : not matches
