Browser.java : com.adventnet.tl1.tools.utils : not matches
CustomFileFilter.java : com.adventnet.tl1.tools.utils : not matches
CustomProgressBarUI.java : com.adventnet.tl1.tools.utils : not matches
FindInTreeDialog.java : com.adventnet.tl1.tools.utils : not matches
SelectPopUp.java : com.adventnet.tl1.tools.utils : not matches
SplashScreen.java : com.adventnet.tl1.tools.utils : not matches
StartServer.java : com.adventnet.tl1.tools.utils : not matches
TL1CustomDialog.java : com.adventnet.tl1.tools.utils : not matches
UIUtility.java : com.adventnet.tl1.tools.utils : matches
UnloadDialog.java : com.adventnet.tl1.tools.utils : not matches
TL1MessageTree.java : com.adventnet.tl1.tools.tree : matches
TL1TreeNode.java : com.adventnet.tl1.tools.tree : not matches
TreeNodeRenderer.java : com.adventnet.tl1.tools.tree : not matches
AlarmCodeEditor.java : com.adventnet.tl1.tools.messagebuilder : not matches
AutoCodePanel.java : com.adventnet.tl1.tools.messagebuilder : not matches
AutoMessagePanel.java : com.adventnet.tl1.tools.messagebuilder : not matches
CommandCodePanel.java : com.adventnet.tl1.tools.messagebuilder : not matches
Config.java : com.adventnet.tl1.tools.messagebuilder : not matches
DataPanel.java : com.adventnet.tl1.tools.messagebuilder : not matches
EditorAndRenderer.java : com.adventnet.tl1.tools.messagebuilder : not matches
EnumBundlePanel.java : com.adventnet.tl1.tools.messagebuilder : not matches
EnumPopup.java : com.adventnet.tl1.tools.messagebuilder : not matches
FileLoader.java : com.adventnet.tl1.tools.messagebuilder : not matches
FindDialog.java : com.adventnet.tl1.tools.messagebuilder : not matches
InfoPanel.java : com.adventnet.tl1.tools.messagebuilder : not matches
InputMessagePanel.java : com.adventnet.tl1.tools.messagebuilder : not matches
MainScreen.java : com.adventnet.tl1.tools.messagebuilder : not matches
MBMainScreen.java : com.adventnet.tl1.tools.messagebuilder : not matches
ModifierPopUp.java : com.adventnet.tl1.tools.messagebuilder : not matches
renderer.java : com.adventnet.tl1.tools.messagebuilder : not matches
editor.java : com.adventnet.tl1.tools.messagebuilder : not matches
ModifierTableModel.java : com.adventnet.tl1.tools.messagebuilder : not matches
Monitor.java : com.adventnet.tl1.tools.messagebuilder : not matches
NamePopUp.java : com.adventnet.tl1.tools.messagebuilder : not matches
NewAutoMessagePopUp.java : com.adventnet.tl1.tools.messagebuilder : not matches
NewInputMessagePopUp.java : com.adventnet.tl1.tools.messagebuilder : not matches
NewResponseMessagePopUp.java : com.adventnet.tl1.tools.messagebuilder : not matches
NumericTextField.java : com.adventnet.tl1.tools.messagebuilder : not matches
OptionsWindow.java : com.adventnet.tl1.tools.messagebuilder : not matches
ParamBlockPopUp.java : com.adventnet.tl1.tools.messagebuilder : not matches
ParameterBlockPanel.java : com.adventnet.tl1.tools.messagebuilder : not matches
ParameterBlockTemplatePanel.java : com.adventnet.tl1.tools.messagebuilder : not matches
ParameterDialog.java : com.adventnet.tl1.tools.messagebuilder : not matches
ParameterListRenderer.java : com.adventnet.tl1.tools.messagebuilder : not matches
ParameterTemplatePanel.java : com.adventnet.tl1.tools.messagebuilder : not matches
PatternPanel.java : com.adventnet.tl1.tools.messagebuilder : not matches
PatternPopup.java : com.adventnet.tl1.tools.messagebuilder : not matches
PatternSetPanel.java : com.adventnet.tl1.tools.messagebuilder : not matches
RangeBundlePanel.java : com.adventnet.tl1.tools.messagebuilder : not matches
RangePopup.java : com.adventnet.tl1.tools.messagebuilder : not matches
ResourceBundlePanel.java : com.adventnet.tl1.tools.messagebuilder : not matches
ResponseMessagePanel.java : com.adventnet.tl1.tools.messagebuilder : not matches
SaveOnExit.java : com.adventnet.tl1.tools.messagebuilder : not matches
TL1TreeModel.java : com.adventnet.tl1.tools.messagebuilder : not matches
Validate.java : com.adventnet.tl1.tools.messagebuilder : not matches
ValidationWindow.java : com.adventnet.tl1.tools.messagebuilder : not matches
ViewFile.java : com.adventnet.tl1.tools.messagebuilder : not matches
WordListPanel.java : com.adventnet.tl1.tools.messagebuilder : not matches
WordListPopup.java : com.adventnet.tl1.tools.messagebuilder : not matches
BulkMessagePanel.java : com.adventnet.tl1.tools.craftinterface : not matches
CIListModel.java : com.adventnet.tl1.tools.craftinterface : matches
CIMainScreen.java : com.adventnet.tl1.tools.craftinterface : matches
CITreeModel.java : com.adventnet.tl1.tools.craftinterface : not matches
Config.java : com.adventnet.tl1.tools.craftinterface : not matches
CraftInterfaceForwarder.java : com.adventnet.tl1.tools.craftinterface : matches
CraftInterface.java : com.adventnet.tl1.tools.craftinterface : matches
CraftInterfaceRequest.java : com.adventnet.tl1.tools.craftinterface : matches
CraftInterfaceResponse.java : com.adventnet.tl1.tools.craftinterface : matches
DocumentHolder.java : com.adventnet.tl1.tools.craftinterface : not matches
DraggableList.java : com.adventnet.tl1.tools.craftinterface : not matches
FileHolder.java : com.adventnet.tl1.tools.craftinterface : not matches
FileLoader.java : com.adventnet.tl1.tools.craftinterface : not matches
ImagePanel.java : com.adventnet.tl1.tools.craftinterface : not matches
InputMessageDetailsPanel.java : com.adventnet.tl1.tools.craftinterface : not matches
LeftToRightListSelect.java : com.adventnet.tl1.tools.craftinterface : not matches
LoadDialog.java : com.adventnet.tl1.tools.craftinterface : matches
LogFileDialog.java : com.adventnet.tl1.tools.craftinterface : not matches
LogFile.java : com.adventnet.tl1.tools.craftinterface : not matches
Monitor.java : com.adventnet.tl1.tools.craftinterface : not matches
OpenSessionDialog.java : com.adventnet.tl1.tools.craftinterface : matches
OptionsWindow.java : com.adventnet.tl1.tools.craftinterface : not matches
RHPanel.java : com.adventnet.tl1.tools.craftinterface : not matches
SessionLogViewer.java : com.adventnet.tl1.tools.craftinterface : matches
SessionManager.java : com.adventnet.tl1.tools.craftinterface : matches
SessionsPropertiesDialog.java : com.adventnet.tl1.tools.craftinterface : not matches
TL1AppletClientImpl.java : com.adventnet.tl1.tools.craftinterface : matches
TL1AppletClientReceiverImpl.java : com.adventnet.tl1.tools.craftinterface : matches
TL1AppletClientReceiver.java : com.adventnet.tl1.tools.craftinterface : not matches
TL1AppletServerImpl.java : com.adventnet.tl1.tools.craftinterface : not matches
TL1AppletServer.java : com.adventnet.tl1.tools.craftinterface : not matches
TL1AppletSessionManagerImpl.java : com.adventnet.tl1.tools.craftinterface : matches
TL1AppletSessionManager.java : com.adventnet.tl1.tools.craftinterface : not matches
TL1AppletWrapper.java : com.adventnet.tl1.tools.craftinterface : not matches
TL1ClientImpl.java : com.adventnet.tl1.tools.craftinterface : matches
WordListPanel.java : com.adventnet.tl1.tools.craftinterface : not matches
TL1AppletSessionManagerImpl_Stub.java : com.adventnet.tl1.tools.craftinterface : not matches
TL1AppletSessionManagerImpl_Skel.java : com.adventnet.tl1.tools.craftinterface : not matches
TL1AppletServerImpl_Stub.java : com.adventnet.tl1.tools.craftinterface : not matches
TL1AppletServerImpl_Skel.java : com.adventnet.tl1.tools.craftinterface : not matches
TL1AppletClientReceiverImpl_Stub.java : com.adventnet.tl1.tools.craftinterface : not matches
TL1AppletClientReceiverImpl_Skel.java : com.adventnet.tl1.tools.craftinterface : not matches
AppletCIConnection.java : com.adventnet.tl1.tools.craftinterface : matches
ApplicationCIConnection.java : com.adventnet.tl1.tools.craftinterface : matches
CIClientImpl.java : com.adventnet.tl1.tools.craftinterface : matches
CraftInterfaceClient.java : com.adventnet.tl1.tools.craftinterface : matches
CraftInterfaceConnection.java : com.adventnet.tl1.tools.craftinterface : matches
ToolsRebrander.java : com.adventnet.tl1.tools : not matches
CILauncherCustomizer.java : com.adventnet.tl1.launcher : not matches
LauncherCustomizer.java : com.adventnet.tl1.launcher : not matches
MBLauncherCustomizer.java : com.adventnet.tl1.launcher : not matches
TL1ServerLauncherCustomizer.java : com.adventnet.tl1.launcher : not matches
TL1Server.java : com.adventnet.tl1.server : not matches
