AbstractDataHandler.java : com.adventnet.utilities.data : not matches
ByteVector.java : com.adventnet.utilities.data : not matches
ContextInfo.java : com.adventnet.utilities.data : not matches
Data.java : com.adventnet.utilities.data : not matches
DataHandler.java : com.adventnet.utilities.data : not matches
DataHandlerException.java : com.adventnet.utilities.data : not matches
ArchiveUtils.java : com.adventnet.utilities.file : not matches
FileUtils.java : com.adventnet.utilities.file : not matches
XMLIndenter.java : com.adventnet.utilities.xml.indenter : not matches
JaxpUtils.java : com.adventnet.utilities.xml.dom : not matches
XMLDataReader.java : com.adventnet.utilities.xml.dom : not matches
XMLDataWriter.java : com.adventnet.utilities.xml.dom : not matches
XMLEscapeInserter.java : com.adventnet.utilities.xml.dom : not matches
XMLNode.java : com.adventnet.utilities.xml.dom : not matches
XMLReader.java : com.adventnet.utilities.xml.dom : not matches
XMLUtils.java : com.adventnet.utilities.xml.dom : not matches
XMLWriter.java : com.adventnet.utilities.xml.dom : not matches
CaseInsensitiveHashtable.java : com.adventnet.utilities.xml.sax : not matches
EXMLAttributes.java : com.adventnet.utilities.xml.sax : not matches
EXMLDefaultHandler.java : com.adventnet.utilities.xml.sax : not matches
EXMLException.java : com.adventnet.utilities.xml.sax : not matches
EXMLParser.java : com.adventnet.utilities.xml.sax : not matches
EXMLPropertyNotFoundException.java : com.adventnet.utilities.xml.sax : not matches
EXMLWriter.java : com.adventnet.utilities.xml.sax : not matches
ErrorHandlerImpl.java : com.adventnet.utilities.xml.sax : not matches
TagsInterface.java : com.adventnet.utilities.xml.sax : not matches
ValueObject.java : com.adventnet.utilities.xml.sax : not matches
Level.java : com.adventnet.utilities.logging : not matches
Log.java : com.adventnet.utilities.logging : not matches
LogFactory.java : com.adventnet.utilities.logging : not matches
HTTPDownload.java : com.adventnet.utilities.http : not matches
FileClassLoader.java : com.adventnet.utilities.javaloader : not matches
MultiClassLoader.java : com.adventnet.utilities.javaloader : not matches
AgentException.java : com.adventnet.utilities.common : not matches
CommonUtils.java : com.adventnet.utilities.common : not matches
Encrypter.java : com.adventnet.utilities.common : not matches
ExecCommand.java : com.adventnet.utilities.common : not matches
ParseOptions.java : com.adventnet.utilities.common : not matches
UpdateListener.java : com.adventnet.utilities.common : not matches
JDBCHandler.java : com.adventnet.utilities.db : not matches
MD5Encryption.java : com.adventnet.utilities.encryption : not matches
StreamListener.java : com.adventnet.utilities.io : not matches
StreamReader.java : com.adventnet.utilities.io : not matches
OSDescriptor.java : com.adventnet.utilities.os : not matches
RunCmd.java : com.adventnet.utilities.os : not matches
SystemUtils.java : com.adventnet.utilities.os : not matches
Scheduler.java : com.adventnet.utilities.scheduler : not matches
WorkerThread.java : com.adventnet.utilities.scheduler : not matches
LogMessageEvent.java : com.adventnet.utilities.logmonitor : not matches
LogMessageListener.java : com.adventnet.utilities.logmonitor : not matches
LogMonitor.java : com.adventnet.utilities.logmonitor : not matches
LogScheduler.java : com.adventnet.utilities.logmonitor : not matches
VolatilityScheduler.java : com.adventnet.utilities.logmonitor : not matches
Sorter.java : com.adventnet.utilities.sort : not matches
StrUtil.java : com.adventnet.utilities.stringutils : not matches
Introspector.java : com.adventnet.utilities.introspector : not matches
