CLIClient.java : com.adventnet.cli.rmi : not matches
CLIFactory.java : com.adventnet.cli.rmi : not matches
CLIFactoryImpl.java : com.adventnet.cli.rmi : not matches
CLIFactoryImpl_Skel.java : com.adventnet.cli.rmi : not matches
CLIFactoryImpl_Stub.java : com.adventnet.cli.rmi : not matches
CLIResourceManager.java : com.adventnet.cli.rmi : not matches
CLIResourceManagerImpl.java : com.adventnet.cli.rmi : not matches
CLIResourceManagerImpl_Skel.java : com.adventnet.cli.rmi : not matches
CLIResourceManagerImpl_Stub.java : com.adventnet.cli.rmi : not matches
CLISession.java : com.adventnet.cli.rmi : not matches
CLISessionImpl.java : com.adventnet.cli.rmi : not matches
CLISessionImpl_Skel.java : com.adventnet.cli.rmi : not matches
CLISessionImpl_Stub.java : com.adventnet.cli.rmi : not matches
ConnectionListener.java : com.adventnet.cli.rmi : not matches
TelnetProtocolOptionsImpl.java : com.adventnet.cli.transport : not matches
CLIProtocolOptions.java : com.adventnet.cli.transport : not matches
SshTransportProviderInterface.java : com.adventnet.cli.transport.ssh : not matches
SshProtocolOptionsImpl.java : com.adventnet.cli.transport.ssh : not matches
CLICommandTemplate.java : com.adventnet.cli.messageset : not matches
CLIDataInstance.java : com.adventnet.cli.messageset : not matches
CmdHelp.java : com.adventnet.cli.messageset : not matches
CmdObject.java : com.adventnet.cli.messageset : not matches
CmdOptions.java : com.adventnet.cli.messageset : not matches
CmdParams.java : com.adventnet.cli.messageset : not matches
CmdSetWriter.java : com.adventnet.cli.messageset : not matches
CommandSet.java : com.adventnet.cli.messageset : not matches
DataSet.java : com.adventnet.cli.messageset : not matches
DataSetWriter.java : com.adventnet.cli.messageset : not matches
InvalidCommandException.java : com.adventnet.cli.messageset : not matches
LongOpts.java : com.adventnet.cli.messageset : not matches
LongOptsArgs.java : com.adventnet.cli.messageset : not matches
SimpleOpts.java : com.adventnet.cli.messageset : not matches
SimpleOptsArgs.java : com.adventnet.cli.messageset : not matches
CLIMessage.java : com.adventnet.cli : matches
SshAuthDialog.java : com.adventnet.cli.ssh.sshwindow : not matches
SshInterfaceRMIImpl.java : com.adventnet.cli.ssh.sshwindow : not matches
SshProxyClientAPIImpl.java : com.adventnet.cli.ssh.sshwindow : not matches
SshProxyClientAPIImpl_Skel.java : com.adventnet.cli.ssh.sshwindow : not matches
SshProxyClientAPIImpl_Stub.java : com.adventnet.cli.ssh.sshwindow : not matches
SshRequestHandler.java : com.adventnet.cli.ssh.sshwindow : not matches
TelnetApplet.java : com.adventnet.telnet.telnetwindow : not matches
TelnetClient.java : com.adventnet.telnet.telnetwindow : not matches
TelnetFrame.java : com.adventnet.telnet.telnetwindow : not matches
TelnetInterface.java : com.adventnet.telnet.telnetwindow : not matches
TelnetInterfaceDirectImpl.java : com.adventnet.telnet.telnetwindow : not matches
TelnetInterfaceRMIImpl.java : com.adventnet.telnet.telnetwindow : not matches
TelnetProxyClientAPI.java : com.adventnet.telnet.telnetwindow : not matches
TelnetProxyClientAPIImpl.java : com.adventnet.telnet.telnetwindow : not matches
TelnetProxyClientAPIImpl_Skel.java : com.adventnet.telnet.telnetwindow : not matches
TelnetProxyClientAPIImpl_Stub.java : com.adventnet.telnet.telnetwindow : not matches
TelnetRequestHandler.java : com.adventnet.telnet.telnetwindow : not matches
Vt.java : com.adventnet.telnet.telnetwindow : not matches
ParseException.java : com.adventnet.util.parser : not matches
Parser.java : com.adventnet.util.parser : not matches
ParserAPI.java : com.adventnet.util.parser : not matches
ParserInterface.java : com.adventnet.util.parser : not matches
RulesXmlParser.java : com.adventnet.util.parser : not matches
GenericParser.java : com.adventnet.util.parser.generic : not matches
MessageParser.java : com.adventnet.util.parser.generic : not matches
LineParser.java : com.adventnet.util.parser.line : not matches
RegExScalarParser.java : com.adventnet.util.parser.regex.scalar : not matches
RegExScalarXMLParser.java : com.adventnet.util.parser.regex.scalar : not matches
ScalarObject.java : com.adventnet.util.parser.regex.scalar : not matches
ScalarRegEx.java : com.adventnet.util.parser.regex.scalar : not matches
ParserResponseObject.java : com.adventnet.util.parser.regex : not matches
RegExParserException.java : com.adventnet.util.parser.regex : not matches
ColumnObject.java : com.adventnet.util.parser.regex : not matches
ParameterObject.java : com.adventnet.util.parser.regex : not matches
RegExTableParser.java : com.adventnet.util.parser.regex.table : not matches
RegExTableXMLParser.java : com.adventnet.util.parser.regex.table : not matches
TableObject.java : com.adventnet.util.parser.regex.table : not matches
TableRegEx.java : com.adventnet.util.parser.regex.table : not matches
RuleObject.java : com.adventnet.util.parser : not matches
TcpTelnetFrame.java : com.adventnet.telnet.telnetwindow : not matches
TcpVt.java : com.adventnet.telnet.telnetwindow : not matches
