LedPanel.java : com.adventnet.beans : not matches
CLIBrowser.java : com.adventnet.cli.beans : not matches
FontChooser.java : com.adventnet.cli.beans : not matches
NodeIconRenderer.java : com.adventnet.cli.beans : not matches
CLIMutableTreeNode.java : com.adventnet.cli.beans.tree : not matches
CLITree.java : com.adventnet.cli.beans.tree : not matches
CallBackThread.java : com.adventnet.cli : matches
CLIAsynchSendThread.java : com.adventnet.cli : matches
CLIClient.java : com.adventnet.cli : not matches
CLIMessage.java : com.adventnet.cli : matches
CLIResourceManager.java : com.adventnet.cli : matches
CLISession.java : com.adventnet.cli : matches
CLITransportElement.java : com.adventnet.cli : not matches
CLITransportGroup.java : com.adventnet.cli : matches
CLITransportPool.java : com.adventnet.cli : matches
ConfigAPI.java : com.adventnet.cli.config : not matches
ConfigException.java : com.adventnet.cli.config : not matches
ConfigObject.java : com.adventnet.cli.config : not matches
ConfigXmlParser.java : com.adventnet.cli.config : not matches
ConfigXmlWriter.java : com.adventnet.cli.config : not matches
DataException.java : com.adventnet.cli.config : not matches
DataInterface.java : com.adventnet.cli.config : not matches
ExecutionException.java : com.adventnet.cli.config : not matches
ExecutionInterface.java : com.adventnet.cli.config : not matches
ExecutionInterfaceImpl.java : com.adventnet.cli.config : not matches
AccessList.java : com.adventnet.cli.config.ios : not matches
AddTaskDialog.java : com.adventnet.cli.config.ios : not matches
ConnectDialog.java : com.adventnet.cli.config.ios : not matches
GeneralConfigUI.java : com.adventnet.cli.config.ios : not matches
InterfaceConfigUI.java : com.adventnet.cli.config.ios : not matches
LoadConfigFilesDialog.java : com.adventnet.cli.config.ios : not matches
MainUI.java : com.adventnet.cli.config.ios : not matches
NetworkAddrTranslation.java : com.adventnet.cli.config.ios : not matches
PasswordDialog.java : com.adventnet.cli.config.ios : not matches
PromptActionTableDialog.java : com.adventnet.cli.config.ios : not matches
SecondaryNSDialog.java : com.adventnet.cli.config.ios : not matches
ShowTree.java : com.adventnet.cli.config.ios : not matches
TaskDataDialog.java : com.adventnet.cli.config.ios : not matches
LoginInterface.java : com.adventnet.cli.config : not matches
LoginInterfaceImpl.java : com.adventnet.cli.config : not matches
LoginLevel.java : com.adventnet.cli.config : not matches
Task.java : com.adventnet.cli.config : not matches
TaskData.java : com.adventnet.cli.config : not matches
ConnectionHandler.java : com.adventnet.cli : matches
ConnectionListener.java : com.adventnet.cli : matches
MaxConnectionException.java : com.adventnet.cli : not matches
CLICommandTemplate.java : com.adventnet.cli.messageset : not matches
CLIDataInstance.java : com.adventnet.cli.messageset : not matches
CmdHelp.java : com.adventnet.cli.messageset : not matches
CmdObject.java : com.adventnet.cli.messageset : not matches
CmdOptions.java : com.adventnet.cli.messageset : not matches
CmdParams.java : com.adventnet.cli.messageset : not matches
CmdSetWriter.java : com.adventnet.cli.messageset : not matches
CommandSet.java : com.adventnet.cli.messageset : not matches
DataSet.java : com.adventnet.cli.messageset : not matches
DataSetWriter.java : com.adventnet.cli.messageset : not matches
InvalidCommandException.java : com.adventnet.cli.messageset : not matches
LongOpts.java : com.adventnet.cli.messageset : not matches
LongOptsArgs.java : com.adventnet.cli.messageset : not matches
SimpleOpts.java : com.adventnet.cli.messageset : not matches
SimpleOptsArgs.java : com.adventnet.cli.messageset : not matches
CLIClient.java : com.adventnet.cli.rmi : not matches
CLIFactory.java : com.adventnet.cli.rmi : not matches
CLIFactoryImpl.java : com.adventnet.cli.rmi : not matches
CLIFactoryImpl_Skel.java : com.adventnet.cli.rmi : not matches
CLIFactoryImpl_Stub.java : com.adventnet.cli.rmi : not matches
CLIResourceManager.java : com.adventnet.cli.rmi : not matches
CLIResourceManagerImpl.java : com.adventnet.cli.rmi : not matches
CLIResourceManagerImpl_Skel.java : com.adventnet.cli.rmi : not matches
CLIResourceManagerImpl_Stub.java : com.adventnet.cli.rmi : not matches
CLISession.java : com.adventnet.cli.rmi : not matches
CLISessionImpl.java : com.adventnet.cli.rmi : not matches
CLISessionImpl_Skel.java : com.adventnet.cli.rmi : not matches
CLISessionImpl_Stub.java : com.adventnet.cli.rmi : not matches
ConnectionListener.java : com.adventnet.cli.rmi : not matches
SerialCommOptionsImpl.java : com.adventnet.cli.serial : not matches
SerialCommProviderImpl.java : com.adventnet.cli.serial : not matches
SerialCommSession.java : com.adventnet.cli.serial : not matches
SshException.java : com.adventnet.cli.ssh : not matches
SshHostKeyVerification.java : com.adventnet.cli.ssh.sshv2 : not matches
TransportProtocolClientExt.java : com.adventnet.cli.ssh.sshv2 : not matches
SshAuthDialog.java : com.adventnet.cli.ssh.sshwindow : not matches
SshInterfaceRMIImpl.java : com.adventnet.cli.ssh.sshwindow : not matches
SshProxyClientAPIImpl.java : com.adventnet.cli.ssh.sshwindow : not matches
SshProxyClientAPIImpl_Skel.java : com.adventnet.cli.ssh.sshwindow : not matches
SshProxyClientAPIImpl_Stub.java : com.adventnet.cli.ssh.sshwindow : not matches
SshRequestHandler.java : com.adventnet.cli.ssh.sshwindow : not matches
TerminalException.java : com.adventnet.cli.terminal : not matches
TerminalIOHandler.java : com.adventnet.cli.terminal : not matches
Transformation.java : com.adventnet.cli.terminal : not matches
TransformationHandler.java : com.adventnet.cli.terminal : not matches
TransformationHandlerImpl.java : com.adventnet.cli.terminal : not matches
TransformationTableReader.java : com.adventnet.cli.terminal : not matches
TranslationHandler.java : com.adventnet.cli.terminal : not matches
TranslationHandlerImpl.java : com.adventnet.cli.terminal : not matches
TranslationTableReader.java : com.adventnet.cli.terminal : not matches
CLIProtocolOptions.java : com.adventnet.cli.transport : not matches
CLITransportProvider.java : com.adventnet.cli.transport : not matches
ConnectException.java : com.adventnet.cli.transport : not matches
LoginException.java : com.adventnet.cli.transport : not matches
SshProtocolOptionsImpl.java : com.adventnet.cli.transport.ssh : not matches
SshTransportProviderImpl.java : com.adventnet.cli.transport.ssh : not matches
SshTransportProviderInterface.java : com.adventnet.cli.transport.ssh : not matches
SshJtaProviderImpl.java : com.adventnet.cli.transport.ssh.sshv1 : not matches
SshToolsProviderImpl.java : com.adventnet.cli.transport.ssh.sshv2 : not matches
TelnetProtocolOptionsImpl.java : com.adventnet.cli.transport : not matches
TelnetTransportImpl.java : com.adventnet.cli.transport : not matches
CLILogMgr.java : com.adventnet.cli.util : not matches
Browser.java : com.adventnet.ems.utils : not matches
CustomFileFilter.java : com.adventnet.ems.utils : not matches
PrintMessage.java : com.adventnet.nms.startnms : not matches
TelnetSession.java : com.adventnet.telnet : not matches
TcpTelnetFrame.java : com.adventnet.telnet.telnetwindow : not matches
TcpVt.java : com.adventnet.telnet.telnetwindow : not matches
TelnetApplet.java : com.adventnet.telnet.telnetwindow : not matches
TelnetClient.java : com.adventnet.telnet.telnetwindow : not matches
TelnetFrame.java : com.adventnet.telnet.telnetwindow : not matches
TelnetInterface.java : com.adventnet.telnet.telnetwindow : not matches
TelnetInterfaceDirectImpl.java : com.adventnet.telnet.telnetwindow : not matches
TelnetInterfaceRMIImpl.java : com.adventnet.telnet.telnetwindow : not matches
TelnetProxyClientAPI.java : com.adventnet.telnet.telnetwindow : not matches
TelnetProxyClientAPIImpl.java : com.adventnet.telnet.telnetwindow : not matches
TelnetProxyClientAPIImpl_Skel.java : com.adventnet.telnet.telnetwindow : not matches
TelnetProxyClientAPIImpl_Stub.java : com.adventnet.telnet.telnetwindow : not matches
TelnetRequestHandler.java : com.adventnet.telnet.telnetwindow : not matches
Vt.java : com.adventnet.telnet.telnetwindow : not matches
Delimiter.java : com.adventnet.util.parser.generic : not matches
GenericParser.java : com.adventnet.util.parser.generic : not matches
Match.java : com.adventnet.util.parser.generic : not matches
MessageParser.java : com.adventnet.util.parser.generic : not matches
Parameter.java : com.adventnet.util.parser.generic : not matches
ParsedInfo.java : com.adventnet.util.parser.generic : not matches
Pattern.java : com.adventnet.util.parser.generic : not matches
TokenInfo.java : com.adventnet.util.parser.generic : not matches
XmlParser.java : com.adventnet.util.parser.generic : not matches
LineParser.java : com.adventnet.util.parser.line : not matches
LineRule.java : com.adventnet.util.parser.line : not matches
LineRuleResponseParser.java : com.adventnet.util.parser.line : not matches
Param.java : com.adventnet.util.parser.line : not matches
ParsedResult.java : com.adventnet.util.parser.line : not matches
XMLLineRuleParser.java : com.adventnet.util.parser.line : not matches
ParseException.java : com.adventnet.util.parser : not matches
Parser.java : com.adventnet.util.parser : not matches
ParserAPI.java : com.adventnet.util.parser : not matches
ParserInterface.java : com.adventnet.util.parser : not matches
ColumnObject.java : com.adventnet.util.parser.regex : not matches
ParameterObject.java : com.adventnet.util.parser.regex : not matches
ParserResponseObject.java : com.adventnet.util.parser.regex : not matches
RegExParserException.java : com.adventnet.util.parser.regex : not matches
RegExScalarParser.java : com.adventnet.util.parser.regex.scalar : not matches
RegExScalarXMLParser.java : com.adventnet.util.parser.regex.scalar : not matches
ScalarObject.java : com.adventnet.util.parser.regex.scalar : not matches
ScalarRegEx.java : com.adventnet.util.parser.regex.scalar : not matches
RegExTableParser.java : com.adventnet.util.parser.regex.table : not matches
RegExTableXMLParser.java : com.adventnet.util.parser.regex.table : not matches
TableObject.java : com.adventnet.util.parser.regex.table : not matches
TableRegEx.java : com.adventnet.util.parser.regex.table : not matches
RuleObject.java : com.adventnet.util.parser : not matches
RulesXmlParser.java : com.adventnet.util.parser : not matches
BeanShellScriptRunnerImpl.java : com.adventnet.util.script : not matches
PythonScriptRunnerImpl.java : com.adventnet.util.script : not matches
RunScriptInterface.java : com.adventnet.util.script : not matches
ScriptHandler.java : com.adventnet.util.script : not matches
ScriptHandlerException.java : com.adventnet.util.script : not matches
CLIResourceBundle.java : com.adventnet.utils : not matches
CLIUtils.java : com.adventnet.utils : not matches
