SoundListener.java : de.mud.jta.event : not matches
AppletRequest.java : de.mud.jta.event : not matches
SocketRequest.java : de.mud.jta.event : not matches
ReturnFocusRequest.java : de.mud.jta.event : not matches
OnlineStatusListener.java : de.mud.jta.event : not matches
FocusStatusListener.java : de.mud.jta.event : not matches
ConfigurationRequest.java : de.mud.jta.event : not matches
AppletListener.java : de.mud.jta.event : not matches
SocketListener.java : de.mud.jta.event : not matches
ReturnFocusListener.java : de.mud.jta.event : not matches
ConfigurationListener.java : de.mud.jta.event : not matches
EndOfRecordListener.java : de.mud.jta.event : not matches
EndOfRecordRequest.java : de.mud.jta.event : not matches
FocusStatus.java : de.mud.jta.event : not matches
LocalEchoListener.java : de.mud.jta.event : not matches
LocalEchoRequest.java : de.mud.jta.event : not matches
OnlineStatus.java : de.mud.jta.event : not matches
SoundRequest.java : de.mud.jta.event : not matches
TelnetCommandListener.java : de.mud.jta.event : not matches
TelnetCommandRequest.java : de.mud.jta.event : not matches
TerminalTypeListener.java : de.mud.jta.event : not matches
TerminalTypeRequest.java : de.mud.jta.event : not matches
WindowSizeListener.java : de.mud.jta.event : not matches
WindowSizeRequest.java : de.mud.jta.event : not matches
ButtonBar.java : de.mud.jta.plugin : not matches
Capture.java : de.mud.jta.plugin : not matches
HandlerPTY.java : de.mud.jta.plugin : not matches
MudConnector.java : de.mud.jta.plugin : not matches
Script.java : de.mud.jta.plugin : not matches
Shell.java : de.mud.jta.plugin : not matches
Sink.java : de.mud.jta.plugin : not matches
Socket.java : de.mud.jta.plugin : not matches
SSH.java : de.mud.jta.plugin : not matches
Status.java : de.mud.jta.plugin : not matches
Telnet.java : de.mud.jta.plugin : not matches
Terminal.java : de.mud.jta.plugin : not matches
Timeout.java : de.mud.jta.plugin : not matches
URLFilter.java : de.mud.jta.plugin : not matches
Applet.java : de.mud.jta : not matches
Common.java : de.mud.jta : not matches
PluginLoader.java : de.mud.jta : not matches
PluginBus.java : de.mud.jta : not matches
Plugin.java : de.mud.jta : not matches
PluginListener.java : de.mud.jta : not matches
PluginMessage.java : de.mud.jta : not matches
VisualTransferPlugin.java : de.mud.jta : not matches
VisualPlugin.java : de.mud.jta : not matches
Help.java : de.mud.jta : not matches
FilterPlugin.java : de.mud.jta : not matches
Version.java : de.mud.jta : not matches
PluginConfig.java : de.mud.jta : not matches
Build.java : de.mud.jta : not matches
Main.java : de.mud.jta : not matches
SmallApplet.java : de.mud.jta : not matches
SshIO.java : de.mud.ssh : not matches
SshCrypto.java : de.mud.ssh : not matches
SshPacket.java : de.mud.ssh : not matches
SshPacket2.java : de.mud.ssh : not matches
SshPacket1.java : de.mud.ssh : not matches
Cipher.java : de.mud.ssh : not matches
SshMisc.java : de.mud.ssh : not matches
Blowfish.java : de.mud.ssh : not matches
DES.java : de.mud.ssh : not matches
DES3.java : de.mud.ssh : not matches
IDEA.java : de.mud.ssh : not matches
NONE.java : de.mud.ssh : not matches
SshWrapper.java : de.mud.ssh : not matches
SshWrapperExample.java : de.mud.ssh : not matches
TelnetProtocolHandler.java : de.mud.telnet : not matches
ScriptHandler.java : de.mud.telnet : not matches
TelnetWrapper.java : de.mud.telnet : not matches
SwingTerminal.java : de.mud.terminal : not matches
VDUDisplay.java : de.mud.terminal : not matches
vt320.java : de.mud.terminal : not matches
VDUBuffer.java : de.mud.terminal : not matches
VDUInput.java : de.mud.terminal : not matches
SoftFont.java : de.mud.terminal : not matches
