CLIEvent.java : com.adventnet.management.cli : not matches
CLIEventFilter.java : com.adventnet.management.cli : not matches
CLIProperty.java : com.adventnet.management.cli : not matches
CLIProtocolProvider.java : com.adventnet.management.cli : not matches
ClientEvent.java : com.adventnet.management.client : not matches
ClientProperty.java : com.adventnet.management.client : not matches
ManagementClient.java : com.adventnet.management.client : not matches
MCServerConnectionListener.java : com.adventnet.management.client : not matches
MCServerException.java : com.adventnet.management.client : not matches
ErrorResult.java : com.adventnet.management.client.xml : not matches
McRequestArgs.java : com.adventnet.management.client.xml : not matches
MCResponseHandler.java : com.adventnet.management.client.xml : not matches
MCTableResult.java : com.adventnet.management.client.xml : not matches
McUtils.java : com.adventnet.management.client.xml : not matches
MCXmlProcessor.java : com.adventnet.management.client.xml : not matches
CombinedProperty.java : com.adventnet.management : not matches
AttributeAudit.java : com.adventnet.management.config : not matches
AttributeConstants.java : com.adventnet.management.config : not matches
AttributeEvent.java : com.adventnet.management.config : not matches
AuthenticationModel.java : com.adventnet.management.config : not matches
AuthorizationInterface.java : com.adventnet.management.config : not matches
CombinedConfigProvider.java : com.adventnet.management.config : not matches
CommonConfigToRelational.java : com.adventnet.management.config : not matches
CommonRequestHandler.java : com.adventnet.management.config : not matches
CommonUtil.java : com.adventnet.management.config : not matches
ConfigAPIFactory.java : com.adventnet.management.config : not matches
ConfigAPIFactoryImpl.java : com.adventnet.management.config : not matches
ConfigAPIFactoryImpl_Stub.java : com.adventnet.management.config : not matches
ConfigAuditAPI.java : com.adventnet.management.config : not matches
ConfigAuthorizationException.java : com.adventnet.management.config : not matches
ConfigClient.java : com.adventnet.management.config : not matches
ConfigClientAPI.java : com.adventnet.management.config : not matches
ConfigConstants.java : com.adventnet.management.config : not matches
ConfigDBParamsParser.java : com.adventnet.management.config : not matches
ConfigException.java : com.adventnet.management.config : not matches
ConfigLogger.java : com.adventnet.management.config : not matches
ConfigMessage.java : com.adventnet.management.config : not matches
ConfigParseException.java : com.adventnet.management.config : not matches
ConfigPDU.java : com.adventnet.management.config : not matches
ConfigPersistenceAPI.java : com.adventnet.management.config : not matches
ConfigProtocolProvider.java : com.adventnet.management.config : not matches
ConfigProvider.java : com.adventnet.management.config : not matches
ConfigRelationalAPI.java : com.adventnet.management.config : not matches
ConfigResultEvent.java : com.adventnet.management.config : not matches
ConfigResultListener.java : com.adventnet.management.config : not matches
ConfigSerializeAPI.java : com.adventnet.management.config : not matches
ConfigServer.java : com.adventnet.management.config : not matches
ConfigServerAPI.java : com.adventnet.management.config : not matches
ConfigServerClient.java : com.adventnet.management.config : not matches
ConfigServerClientImpl.java : com.adventnet.management.config : not matches
ConfigServerSession.java : com.adventnet.management.config : not matches
ConfigSession.java : com.adventnet.management.config : not matches
ConfigSocketClient.java : com.adventnet.management.config : not matches
ConfigStoreException.java : com.adventnet.management.config : not matches
ConfigTaskEvent.java : com.adventnet.management.config : not matches
ConfigTaskListener.java : com.adventnet.management.config : not matches
ConfigTaskOverEvent.java : com.adventnet.management.config : not matches
ConfigUpdateMaintainer.java : com.adventnet.management.config : not matches
ConfigUpdater.java : com.adventnet.management.config : not matches
ConfigurationUpload.java : com.adventnet.management.config : not matches
ConfigUtil.java : com.adventnet.management.config : not matches
CorbaAttributeEvent.java : com.adventnet.management.config.corba : not matches
CorbaConfigProvider.java : com.adventnet.management.config.corba : not matches
CorbaConfigResultListener.java : com.adventnet.management.config.corba : not matches
CorbaDevice.java : com.adventnet.management.config.corba : not matches
DataSourceGenerator.java : com.adventnet.management.config : not matches
DefaultConfigClientImpl.java : com.adventnet.management.config : not matches
DefaultGenericSession.java : com.adventnet.management.config : not matches
DeviceAudit.java : com.adventnet.management.config : not matches
DeviceAuditAPI.java : com.adventnet.management.config : not matches
DeviceAuditAPIImpl.java : com.adventnet.management.config : not matches
DeviceAuditAPIImpl_Stub.java : com.adventnet.management.config : not matches
DeviceConfigurationAPI.java : com.adventnet.management.config : not matches
DeviceConfigurationAPIImpl.java : com.adventnet.management.config : not matches
DeviceConfigurationAPIImpl_Stub.java : com.adventnet.management.config : not matches
DeviceTaskMap.java : com.adventnet.management.config : not matches
DeviceUpdateEvent.java : com.adventnet.management.config : not matches
FTPAttribute.java : com.adventnet.management.config.ftp : not matches
FTPAttributeConstants.java : com.adventnet.management.config.ftp : not matches
FTPAttributeEvent.java : com.adventnet.management.config.ftp : not matches
FTPConfigProvider.java : com.adventnet.management.config.ftp : not matches
FTPDevice.java : com.adventnet.management.config.ftp : not matches
GenericConfigSession.java : com.adventnet.management.config : not matches
I18NUtil.java : com.adventnet.management.config : not matches
InvalidTaskException.java : com.adventnet.management.config : not matches
InventoryHandler.java : com.adventnet.management.config : not matches
NetconfAttribute.java : com.adventnet.management.config.netconf : not matches
NetconfAttributeConstants.java : com.adventnet.management.config.netconf : not matches
NetconfAttributeEvent.java : com.adventnet.management.config.netconf : not matches
NetconfConfigProvider.java : com.adventnet.management.config.netconf : not matches
NetconfDevice.java : com.adventnet.management.config.netconf : not matches
NmsConfigConstants.java : com.adventnet.management.config : not matches
PopulateParams.java : com.adventnet.management.config : not matches
ProtocolProviderException.java : com.adventnet.management.config : not matches
RelationalAudit.java : com.adventnet.management.config : not matches
RelationalAuditAPI.java : com.adventnet.management.config : not matches
RequestHandler.java : com.adventnet.management.config : not matches
ResultNotifier.java : com.adventnet.management.config : not matches
RMIResultNotifier.java : com.adventnet.management.config : not matches
SerializeAuditAPI.java : com.adventnet.management.config : not matches
SessionMaintainer.java : com.adventnet.management.config : not matches
SetConfigValue.java : com.adventnet.management.config.snmp : not matches
SnmpAttribute.java : com.adventnet.management.config.snmp : not matches
SnmpAttributeConstants.java : com.adventnet.management.config.snmp : not matches
SnmpAttributeEvent.java : com.adventnet.management.config.snmp : not matches
SnmpConfigProvider.java : com.adventnet.management.config.snmp : not matches
SnmpDevice.java : com.adventnet.management.config.snmp : not matches
SnmpTaskGenerator.java : com.adventnet.management.config.snmp : not matches
TaskAudit.java : com.adventnet.management.config : not matches
TaskExistsException.java : com.adventnet.management.config : not matches
TaskGenerator.java : com.adventnet.management.config : not matches
TaskManipulationInterface.java : com.adventnet.management.config : not matches
TaskNotFoundException.java : com.adventnet.management.config : not matches
TelnetAttribute.java : com.adventnet.management.config.telnet : not matches
TelnetAttributeConstants.java : com.adventnet.management.config.telnet : not matches
TelnetAttributeEvent.java : com.adventnet.management.config.telnet : not matches
TelnetConfigProvider.java : com.adventnet.management.config.telnet : not matches
TelnetDevice.java : com.adventnet.management.config.telnet : not matches
TftpAttribute.java : com.adventnet.management.config.tftp : not matches
TftpAttributeConstants.java : com.adventnet.management.config.tftp : not matches
TftpAttributeEvent.java : com.adventnet.management.config.tftp : not matches
TftpConfigProvider.java : com.adventnet.management.config.tftp : not matches
TL1Attribute.java : com.adventnet.management.config.tl1 : not matches
TL1AttributeConstants.java : com.adventnet.management.config.tl1 : not matches
TL1AttributeEvent.java : com.adventnet.management.config.tl1 : not matches
TL1ConfigProvider.java : com.adventnet.management.config.tl1 : not matches
Attribute.java : com.adventnet.management.config.xml : not matches
AttributeResult.java : com.adventnet.management.config.xml : not matches
BaseElement.java : com.adventnet.management.config.xml : not matches
BaseNode.java : com.adventnet.management.config.xml : not matches
ColumnAttribute.java : com.adventnet.management.config.xml : not matches
ConfigResult.java : com.adventnet.management.config.xml : not matches
ConfigTask.java : com.adventnet.management.config.xml : not matches
DataSource.java : com.adventnet.management.config.xml : not matches
Device.java : com.adventnet.management.config.xml : not matches
DeviceList.java : com.adventnet.management.config.xml : not matches
DeviceResult.java : com.adventnet.management.config.xml : not matches
DeviceTaskMap.java : com.adventnet.management.config.xml : not matches
Enum.java : com.adventnet.management.config.xml : not matches
GroupAttribute.java : com.adventnet.management.config.xml : not matches
GroupResult.java : com.adventnet.management.config.xml : not matches
InvalidTemplateException.java : com.adventnet.management.config.xml : not matches
InventoryInput.java : com.adventnet.management.config.xml : not matches
NEInput.java : com.adventnet.management.config.xml : not matches
ProtocolMap.java : com.adventnet.management.config.xml : not matches
Qualifier.java : com.adventnet.management.config.xml : not matches
SAP.java : com.adventnet.management.config.xml : not matches
UserAttribute.java : com.adventnet.management.config.xml : not matches
UserInput.java : com.adventnet.management.config.xml : not matches
CorbaProperty.java : com.adventnet.management.corba : not matches
CorbaProtocolProvider.java : com.adventnet.management.corba : not matches
XMLToObject.java : com.adventnet.management.corba : not matches
DBProperty.java : com.adventnet.management.database : not matches
DBProtocolProvider.java : com.adventnet.management.database : not matches
DeviceConnectionListener.java : com.adventnet.management : not matches
Event.java : com.adventnet.management : not matches
ExceptionListener.java : com.adventnet.management : not matches
Filter.java : com.adventnet.management : not matches
FTPProperty.java : com.adventnet.management.ftp : not matches
FTPProtocolProvider.java : com.adventnet.management.ftp : not matches
ManagedObjectApiHandler.java : com.adventnet.management.managedobject : not matches
ManagedObjectApiHandler_Stub.java : com.adventnet.management.managedobject : not matches
ManagedObjectApiHandlerIfc.java : com.adventnet.management.managedobject : not matches
ManagedObjectEvent.java : com.adventnet.management.managedobject : not matches
ManagedObjectEventFilter.java : com.adventnet.management.managedobject : not matches
ManagedObjectPDU.java : com.adventnet.management.managedobject : not matches
ManagedObjectProperty.java : com.adventnet.management.managedobject : not matches
ManagedObjectPropertyWrapper.java : com.adventnet.management.managedobject : not matches
ManagedObjectProtocolProvider.java : com.adventnet.management.managedobject : not matches
ManagedObjectTopoObserverImpl.java : com.adventnet.management.managedobject : not matches
ManagedObjectTopoObserverImpl_Stub.java : com.adventnet.management.managedobject : not matches
MethodWrapper.java : com.adventnet.management.managedobject : not matches
MOObserver.java : com.adventnet.management.managedobject : not matches
MOObserverImpl.java : com.adventnet.management.managedobject : not matches
MOObserverImpl_Stub.java : com.adventnet.management.managedobject : not matches
ManagementServer.java : com.adventnet.management : not matches
ManagementServerBeanInfo.java : com.adventnet.management : not matches
ManagementServerResultEvent.java : com.adventnet.management : not matches
ManagementServerService.java : com.adventnet.management : not matches
ManagementServerUtil.java : com.adventnet.management : not matches
ManagementServices.java : com.adventnet.management : not matches
ManagementServicesAPI.java : com.adventnet.management : not matches
MSCallbackListener.java : com.adventnet.management : not matches
MSConnectionListener.java : com.adventnet.management : not matches
MSEventFilter.java : com.adventnet.management : not matches
MSEventListener.java : com.adventnet.management : not matches
MSEventServer.java : com.adventnet.management : not matches
MSNotification.java : com.adventnet.management : not matches
MSNotifyListener.java : com.adventnet.management : not matches
MSPollCacheServer.java : com.adventnet.management : not matches
MSPollServer.java : com.adventnet.management : not matches
MSRequestResponseServer.java : com.adventnet.management : not matches
MSSessionHandler.java : com.adventnet.management : not matches
MainSessionRemoteInterface.java : com.adventnet.management.mstransport : not matches
MainSocketClient.java : com.adventnet.management.mstransport : not matches
MainSocketServer.java : com.adventnet.management.mstransport : not matches
MainSocketSession.java : com.adventnet.management.mstransport : not matches
ManagementServerSocketAPI.java : com.adventnet.management.mstransport : not matches
MsAppletStub.java : com.adventnet.management.mstransport : not matches
MsClientListener.java : com.adventnet.management.mstransport : not matches
MsPDU.java : com.adventnet.management.mstransport : not matches
MsServerListener.java : com.adventnet.management.mstransport : not matches
MsTpClient.java : com.adventnet.management.mstransport : not matches
MsTpServer.java : com.adventnet.management.mstransport : not matches
MsTransportUtils.java : com.adventnet.management.mstransport : not matches
Queue.java : com.adventnet.management.mstransport : not matches
RMIClientTransportImpl.java : com.adventnet.management.mstransport : not matches
RMIServerTransportImpl.java : com.adventnet.management.mstransport : not matches
RMISessionTransportImpl.java : com.adventnet.management.mstransport : not matches
SesssionRecvByteMap.java : com.adventnet.management.mstransport : not matches
SocketConnection.java : com.adventnet.management.mstransport : not matches
TcpClientTransportImpl.java : com.adventnet.management.mstransport : not matches
TcpServerTransportImpl.java : com.adventnet.management.mstransport : not matches
TimeoutScheduler.java : com.adventnet.management.mstransport : not matches
TransportUtil.java : com.adventnet.management.mstransport : not matches
TransportXMLReader.java : com.adventnet.management.mstransport : not matches
PollServer.java : com.adventnet.management : not matches
Property.java : com.adventnet.management : not matches
ProtocolListener.java : com.adventnet.management : not matches
ProtocolProvider.java : com.adventnet.management : not matches
ProviderParser.java : com.adventnet.management : not matches
ProviderProperty.java : com.adventnet.management : not matches
SnmpEvent.java : com.adventnet.management.snmp : not matches
SnmpEventFilter.java : com.adventnet.management.snmp : not matches
SnmpProperty.java : com.adventnet.management.snmp : not matches
SnmpPropertyBeanInfo.java : com.adventnet.management.snmp : not matches
SnmpProtocolProvider.java : com.adventnet.management.snmp : not matches
SnmpTrapFilter.java : com.adventnet.management.snmp : not matches
MsSnmpBaseColumnClass.java : com.adventnet.management.snmp.table : not matches
MsSnmpTableModel.java : com.adventnet.management.snmp.table : not matches
TelnetProperty.java : com.adventnet.management.telnet : not matches
TelnetProtocolProvider.java : com.adventnet.management.telnet : not matches
TftpProperty.java : com.adventnet.management.tftp : not matches
TftpProtocolProvider.java : com.adventnet.management.tftp : not matches
TL1AutonomousFilter.java : com.adventnet.management.tl1.parser : not matches
TL1AutonomousMessageParseUtility.java : com.adventnet.management.tl1.parser : not matches
TL1ParseUtility.java : com.adventnet.management.tl1.parser : not matches
TL1ResponseFilter.java : com.adventnet.management.tl1.parser : not matches
TL1ResponseMessageParseUtility.java : com.adventnet.management.tl1.parser : not matches
TL1TextBlockParseUtility.java : com.adventnet.management.tl1.parser : not matches
TL1DefaultFilter.java : com.adventnet.management.tl1 : not matches
TL1Event.java : com.adventnet.management.tl1 : not matches
TL1EventFilter.java : com.adventnet.management.tl1 : not matches
TL1Property.java : com.adventnet.management.tl1 : not matches
TL1ProtocolProvider.java : com.adventnet.management.tl1 : not matches
TransPortServer.java : com.adventnet.management : not matches
DataLinkList.java : com.adventnet.management.util : not matches
DateTime.java : com.adventnet.management.util : not matches
DumpConfig.java : com.adventnet.management.util : not matches
MiniHashtable.java : com.adventnet.management.util : not matches
MiniInteger.java : com.adventnet.management.util : not matches
MiniVector.java : com.adventnet.management.util : not matches
MSLogger.java : com.adventnet.management.util : not matches
Params.java : com.adventnet.management.util : not matches
ParseConfig.java : com.adventnet.management.util : not matches
ParseHolder.java : com.adventnet.management.util : not matches
QueueMonitor.java : com.adventnet.management.util : not matches
Scheduler.java : com.adventnet.management.util : not matches
ThreadSafeMethodInvoker.java : com.adventnet.management.util : not matches
TreeNode.java : com.adventnet.management.util : not matches
WorkerThread.java : com.adventnet.management.util : not matches
XmlParseConfig.java : com.adventnet.management.util : not matches
BaseXmlToPropertyConvertorImpl.java : com.adventnet.management.xml : not matches
ClientXmlParser.java : com.adventnet.management.xml : not matches
MsEvent.java : com.adventnet.management.xml : not matches
MsException.java : com.adventnet.management.xml : not matches
MSRequestHandler.java : com.adventnet.management.xml : not matches
MsResponse.java : com.adventnet.management.xml : not matches
MsResultArgs.java : com.adventnet.management.xml : not matches
MsServerMain.java : com.adventnet.management.xml : not matches
MsServerMainAppln.java : com.adventnet.management.xml : not matches
MsSession.java : com.adventnet.management.xml : not matches
MSTableResult.java : com.adventnet.management.xml : not matches
MsUtils.java : com.adventnet.management.xml : not matches
MSXmlProcessor.java : com.adventnet.management.xml : not matches
ProtocolPropertiesMap.java : com.adventnet.management.xml : not matches
Values.java : com.adventnet.management.xml : not matches
XmlParseUtil.java : com.adventnet.management.xml : not matches
XmlToPropertyConvertor.java : com.adventnet.management.xml : not matches
TASessionStore.java : com.adventnet.mediation.protocol.tl1 : not matches
