ClassSelector.java : com.adventnet.nms.tools.packager : matches
CreateXML.java : com.adventnet.nms.tools.packager : matches
DeviceInfo.java : com.adventnet.nms.tools.packager : matches
ErrorViewer.java : com.adventnet.nms.tools.packager : matches
Install.java : com.adventnet.nms.tools.packager : matches
InstallDetails.java : com.adventnet.nms.tools.packager : matches
IntegrationParameters.java : com.adventnet.nms.tools.packager : matches
JarClassesTable.java : com.adventnet.nms.tools.packager : matches
JarFileLoader.java : com.adventnet.nms.tools.packager : matches
JarTableModel.java : com.adventnet.nms.tools.packager : matches
MainInfo.java : com.adventnet.nms.tools.packager : matches
NameValueTableModel.java : com.adventnet.nms.tools.packager : matches
NarFileFilter.java : com.adventnet.nms.tools.packager : matches
PackageWizard.java : com.adventnet.nms.tools.packager : matches
Parameters.java : com.adventnet.nms.tools.packager : matches
ResourceInfo.java : com.adventnet.nms.tools.packager : matches
WizardPanel.java : com.adventnet.nms.tools.packager : matches
WizardPanelListener.java : com.adventnet.nms.tools.packager : matches
ZipTool.java : com.adventnet.nms.tools.packager : matches
NarPackagerUtils.java : com.adventnet.nms.tools.packager.utils : matches
