JmxUtilities.java : com.adventnet.jmx.utils : not matches
Sorter.java : com.adventnet.jmx.utils : not matches
DefaultClassLoader.java : com.adventnet.jmx : not matches
DefaultDynamicMBean.java : com.adventnet.jmx : not matches
DefaultLoaderRepositoryExt.java : com.adventnet.jmx : not matches
MBeanServerImpl.java : com.adventnet.jmx : not matches
NotificationHandler.java : com.adventnet.jmx : not matches
NotificationThread.java : com.adventnet.jmx : not matches
ObjectInputStreamSupport.java : com.adventnet.jmx : not matches
ExtendedTabularData.java : com.adventnet.utils.jmx : not matches
JmxParamOptions.java : com.adventnet.utils.jmx : not matches
JmxParseOptions.java : com.adventnet.utils.jmx : not matches
JmxTableModelListener.java : com.adventnet.utils.jmx : not matches
JmxXMLTranslator.java : com.adventnet.utils.jmx : not matches
ObjectArray.java : com.adventnet.utils.jmx : not matches
ObjectArrayWrapper.java : com.adventnet.utils.jmx : not matches
SortedTable.java : com.adventnet.utils.jmx : not matches
Utilities.java : com.adventnet.utils.jmx : not matches
XMLParseConfig.java : com.adventnet.utils.jmx : not matches
DynamicMBean.java : javax.management : not matches
NotificationBroadcaster.java : javax.management : not matches
NotificationListener.java : javax.management : not matches
NotificationFilter.java : javax.management : not matches
MBeanRegistration.java : javax.management : not matches
MBeanInfo.java : javax.management : not matches
MBeanAttributeInfo.java : javax.management : not matches
MBeanFeatureInfo.java : javax.management : not matches
MBeanConstructorInfo.java : javax.management : not matches
MBeanOperationInfo.java : javax.management : not matches
MBeanNotificationInfo.java : javax.management : not matches
AttributeNotFoundException.java : javax.management : not matches
OperationsException.java : javax.management : not matches
JMException.java : javax.management : not matches
MBeanException.java : javax.management : not matches
ReflectionException.java : javax.management : not matches
AttributeList.java : javax.management : not matches
Attribute.java : javax.management : not matches
InvalidAttributeValueException.java : javax.management : not matches
ListenerNotFoundException.java : javax.management : not matches
Notification.java : javax.management : not matches
MBeanServer.java : javax.management : not matches
ObjectName.java : javax.management : not matches
IntrospectionException.java : javax.management : not matches
MBeanParameterInfo.java : javax.management : not matches
InstanceNotFoundException.java : javax.management : not matches
ObjectInstance.java : javax.management : not matches
InstanceAlreadyExistsException.java : javax.management : not matches
MBeanRegistrationException.java : javax.management : not matches
NotCompliantMBeanException.java : javax.management : not matches
QueryExp.java : javax.management : not matches
MalformedObjectNameException.java : javax.management : not matches
BadStringOperationException.java : javax.management : not matches
BadBinaryOpValueExpException.java : javax.management : not matches
BadAttributeValueExpException.java : javax.management : not matches
InvalidApplicationException.java : javax.management : not matches
ValueExp.java : javax.management : not matches
DefaultLoaderRepository.java : javax.management.loading : not matches
MLet.java : javax.management.loading : not matches
MLetMBean.java : javax.management.loading : not matches
MLetParser.java : javax.management.loading : not matches
SimpleMLet.java : javax.management.loading : not matches
MLetObjectInputStream.java : javax.management.loading : not matches
MBeanServerDelegate.java : javax.management : not matches
MBeanServerDelegateMBean.java : javax.management : not matches
RuntimeMBeanException.java : javax.management : not matches
JMRuntimeException.java : javax.management : not matches
ServiceNotFoundException.java : javax.management : not matches
AttributeChangeNotification.java : javax.management : not matches
AttributeChangeNotificationFilter.java : javax.management : not matches
AttributeValueExp.java : javax.management : not matches
Descriptor.java : javax.management : not matches
RuntimeOperationsException.java : javax.management : not matches
DescriptorAccess.java : javax.management : not matches
MBeanServerFactory.java : javax.management : not matches
MBeanServerNotification.java : javax.management : not matches
NotificationBroadcasterSupport.java : javax.management : not matches
NotificationFilterSupport.java : javax.management : not matches
PersistentMBean.java : javax.management : not matches
Query.java : javax.management : not matches
StringValueExp.java : javax.management : not matches
QueryEval.java : javax.management : not matches
QueryExpSupport.java : javax.management : not matches
RuntimeErrorException.java : javax.management : not matches
DescriptorSupport.java : javax.management.modelmbean : not matches
XMLParseException.java : javax.management.modelmbean : not matches
InvalidTargetObjectTypeException.java : javax.management.modelmbean : not matches
ModelMBean.java : javax.management.modelmbean : not matches
ModelMBeanNotificationBroadcaster.java : javax.management.modelmbean : not matches
ModelMBeanInfo.java : javax.management.modelmbean : not matches
ModelMBeanAttributeInfo.java : javax.management.modelmbean : not matches
ModelMBeanOperationInfo.java : javax.management.modelmbean : not matches
ModelMBeanNotificationInfo.java : javax.management.modelmbean : not matches
ModelMBeanConstructorInfo.java : javax.management.modelmbean : not matches
ModelMBeanInfoSupport.java : javax.management.modelmbean : not matches
RequiredModelMBean.java : javax.management.modelmbean : not matches
CounterMonitor.java : javax.management.monitor : not matches
Monitor.java : javax.management.monitor : not matches
MonitorMBean.java : javax.management.monitor : not matches
CounterMonitorMBean.java : javax.management.monitor : not matches
GaugeMonitor.java : javax.management.monitor : not matches
GaugeMonitorMBean.java : javax.management.monitor : not matches
MonitorNotification.java : javax.management.monitor : not matches
MonitorSettingException.java : javax.management.monitor : not matches
StringMonitor.java : javax.management.monitor : not matches
StringMonitorMBean.java : javax.management.monitor : not matches
InvalidRelationIdException.java : javax.management.relation : not matches
RelationException.java : javax.management.relation : not matches
InvalidRelationServiceException.java : javax.management.relation : not matches
InvalidRelationTypeException.java : javax.management.relation : not matches
InvalidRoleInfoException.java : javax.management.relation : not matches
InvalidRoleValueException.java : javax.management.relation : not matches
MBeanServerNotificationFilter.java : javax.management.relation : not matches
Relation.java : javax.management.relation : not matches
RoleResult.java : javax.management.relation : not matches
RelationServiceNotRegisteredException.java : javax.management.relation : not matches
RoleNotFoundException.java : javax.management.relation : not matches
RelationTypeNotFoundException.java : javax.management.relation : not matches
RelationNotFoundException.java : javax.management.relation : not matches
RoleList.java : javax.management.relation : not matches
Role.java : javax.management.relation : not matches
RoleUnresolvedList.java : javax.management.relation : not matches
RoleUnresolved.java : javax.management.relation : not matches
RelationErrs.java : javax.management.relation : not matches
RelationNotification.java : javax.management.relation : not matches
RelationService.java : javax.management.relation : not matches
RelationServiceMBean.java : javax.management.relation : not matches
RelationType.java : javax.management.relation : not matches
RoleInfo.java : javax.management.relation : not matches
RoleInfoNotFoundException.java : javax.management.relation : not matches
RelationSupport.java : javax.management.relation : not matches
RelationSupportMBean.java : javax.management.relation : not matches
RelationTypeSupport.java : javax.management.relation : not matches
RoleStatus.java : javax.management.relation : not matches
Scheduler.java : javax.management.timer : not matches
Timer.java : javax.management.timer : not matches
TimerMBean.java : javax.management.timer : not matches
TimerNotification.java : javax.management.timer : not matches
WorkerThread.java : javax.management.timer : not matches
TabularData.java : javax.jmx.openmbean : not matches
TabularParameterInfo.java : javax.jmx.openmbean : not matches
CompositeParameterInfo.java : javax.jmx.openmbean : not matches
OpenMBeanParameterInfo.java : javax.jmx.openmbean : not matches
CompositeData.java : javax.jmx.openmbean : not matches
CompositeAttributeInfo.java : javax.jmx.openmbean : not matches
OpenMBeanAttributeInfo.java : javax.jmx.openmbean : not matches
ObjectArray.java : javax.jmx.openmbean : not matches
OpenMBeanConstructorInfo.java : javax.jmx.openmbean : not matches
OpenMBeanInfo.java : javax.jmx.openmbean : not matches
OpenMBeanOperationInfo.java : javax.jmx.openmbean : not matches
TabularAttributeInfo.java : javax.jmx.openmbean : not matches
